Using pre-set license
Built from '2022.3/staging' branch; Version is '2022.3.27f1 (73effa14754f) revision 7598074'; Using compiler version '192829333'; Build Type 'Release'
OS: 'Windows 11  (10.0.22631) 64bit CoreSingleLanguage' Language: 'en' Physical Memory: 15724 MB
BatchMode: 1, IsHumanControllingUs: 0, StartBugReporterOnCrash: 0, Is64bit: 1, IsPro: 1

COMMAND LINE ARGUMENTS:
C:\Program Files\Unity\Hub\Editor\2022.3.27f1\Editor\Unity.exe
-adb2
-batchMode
-noUpm
-name
AssetImportWorker16
-projectPath
E:/HK
-logFile
Logs/AssetImportWorker16.log
-srvPort
52407
Successfully changed project path to: E:/HK
E:/HK
[UnityMemory] Configuration Parameters - Can be set up in boot.config
    "memorysetup-bucket-allocator-granularity=16"
    "memorysetup-bucket-allocator-bucket-count=8"
    "memorysetup-bucket-allocator-block-size=33554432"
    "memorysetup-bucket-allocator-block-count=8"
    "memorysetup-main-allocator-block-size=16777216"
    "memorysetup-thread-allocator-block-size=16777216"
    "memorysetup-gfx-main-allocator-block-size=16777216"
    "memorysetup-gfx-thread-allocator-block-size=16777216"
    "memorysetup-cache-allocator-block-size=4194304"
    "memorysetup-typetree-allocator-block-size=2097152"
    "memorysetup-profiler-bucket-allocator-granularity=16"
    "memorysetup-profiler-bucket-allocator-bucket-count=8"
    "memorysetup-profiler-bucket-allocator-block-size=33554432"
    "memorysetup-profiler-bucket-allocator-block-count=8"
    "memorysetup-profiler-allocator-block-size=16777216"
    "memorysetup-profiler-editor-allocator-block-size=1048576"
    "memorysetup-temp-allocator-size-main=16777216"
    "memorysetup-job-temp-allocator-block-size=2097152"
    "memorysetup-job-temp-allocator-block-size-background=1048576"
    "memorysetup-job-temp-allocator-reduction-small-platforms=262144"
    "memorysetup-allocator-temp-initial-block-size-main=262144"
    "memorysetup-allocator-temp-initial-block-size-worker=262144"
    "memorysetup-temp-allocator-size-background-worker=32768"
    "memorysetup-temp-allocator-size-job-worker=262144"
    "memorysetup-temp-allocator-size-preload-manager=33554432"
    "memorysetup-temp-allocator-size-nav-mesh-worker=65536"
    "memorysetup-temp-allocator-size-audio-worker=65536"
    "memorysetup-temp-allocator-size-cloud-worker=32768"
    "memorysetup-temp-allocator-size-gi-baking-worker=262144"
    "memorysetup-temp-allocator-size-gfx=262144"
Player connection [16408] Host "[IP] 192.168.1.192 [Port] 0 [Flags] 2 [Guid] 688829105 [EditorId] 688829105 [Version] 1048832 [Id] WindowsEditor(7,LeiFeng) [Debug] 1 [PackageName] WindowsEditor [ProjectName] Editor" joined multi-casting on [225.0.0.222:54997]...

Player connection [16408] Host "[IP] 192.168.1.192 [Port] 0 [Flags] 2 [Guid] 688829105 [EditorId] 688829105 [Version] 1048832 [Id] WindowsEditor(7,LeiFeng) [Debug] 1 [PackageName] WindowsEditor [ProjectName] Editor" joined alternative multi-casting on [225.0.0.222:34997]...

[Physics::Module] Initialized MultithreadedJobDispatcher with 11 workers.
Refreshing native plugins compatible for Editor in 23.76 ms, found 4 plugins.
Preloading 0 native plugins for Editor in 0.00 ms.
Initialize engine version: 2022.3.27f1 (73effa14754f)
[Subsystems] Discovering subsystems at path C:/Program Files/Unity/Hub/Editor/2022.3.27f1/Editor/Data/Resources/UnitySubsystems
[Subsystems] Discovering subsystems at path E:/HK/Assets
GfxDevice: creating device client; threaded=0; jobified=0
Direct3D:
    Version:  Direct3D 11.0 [level 11.1]
    Renderer: NVIDIA GeForce GTX 1650 (ID=0x1f9d)
    Vendor:   NVIDIA
    VRAM:     3937 MB
    Driver:   32.0.15.6590
Initialize mono
Mono path[0] = 'C:/Program Files/Unity/Hub/Editor/2022.3.27f1/Editor/Data/Managed'
Mono path[1] = 'C:/Program Files/Unity/Hub/Editor/2022.3.27f1/Editor/Data/MonoBleedingEdge/lib/mono/unityjit-win32'
Mono config path = 'C:/Program Files/Unity/Hub/Editor/2022.3.27f1/Editor/Data/MonoBleedingEdge/etc'
Using monoOptions --debugger-agent=transport=dt_socket,embedding=1,server=y,suspend=n,address=127.0.0.1:56332
Begin MonoManager ReloadAssembly
Registering precompiled unity dll's ...
Register platform support module: C:/Program Files/Unity/Hub/Editor/2022.3.27f1/Editor/Data/PlaybackEngines/WebGLSupport/UnityEditor.WebGL.Extensions.dll
Register platform support module: C:/Program Files/Unity/Hub/Editor/2022.3.27f1/Editor/Data/PlaybackEngines/WindowsStandaloneSupport/UnityEditor.WindowsStandalone.Extensions.dll
Registered in 0.020786 seconds.
- Loaded All Assemblies, in  0.679 seconds
Native extension for WindowsStandalone target not found
Native extension for WebGL target not found
Mono: successfully reloaded assembly
- Finished resetting the current domain, in  0.454 seconds
Domain Reload Profiling: 1129ms
	BeginReloadAssembly (235ms)
		ExecutionOrderSort (0ms)
		DisableScriptedObjects (0ms)
		BackupInstance (0ms)
		ReleaseScriptingObjects (0ms)
		CreateAndSetChildDomain (1ms)
	RebuildCommonClasses (76ms)
	RebuildNativeTypeToScriptingClass (18ms)
	initialDomainReloadingComplete (122ms)
	LoadAllAssembliesAndSetupDomain (224ms)
		LoadAssemblies (230ms)
		RebuildTransferFunctionScriptingTraits (0ms)
		AnalyzeDomain (219ms)
			TypeCache.Refresh (217ms)
				TypeCache.ScanAssembly (199ms)
			ScanForSourceGeneratedMonoScriptInfo (1ms)
			ResolveRequiredComponents (1ms)
	FinalizeReload (455ms)
		ReleaseScriptCaches (0ms)
		RebuildScriptCaches (0ms)
		SetupLoadedEditorAssemblies (374ms)
			LogAssemblyErrors (0ms)
			InitializePlatformSupportModulesInManaged (15ms)
			SetLoadedEditorAssemblies (10ms)
			RefreshPlugins (0ms)
			BeforeProcessingInitializeOnLoad (3ms)
			ProcessInitializeOnLoadAttributes (262ms)
			ProcessInitializeOnLoadMethodAttributes (84ms)
			AfterProcessingInitializeOnLoad (0ms)
			EditorAssembliesLoaded (0ms)
		ExecutionOrderSort2 (0ms)
		AwakeInstancesAfterBackupRestoration (0ms)
========================================================================
Worker process is ready to serve import requests
Begin MonoManager ReloadAssembly
- Loaded All Assemblies, in  0.993 seconds
Refreshing native plugins compatible for Editor in 6.34 ms, found 4 plugins.
Native extension for WindowsStandalone target not found
Native extension for WebGL target not found
Package Manager log level set to [2]
[Package Manager] Server::EnsureServerProcessIsRunning -- launch failed, reason: Unity was launched with the -noUpm command-line argument
[Package Manager] UpmClient::Send -- Unable to send message (not connected to UPM process).
[Package Manager] Cannot connect to Unity Package Manager local server
Mono: successfully reloaded assembly
- Finished resetting the current domain, in  1.296 seconds
Domain Reload Profiling: 2285ms
	BeginReloadAssembly (224ms)
		ExecutionOrderSort (0ms)
		DisableScriptedObjects (7ms)
		BackupInstance (0ms)
		ReleaseScriptingObjects (0ms)
		CreateAndSetChildDomain (31ms)
	RebuildCommonClasses (52ms)
	RebuildNativeTypeToScriptingClass (15ms)
	initialDomainReloadingComplete (77ms)
	LoadAllAssembliesAndSetupDomain (619ms)
		LoadAssemblies (464ms)
		RebuildTransferFunctionScriptingTraits (0ms)
		AnalyzeDomain (288ms)
			TypeCache.Refresh (236ms)
				TypeCache.ScanAssembly (217ms)
			ScanForSourceGeneratedMonoScriptInfo (36ms)
			ResolveRequiredComponents (14ms)
	FinalizeReload (1297ms)
		ReleaseScriptCaches (0ms)
		RebuildScriptCaches (0ms)
		SetupLoadedEditorAssemblies (1061ms)
			LogAssemblyErrors (0ms)
			InitializePlatformSupportModulesInManaged (11ms)
			SetLoadedEditorAssemblies (5ms)
			RefreshPlugins (0ms)
			BeforeProcessingInitializeOnLoad (129ms)
			ProcessInitializeOnLoadAttributes (748ms)
			ProcessInitializeOnLoadMethodAttributes (152ms)
			AfterProcessingInitializeOnLoad (16ms)
			EditorAssembliesLoaded (0ms)
		ExecutionOrderSort2 (0ms)
		AwakeInstancesAfterBackupRestoration (10ms)
Launched and connected shader compiler UnityShaderCompiler.exe after 0.08 seconds
Refreshing native plugins compatible for Editor in 9.66 ms, found 4 plugins.
Preloading 0 native plugins for Editor in 0.00 ms.
Unloading 5999 Unused Serialized files (Serialized files now loaded: 0)
Unloading 103 unused Assets / (0.9 MB). Loaded Objects now: 6452.
Memory consumption went from 227.4 MB to 226.4 MB.
Total: 7.498400 ms (FindLiveObjects: 0.722600 ms CreateObjectMapping: 0.684900 ms MarkObjects: 5.433100 ms  DeleteObjects: 0.655800 ms)

AssetImportParameters requested are different than current active one (requested -> active):
  custom:container-demuxer-ogg: 62fdf1f143b41e24485cea50d1cbac27 -> 
  custom:video-codec-MediaFoundation-h265: 746d11721c4dcdbdad8f713fa42b33f4 -> 
  custom:video-decoder-ogg-theora: a1e56fd34408186e4bbccfd4996cb3dc -> 
  custom:framework-win-MediaFoundation: 216162199b28c13a410421893ffa2e32 -> 
  custom:CustomObjectIndexerAttribute: 72b91833f83ae208fae7752999fa3104 -> 
  custom:container-demuxer-webm: 4f35f7cbe854078d1ac9338744f61a02 -> 
  custom:container-muxer-webm: aa71ff27fc2769a1b78a27578f13a17b -> 
  custom:video-decoder-webm-vp8: 9c59270c3fd7afecdb556c50c9e8de78 -> 
  custom:SearchIndexIgnoredProperties: e643bd26f0fe6173181afceb89e7c659 -> 
  custom:AudioImporter_EditorPlatform: d09bf68614088b80899f8185d706f6e7 -> 
  custom:video-encoder-webm-vp8: eb34c28f22e8b96e1ab97ce403110664 -> 
  custom:audio-decoder-ogg-vorbis: bf7c407c2cedff20999df2af8eb42d56 -> 
  custom:audio-encoder-webm-vorbis: bf7c407c2cedff20999df2af8eb42d56 -> 
========================================================================
Received Import Request.
  Time since last request: 43431.649528 seconds.
  path: Assets/Architecture & Environment/Area specfic architecture/Fungal Wastes/fungd_mush_01_0001_a_break_floor.png
  artifactKey: Guid(891cbb18d323f8d4d9673e5abc1b11e3) Importer(815301076,1909f56bfc062723c751e8b465ee728b)
Start importing Assets/Architecture & Environment/Area specfic architecture/Fungal Wastes/fungd_mush_01_0001_a_break_floor.png using Guid(891cbb18d323f8d4d9673e5abc1b11e3) Importer(815301076,1909f56bfc062723c751e8b465ee728b)  -> (artifact id: '3bc457d35a8708b443eb01b609f00583') in 0.201211 seconds
Number of updated asset objects reloaded before import = 0
Number of asset objects unloaded after import = 3
========================================================================
Received Import Request.
  Time since last request: 0.000032 seconds.
  path: Assets/Resources/Environments/Area specfic architecture/Crystal Peak/mines_floor_rocks_0000_Layer-4.png
  artifactKey: Guid(470a6fd4d99c2ed42a1c6688d95263af) Importer(815301076,1909f56bfc062723c751e8b465ee728b)
Start importing Assets/Resources/Environments/Area specfic architecture/Crystal Peak/mines_floor_rocks_0000_Layer-4.png using Guid(470a6fd4d99c2ed42a1c6688d95263af) Importer(815301076,1909f56bfc062723c751e8b465ee728b)  -> (artifact id: 'fadc096e04aba2083e9995333bf715fc') in 0.029384 seconds
Number of updated asset objects reloaded before import = 0
Number of asset objects unloaded after import = 3
========================================================================
Received Import Request.
  Time since last request: 0.000132 seconds.
  path: Assets/Architecture & Environment/Area specfic architecture/Crystal Peak/mines_floor_rocks_0003_Layer-1.png
  artifactKey: Guid(b8527067c615d174e95759e1122dc9cb) Importer(815301076,1909f56bfc062723c751e8b465ee728b)
Start importing Assets/Architecture & Environment/Area specfic architecture/Crystal Peak/mines_floor_rocks_0003_Layer-1.png using Guid(b8527067c615d174e95759e1122dc9cb) Importer(815301076,1909f56bfc062723c751e8b465ee728b)  -> (artifact id: '39753cfa487d334af38ac4a393d41d8d') in 0.032709 seconds
Number of updated asset objects reloaded before import = 0
Number of asset objects unloaded after import = 3
========================================================================
Received Import Request.
  Time since last request: 0.000024 seconds.
  path: Assets/Resources/Environments/Area specfic architecture/Royal Waterways/Junk Pit/GG_Waterways_floor_0000_2.png
  artifactKey: Guid(9ae0b74d06105d940b4d9ae9600f9dcc) Importer(815301076,1909f56bfc062723c751e8b465ee728b)
Start importing Assets/Resources/Environments/Area specfic architecture/Royal Waterways/Junk Pit/GG_Waterways_floor_0000_2.png using Guid(9ae0b74d06105d940b4d9ae9600f9dcc) Importer(815301076,1909f56bfc062723c751e8b465ee728b)  -> (artifact id: 'e8bf467d2382f551db3c735704c3c47b') in 0.031513 seconds
Number of updated asset objects reloaded before import = 0
Number of asset objects unloaded after import = 3
========================================================================
Received Import Request.
  Time since last request: 0.000035 seconds.
  path: Assets/Resources/Environments/Area specfic architecture/Queen_s Gardens/garden_sliding_floor_0001_Color-Balance-1-copy-3.png
  artifactKey: Guid(01938390f2a329e4584a7fb67e785c6c) Importer(815301076,1909f56bfc062723c751e8b465ee728b)
Start importing Assets/Resources/Environments/Area specfic architecture/Queen_s Gardens/garden_sliding_floor_0001_Color-Balance-1-copy-3.png using Guid(01938390f2a329e4584a7fb67e785c6c) Importer(815301076,1909f56bfc062723c751e8b465ee728b)  -> (artifact id: '13c22d8173d6cff75e6187a4a3b41e62') in 0.031867 seconds
Number of updated asset objects reloaded before import = 0
Number of asset objects unloaded after import = 3
========================================================================
Received Import Request.
  Time since last request: 0.000027 seconds.
  path: Assets/Architecture & Environment/Area specfic architecture/Deepnest/Weaver_s Den/Loom_break_floor_0001_2.png
  artifactKey: Guid(37921daebc181dc4496a092f8c35a4fb) Importer(815301076,1909f56bfc062723c751e8b465ee728b)
Start importing Assets/Architecture & Environment/Area specfic architecture/Deepnest/Weaver_s Den/Loom_break_floor_0001_2.png using Guid(37921daebc181dc4496a092f8c35a4fb) Importer(815301076,1909f56bfc062723c751e8b465ee728b)  -> (artifact id: 'bdc25e1b5ff81ddd79dd5bb7fa77e4b2') in 0.026396 seconds
Number of updated asset objects reloaded before import = 0
Number of asset objects unloaded after import = 3
========================================================================
Received Import Request.
  Time since last request: 0.000032 seconds.
  path: Assets/Architecture & Environment/Area specfic architecture/City of Tears/Tower of Love/jar_col_floor_black.png
  artifactKey: Guid(64f7f2287ea7a3c4d93db6f72adf50df) Importer(815301076,1909f56bfc062723c751e8b465ee728b)
Start importing Assets/Architecture & Environment/Area specfic architecture/City of Tears/Tower of Love/jar_col_floor_black.png using Guid(64f7f2287ea7a3c4d93db6f72adf50df) Importer(815301076,1909f56bfc062723c751e8b465ee728b)  -> (artifact id: 'ab5f7b0cd4c216c84c198cf62f2c32d4') in 0.027128 seconds
Number of updated asset objects reloaded before import = 0
Number of asset objects unloaded after import = 3
========================================================================
Received Import Request.
  Time since last request: 0.000028 seconds.
  path: Assets/Architecture & Environment/Area specfic architecture/Godhome/Land of Storms & Tuning area/mask_floor_0001_2.png
  artifactKey: Guid(d380687440e02f5419ec9098b661ecfe) Importer(815301076,1909f56bfc062723c751e8b465ee728b)
Start importing Assets/Architecture & Environment/Area specfic architecture/Godhome/Land of Storms & Tuning area/mask_floor_0001_2.png using Guid(d380687440e02f5419ec9098b661ecfe) Importer(815301076,1909f56bfc062723c751e8b465ee728b)  -> (artifact id: 'f002342a5233fe58c20b380819a9bb91') in 0.030010 seconds
Number of updated asset objects reloaded before import = 0
Number of asset objects unloaded after import = 3
========================================================================
Received Import Request.
  Time since last request: 0.000038 seconds.
  path: Assets/Resources/Environments/Area specfic architecture/Crystal Peak/mines_metal_thin_floors_0000_a.png
  artifactKey: Guid(bd8e59ffb98812a4c822362759f796e5) Importer(815301076,1909f56bfc062723c751e8b465ee728b)
Start importing Assets/Resources/Environments/Area specfic architecture/Crystal Peak/mines_metal_thin_floors_0000_a.png using Guid(bd8e59ffb98812a4c822362759f796e5) Importer(815301076,1909f56bfc062723c751e8b465ee728b)  -> (artifact id: '32ad5ff7c096e8f5e701f3f2e9e6d338') in 0.026515 seconds
Number of updated asset objects reloaded before import = 0
Number of asset objects unloaded after import = 3
========================================================================
Received Import Request.
  Time since last request: 0.000030 seconds.
  path: Assets/Architecture & Environment/Area specfic architecture/Deepnest/Weaver_s Den/Loom_break_floor_0002_1.png
  artifactKey: Guid(417bc1da71a01db4bac4743058810aba) Importer(815301076,1909f56bfc062723c751e8b465ee728b)
Start importing Assets/Architecture & Environment/Area specfic architecture/Deepnest/Weaver_s Den/Loom_break_floor_0002_1.png using Guid(417bc1da71a01db4bac4743058810aba) Importer(815301076,1909f56bfc062723c751e8b465ee728b)  -> (artifact id: '80f0683bbd9131b30a1e0c207f008fde') in 0.027009 seconds
Number of updated asset objects reloaded before import = 0
Number of asset objects unloaded after import = 3
========================================================================
Received Import Request.
  Time since last request: 0.000020 seconds.
  path: Assets/Architecture & Environment/Area specfic architecture/Queen_s Gardens/garden_sliding_floor_0000_Color-Balance-1-copy.png
  artifactKey: Guid(6ac60f15bbc0a814e8a795ffd00da583) Importer(815301076,1909f56bfc062723c751e8b465ee728b)
Start importing Assets/Architecture & Environment/Area specfic architecture/Queen_s Gardens/garden_sliding_floor_0000_Color-Balance-1-copy.png using Guid(6ac60f15bbc0a814e8a795ffd00da583) Importer(815301076,1909f56bfc062723c751e8b465ee728b)  -> (artifact id: 'b76546e54b85d4d4adb8d330def55faa') in 0.030288 seconds
Number of updated asset objects reloaded before import = 0
Number of asset objects unloaded after import = 3
========================================================================
Received Import Request.
  Time since last request: 0.000035 seconds.
  path: Assets/Resources/Environments/Area specfic architecture/Godhome/Land of Storms & Tuning area/mask_floor_0001_2.png
  artifactKey: Guid(c29138f6c47db8b42a785828c7bb64ba) Importer(815301076,1909f56bfc062723c751e8b465ee728b)
Start importing Assets/Resources/Environments/Area specfic architecture/Godhome/Land of Storms & Tuning area/mask_floor_0001_2.png using Guid(c29138f6c47db8b42a785828c7bb64ba) Importer(815301076,1909f56bfc062723c751e8b465ee728b)  -> (artifact id: '126ae79b42dc49a53c440e6243edb9ca') in 0.032518 seconds
Number of updated asset objects reloaded before import = 0
Number of asset objects unloaded after import = 3
========================================================================
Received Import Request.
  Time since last request: 0.000026 seconds.
  path: Assets/Architecture & Environment/Area specfic architecture/Crystal Peak/mines_floor_rocks_0002_Layer-3.png
  artifactKey: Guid(e3baad98a461e1b4cad11747c1a81b49) Importer(815301076,1909f56bfc062723c751e8b465ee728b)
Start importing Assets/Architecture & Environment/Area specfic architecture/Crystal Peak/mines_floor_rocks_0002_Layer-3.png using Guid(e3baad98a461e1b4cad11747c1a81b49) Importer(815301076,1909f56bfc062723c751e8b465ee728b)  -> (artifact id: '2bc1876e06fae5e1cfbac3f3f865b1b1') in 0.033573 seconds
Number of updated asset objects reloaded before import = 0
Number of asset objects unloaded after import = 3
========================================================================
Received Import Request.
  Time since last request: 0.000038 seconds.
  path: Assets/Resources/Environments/Area specfic architecture/City of Tears/Tower of Love/jar_col_floor_bit.png
  artifactKey: Guid(e3a1ed7a4dd2d0f4ca0d079bb3c2b2ea) Importer(815301076,1909f56bfc062723c751e8b465ee728b)
Start importing Assets/Resources/Environments/Area specfic architecture/City of Tears/Tower of Love/jar_col_floor_bit.png using Guid(e3a1ed7a4dd2d0f4ca0d079bb3c2b2ea) Importer(815301076,1909f56bfc062723c751e8b465ee728b)  -> (artifact id: 'b0ea16b9520fdb08141572e2b1a79a4d') in 0.037688 seconds
Number of updated asset objects reloaded before import = 0
Number of asset objects unloaded after import = 3
========================================================================
Received Import Request.
  Time since last request: 0.000040 seconds.
  path: Assets/Architecture & Environment/Area specfic architecture/Howling Cliffs/Grimm_lantern_0003_3_rubble_floor.png
  artifactKey: Guid(a448216a2af307e478f0c59884ae61d3) Importer(815301076,1909f56bfc062723c751e8b465ee728b)
Start importing Assets/Architecture & Environment/Area specfic architecture/Howling Cliffs/Grimm_lantern_0003_3_rubble_floor.png using Guid(a448216a2af307e478f0c59884ae61d3) Importer(815301076,1909f56bfc062723c751e8b465ee728b)  -> (artifact id: '4bf38aa16df430373c942f237f00c704') in 0.026533 seconds
Number of updated asset objects reloaded before import = 0
Number of asset objects unloaded after import = 3
========================================================================
Received Import Request.
  Time since last request: 0.000031 seconds.
  path: Assets/Resources/Environments/Area specfic architecture/Deepnest/Weaver_s Den/Loom_break_floor_0002_1.png
  artifactKey: Guid(fe105c6be119a644b9dbeb23b3800612) Importer(815301076,1909f56bfc062723c751e8b465ee728b)
Start importing Assets/Resources/Environments/Area specfic architecture/Deepnest/Weaver_s Den/Loom_break_floor_0002_1.png using Guid(fe105c6be119a644b9dbeb23b3800612) Importer(815301076,1909f56bfc062723c751e8b465ee728b)  -> (artifact id: '94c175c615707bd16d7950c485b1cbf3') in 0.031420 seconds
Number of updated asset objects reloaded before import = 0
Number of asset objects unloaded after import = 3
========================================================================
Received Import Request.
  Time since last request: 0.000593 seconds.
  path: Assets/Architecture & Environment/Area specfic architecture/City of Tears/Soul Sanctum/mage_lord_room_0002_floor.png
  artifactKey: Guid(90284f4a7f749bd4db2b93e939ec16eb) Importer(815301076,1909f56bfc062723c751e8b465ee728b)
Start importing Assets/Architecture & Environment/Area specfic architecture/City of Tears/Soul Sanctum/mage_lord_room_0002_floor.png using Guid(90284f4a7f749bd4db2b93e939ec16eb) Importer(815301076,1909f56bfc062723c751e8b465ee728b)  -> (artifact id: '81cabbdf94640dde251f232ef5f87cff') in 0.029767 seconds
Number of updated asset objects reloaded before import = 0
Number of asset objects unloaded after import = 3
========================================================================
Received Import Request.
  Time since last request: 0.000027 seconds.
  path: Assets/Resources/Environments/Area specfic architecture/Queen_s Gardens/garden_sliding_floor_0000_Color-Balance-1-copy.png
  artifactKey: Guid(4e60de98abd36fa44a1ccbfca7f99032) Importer(815301076,1909f56bfc062723c751e8b465ee728b)
Start importing Assets/Resources/Environments/Area specfic architecture/Queen_s Gardens/garden_sliding_floor_0000_Color-Balance-1-copy.png using Guid(4e60de98abd36fa44a1ccbfca7f99032) Importer(815301076,1909f56bfc062723c751e8b465ee728b)  -> (artifact id: 'f9a44aa05631ad301149707d5479e882') in 0.024724 seconds
Number of updated asset objects reloaded before import = 0
Number of asset objects unloaded after import = 3
========================================================================
Received Import Request.
  Time since last request: 0.000029 seconds.
  path: Assets/Architecture & Environment/Area specfic architecture/Crystal Peak/mines_metal_thin_floors_0000_a.png
  artifactKey: Guid(2cbabe9badd994940a8729d1be6f48ba) Importer(815301076,1909f56bfc062723c751e8b465ee728b)
Start importing Assets/Architecture & Environment/Area specfic architecture/Crystal Peak/mines_metal_thin_floors_0000_a.png using Guid(2cbabe9badd994940a8729d1be6f48ba) Importer(815301076,1909f56bfc062723c751e8b465ee728b)  -> (artifact id: '9c6801cac62340da5b2be7a47f22e501') in 0.025180 seconds
Number of updated asset objects reloaded before import = 0
Number of asset objects unloaded after import = 3
========================================================================
Received Import Request.
  Time since last request: 0.000028 seconds.
  path: Assets/Architecture & Environment/Area specfic architecture/Deepnest/Weaver_s Den/Loom_break_floor_0000_3.png
  artifactKey: Guid(2767a28bf1a740f4586dfe0fb84eccfd) Importer(815301076,1909f56bfc062723c751e8b465ee728b)
Start importing Assets/Architecture & Environment/Area specfic architecture/Deepnest/Weaver_s Den/Loom_break_floor_0000_3.png using Guid(2767a28bf1a740f4586dfe0fb84eccfd) Importer(815301076,1909f56bfc062723c751e8b465ee728b)  -> (artifact id: 'd2d9c4bd7a6dc4a7e5a3391f71a3dc83') in 0.027138 seconds
Number of updated asset objects reloaded before import = 0
Number of asset objects unloaded after import = 3
========================================================================
Received Import Request.
  Time since last request: 0.000041 seconds.
  path: Assets/Resources/Environments/Area specfic architecture/Royal Waterways/gg_fluke_bit_floor_pipe_goop_01.png
  artifactKey: Guid(2697909442ba1d840ab68d1e7a01c73e) Importer(815301076,1909f56bfc062723c751e8b465ee728b)
Start importing Assets/Resources/Environments/Area specfic architecture/Royal Waterways/gg_fluke_bit_floor_pipe_goop_01.png using Guid(2697909442ba1d840ab68d1e7a01c73e) Importer(815301076,1909f56bfc062723c751e8b465ee728b)  -> (artifact id: 'cebc28a5b6e7e4c7c31a7bbdbb3829f3') in 0.026804 seconds
Number of updated asset objects reloaded before import = 0
Number of asset objects unloaded after import = 3
========================================================================
Received Import Request.
  Time since last request: 0.000032 seconds.
  path: Assets/Architecture & Environment/Area specfic architecture/Crystal Peak/mine_floor_01.png
  artifactKey: Guid(c8793153ec78ab340b52d92cb2b7bcb5) Importer(815301076,1909f56bfc062723c751e8b465ee728b)
Start importing Assets/Architecture & Environment/Area specfic architecture/Crystal Peak/mine_floor_01.png using Guid(c8793153ec78ab340b52d92cb2b7bcb5) Importer(815301076,1909f56bfc062723c751e8b465ee728b)  -> (artifact id: '833ecddca2e79d68b924236050fc86a7') in 0.024880 seconds
Number of updated asset objects reloaded before import = 0
Number of asset objects unloaded after import = 3
========================================================================
Received Import Request.
  Time since last request: 0.000027 seconds.
  path: Assets/Resources/Environments/Area specfic architecture/City of Tears/Soul Sanctum/mage_lord_room_0002_floor.png
  artifactKey: Guid(830c4553cf94a9b49ac1ee70749e1d0b) Importer(815301076,1909f56bfc062723c751e8b465ee728b)
Start importing Assets/Resources/Environments/Area specfic architecture/City of Tears/Soul Sanctum/mage_lord_room_0002_floor.png using Guid(830c4553cf94a9b49ac1ee70749e1d0b) Importer(815301076,1909f56bfc062723c751e8b465ee728b)  -> (artifact id: '7682653463323eafe6371590df615094') in 0.017409 seconds
Number of updated asset objects reloaded before import = 0
Number of asset objects unloaded after import = 3
========================================================================
Received Import Request.
  Time since last request: 0.000026 seconds.
  path: Assets/Architecture & Environment/fungus_crubmle_floor.png
  artifactKey: Guid(5cd867af3b147254e991a5ca3fd129ed) Importer(815301076,1909f56bfc062723c751e8b465ee728b)
Start importing Assets/Architecture & Environment/fungus_crubmle_floor.png using Guid(5cd867af3b147254e991a5ca3fd129ed) Importer(815301076,1909f56bfc062723c751e8b465ee728b)  -> (artifact id: '9158559f5a5227194efbb94931bcc3d4') in 0.032986 seconds
Number of updated asset objects reloaded before import = 0
Number of asset objects unloaded after import = 3
========================================================================
Received Import Request.
  Time since last request: 0.000391 seconds.
  path: Assets/Architecture & Environment/Area specfic architecture/Queen_s Gardens/garden_sliding_floor_0001_Color-Balance-1-copy-3.png
  artifactKey: Guid(f17ddaaaac553a44b83a26cad01f6e18) Importer(815301076,1909f56bfc062723c751e8b465ee728b)
Start importing Assets/Architecture & Environment/Area specfic architecture/Queen_s Gardens/garden_sliding_floor_0001_Color-Balance-1-copy-3.png using Guid(f17ddaaaac553a44b83a26cad01f6e18) Importer(815301076,1909f56bfc062723c751e8b465ee728b)  -> (artifact id: '21e15fe5079837aea56e94a1adad508a') in 0.030282 seconds
Number of updated asset objects reloaded before import = 0
Number of asset objects unloaded after import = 3
========================================================================
Received Import Request.
  Time since last request: 0.000020 seconds.
  path: Assets/Resources/Environments/Area specfic architecture/Crystal Peak/mines_metal_thin_floors_0001_a.png
  artifactKey: Guid(617fb05d6604356498b21e493e45d2af) Importer(815301076,1909f56bfc062723c751e8b465ee728b)
Start importing Assets/Resources/Environments/Area specfic architecture/Crystal Peak/mines_metal_thin_floors_0001_a.png using Guid(617fb05d6604356498b21e493e45d2af) Importer(815301076,1909f56bfc062723c751e8b465ee728b)  -> (artifact id: '9b4f59ad85c6edad626a314b403aae3e') in 0.023449 seconds
Number of updated asset objects reloaded before import = 0
Number of asset objects unloaded after import = 3
========================================================================
Received Import Request.
  Time since last request: 1.315526 seconds.
  path: Assets/Resources/Environments/Area specfic architecture/Crystal Peak/mines_metal_thin_floors_0001_a #3014.png
  artifactKey: Guid(c3bc47e04e6b94e4d8cbc9ffdca73f97) Importer(815301076,1909f56bfc062723c751e8b465ee728b)
Start importing Assets/Resources/Environments/Area specfic architecture/Crystal Peak/mines_metal_thin_floors_0001_a #3014.png using Guid(c3bc47e04e6b94e4d8cbc9ffdca73f97) Importer(815301076,1909f56bfc062723c751e8b465ee728b)  -> (artifact id: '31a0b3c526b29d752d9fe9e8d67adb33') in 0.023942 seconds
Number of updated asset objects reloaded before import = 0
Number of asset objects unloaded after import = 3
========================================================================
Received Import Request.
  Time since last request: 0.000022 seconds.
  path: Assets/Resources/Environments/Area specfic architecture/Crystal Peak/mines_metal_thin_floors_0002_a #80624.png
  artifactKey: Guid(adfd68cb3ebccba4ab5916b27f2ee310) Importer(815301076,1909f56bfc062723c751e8b465ee728b)
Start importing Assets/Resources/Environments/Area specfic architecture/Crystal Peak/mines_metal_thin_floors_0002_a #80624.png using Guid(adfd68cb3ebccba4ab5916b27f2ee310) Importer(815301076,1909f56bfc062723c751e8b465ee728b)  -> (artifact id: '673c72d080c1075ea51b6c761e26177c') in 0.025146 seconds
Number of updated asset objects reloaded before import = 0
Number of asset objects unloaded after import = 3
========================================================================
Received Import Request.
  Time since last request: 0.000029 seconds.
  path: Assets/Architecture & Environment/Area specfic architecture/Crystal Peak/mines_metal_thin_floors_0004_a.png
  artifactKey: Guid(bf192a5b9914ab24aa68048d08c0102b) Importer(815301076,1909f56bfc062723c751e8b465ee728b)
Start importing Assets/Architecture & Environment/Area specfic architecture/Crystal Peak/mines_metal_thin_floors_0004_a.png using Guid(bf192a5b9914ab24aa68048d08c0102b) Importer(815301076,1909f56bfc062723c751e8b465ee728b)  -> (artifact id: '7cc7cca373884fb225f9d8659ff2b68e') in 0.032153 seconds
Number of updated asset objects reloaded before import = 0
Number of asset objects unloaded after import = 3
========================================================================
Received Import Request.
  Time since last request: 0.000027 seconds.
  path: Assets/Resources/Environments/Area specfic architecture/Crystal Peak/mines_metal_thin_floors_0001_a #7804.png
  artifactKey: Guid(473f6e7bbf2b0114caae34e04f3c5631) Importer(815301076,1909f56bfc062723c751e8b465ee728b)
Start importing Assets/Resources/Environments/Area specfic architecture/Crystal Peak/mines_metal_thin_floors_0001_a #7804.png using Guid(473f6e7bbf2b0114caae34e04f3c5631) Importer(815301076,1909f56bfc062723c751e8b465ee728b)  -> (artifact id: '542e7aa139b476c6859e5fe9ebc28b63') in 0.025852 seconds
Number of updated asset objects reloaded before import = 0
Number of asset objects unloaded after import = 3
========================================================================
Received Import Request.
  Time since last request: 0.000033 seconds.
  path: Assets/Resources/Environments/Area specfic architecture/Crystal Peak/mines_metal_thin_floors_0004_a #80632.png
  artifactKey: Guid(c87d7ac821b19a1489154e1a5177767d) Importer(815301076,1909f56bfc062723c751e8b465ee728b)
Start importing Assets/Resources/Environments/Area specfic architecture/Crystal Peak/mines_metal_thin_floors_0004_a #80632.png using Guid(c87d7ac821b19a1489154e1a5177767d) Importer(815301076,1909f56bfc062723c751e8b465ee728b)  -> (artifact id: '3dd5573a0659bd6d63caad05df9e4442') in 0.023439 seconds
Number of updated asset objects reloaded before import = 0
Number of asset objects unloaded after import = 3
========================================================================
Received Import Request.
  Time since last request: 0.000039 seconds.
  path: Assets/Architecture & Environment/Nailmaster_03__0001_Floor.png
  artifactKey: Guid(565f79b6f79dc4641b04caadf2bf3d7a) Importer(815301076,1909f56bfc062723c751e8b465ee728b)
Start importing Assets/Architecture & Environment/Nailmaster_03__0001_Floor.png using Guid(565f79b6f79dc4641b04caadf2bf3d7a) Importer(815301076,1909f56bfc062723c751e8b465ee728b)  -> (artifact id: '5f605149f6a5b92b831c2fbb04842d7a') in 0.019590 seconds
Number of updated asset objects reloaded before import = 0
Number of asset objects unloaded after import = 3
========================================================================
Received Import Request.
  Time since last request: 0.000029 seconds.
  path: Assets/Resources/Environments/Area specfic architecture/Crystal Peak/mines_metal_thin_floors_0003_a.png
  artifactKey: Guid(5006df94e7f3ac44ea02312f8030b5d5) Importer(815301076,1909f56bfc062723c751e8b465ee728b)
Start importing Assets/Resources/Environments/Area specfic architecture/Crystal Peak/mines_metal_thin_floors_0003_a.png using Guid(5006df94e7f3ac44ea02312f8030b5d5) Importer(815301076,1909f56bfc062723c751e8b465ee728b)  -> (artifact id: 'ad07ac09719bd0008ecf6b974caf4d08') in 0.018437 seconds
Number of updated asset objects reloaded before import = 0
Number of asset objects unloaded after import = 3
========================================================================
Received Import Request.
  Time since last request: 0.000031 seconds.
  path: Assets/Architecture & Environment/Area specfic architecture/Crystal Peak/mines_quake_floor.png
  artifactKey: Guid(dbf00b483444c83418fdf52e03830603) Importer(815301076,1909f56bfc062723c751e8b465ee728b)
Start importing Assets/Architecture & Environment/Area specfic architecture/Crystal Peak/mines_quake_floor.png using Guid(dbf00b483444c83418fdf52e03830603) Importer(815301076,1909f56bfc062723c751e8b465ee728b)  -> (artifact id: '571d4cafe0f94d1b19e0335b1fc02c0f') in 0.029022 seconds
Number of updated asset objects reloaded before import = 0
Number of asset objects unloaded after import = 3
========================================================================
Received Import Request.
  Time since last request: 0.000029 seconds.
  path: Assets/Architecture & Environment/Area specfic architecture/Dirtmouth/Grimm Tents/nightmare_fabric_floor.png
  artifactKey: Guid(b2435ce7aee444346af3e1ed9c7f7c91) Importer(815301076,1909f56bfc062723c751e8b465ee728b)
Start importing Assets/Architecture & Environment/Area specfic architecture/Dirtmouth/Grimm Tents/nightmare_fabric_floor.png using Guid(b2435ce7aee444346af3e1ed9c7f7c91) Importer(815301076,1909f56bfc062723c751e8b465ee728b)  -> (artifact id: '9799d71ea6f5c2a0244c785103a4b5c3') in 0.028685 seconds
Number of updated asset objects reloaded before import = 0
Number of asset objects unloaded after import = 3
========================================================================
Received Import Request.
  Time since last request: 0.000026 seconds.
  path: Assets/Resources/Environments/Area specfic architecture/Resting Grounds/rg_mansion_floor_2.png
  artifactKey: Guid(eebfb2539084cf646bbdc185e76072c4) Importer(815301076,1909f56bfc062723c751e8b465ee728b)
Start importing Assets/Resources/Environments/Area specfic architecture/Resting Grounds/rg_mansion_floor_2.png using Guid(eebfb2539084cf646bbdc185e76072c4) Importer(815301076,1909f56bfc062723c751e8b465ee728b)  -> (artifact id: 'bb474c59e37685b2b501f09400c98e8d') in 0.035938 seconds
Number of updated asset objects reloaded before import = 0
Number of asset objects unloaded after import = 3
========================================================================
Received Import Request.
  Time since last request: 0.000034 seconds.
  path: Assets/Resources/Environments/Area specfic architecture/City of Tears/ruins_floor_layered_0000_04.png
  artifactKey: Guid(b69118afe5f99e3459211bb6b975fc8c) Importer(815301076,1909f56bfc062723c751e8b465ee728b)
Start importing Assets/Resources/Environments/Area specfic architecture/City of Tears/ruins_floor_layered_0000_04.png using Guid(b69118afe5f99e3459211bb6b975fc8c) Importer(815301076,1909f56bfc062723c751e8b465ee728b)  -> (artifact id: '66c7c899b25a379a2b62f04863c5ee20') in 0.030300 seconds
Number of updated asset objects reloaded before import = 0
Number of asset objects unloaded after import = 3
========================================================================
Received Import Request.
  Time since last request: 0.000035 seconds.
  path: Assets/Resources/Environments/Area specfic architecture/Dirtmouth/Grimm Tents/nightmare_fabric_floor.png
  artifactKey: Guid(75c41cad42b2553499282d37d4116a9c) Importer(815301076,1909f56bfc062723c751e8b465ee728b)
Start importing Assets/Resources/Environments/Area specfic architecture/Dirtmouth/Grimm Tents/nightmare_fabric_floor.png using Guid(75c41cad42b2553499282d37d4116a9c) Importer(815301076,1909f56bfc062723c751e8b465ee728b)  -> (artifact id: 'a5cc936d172073403cb4542614ecc439') in 0.018004 seconds
Number of updated asset objects reloaded before import = 0
Number of asset objects unloaded after import = 3
========================================================================
Received Import Request.
  Time since last request: 0.000039 seconds.
  path: Assets/Architecture & Environment/Area specfic architecture/City of Tears/ruinhouse_floor.png
  artifactKey: Guid(4b4862c6698ced84eb5d74dfc073e1c9) Importer(815301076,1909f56bfc062723c751e8b465ee728b)
Start importing Assets/Architecture & Environment/Area specfic architecture/City of Tears/ruinhouse_floor.png using Guid(4b4862c6698ced84eb5d74dfc073e1c9) Importer(815301076,1909f56bfc062723c751e8b465ee728b)  -> (artifact id: '0b2900a49325a3a436c868777416fbe9') in 0.030439 seconds
Number of updated asset objects reloaded before import = 0
Number of asset objects unloaded after import = 3
========================================================================
Received Import Request.
  Time since last request: 0.000036 seconds.
  path: Assets/Resources/Environments/Area specfic architecture/Deepnest/Distant Village/s_town_crumble_floor.png
  artifactKey: Guid(773f35e0d703fc64482a69d0fe064abd) Importer(815301076,1909f56bfc062723c751e8b465ee728b)
Start importing Assets/Resources/Environments/Area specfic architecture/Deepnest/Distant Village/s_town_crumble_floor.png using Guid(773f35e0d703fc64482a69d0fe064abd) Importer(815301076,1909f56bfc062723c751e8b465ee728b)  -> (artifact id: 'b3edd24492e061424788a778adec4a60') in 0.026978 seconds
Number of updated asset objects reloaded before import = 0
Number of asset objects unloaded after import = 3
========================================================================
Received Import Request.
  Time since last request: 0.000116 seconds.
  path: Assets/Resources/Environments/small_floor.png
  artifactKey: Guid(4b797e49896216140aa8bc0faeb05185) Importer(815301076,1909f56bfc062723c751e8b465ee728b)
Start importing Assets/Resources/Environments/small_floor.png using Guid(4b797e49896216140aa8bc0faeb05185) Importer(815301076,1909f56bfc062723c751e8b465ee728b)  -> (artifact id: '3314ffbd2597996b29cb6b2fec015904') in 0.037553 seconds
Number of updated asset objects reloaded before import = 0
Number of asset objects unloaded after import = 3
========================================================================
Received Import Request.
  Time since last request: 0.000027 seconds.
  path: Assets/Architecture & Environment/Area specfic architecture/Deepnest/Distant Village/Spider_interior_set2_0002_floor.png
  artifactKey: Guid(f9035dc1e4b531b46b0f6b22c3b8925d) Importer(815301076,1909f56bfc062723c751e8b465ee728b)
Start importing Assets/Architecture & Environment/Area specfic architecture/Deepnest/Distant Village/Spider_interior_set2_0002_floor.png using Guid(f9035dc1e4b531b46b0f6b22c3b8925d) Importer(815301076,1909f56bfc062723c751e8b465ee728b)  -> (artifact id: 'ae9c9474d50f09f86003817bf6bb3f80') in 0.028974 seconds
Number of updated asset objects reloaded before import = 0
Number of asset objects unloaded after import = 3
========================================================================
Received Import Request.
  Time since last request: 0.000028 seconds.
  path: Assets/Architecture & Environment/small_floor.png
  artifactKey: Guid(79abcd667efae2a4ca9da4f406c409e5) Importer(815301076,1909f56bfc062723c751e8b465ee728b)
Start importing Assets/Architecture & Environment/small_floor.png using Guid(79abcd667efae2a4ca9da4f406c409e5) Importer(815301076,1909f56bfc062723c751e8b465ee728b)  -> (artifact id: '7abdc48e068c3ed22ffef7d7f5331e79') in 0.018098 seconds
Number of updated asset objects reloaded before import = 0
Number of asset objects unloaded after import = 3
========================================================================
Received Import Request.
  Time since last request: 0.000031 seconds.
  path: Assets/Resources/Environments/Area specfic architecture/Fungal Wastes/shroom_charm_plinth_0001_floor.png
  artifactKey: Guid(827044ae88fcc49479d7ec4032bd76d2) Importer(815301076,1909f56bfc062723c751e8b465ee728b)
Start importing Assets/Resources/Environments/Area specfic architecture/Fungal Wastes/shroom_charm_plinth_0001_floor.png using Guid(827044ae88fcc49479d7ec4032bd76d2) Importer(815301076,1909f56bfc062723c751e8b465ee728b)  -> (artifact id: '0526b26e3ff26c77cec5eadbe701894e') in 0.024913 seconds
Number of updated asset objects reloaded before import = 0
Number of asset objects unloaded after import = 3
========================================================================
Received Import Request.
  Time since last request: 0.000043 seconds.
  path: Assets/Resources/Environments/Area specfic architecture/Deepnest/Distant Village/Spider_interior_set2_0002_floor.png
  artifactKey: Guid(beffaa605e268e44ba35d89ab6ce8c6c) Importer(815301076,1909f56bfc062723c751e8b465ee728b)
Start importing Assets/Resources/Environments/Area specfic architecture/Deepnest/Distant Village/Spider_interior_set2_0002_floor.png using Guid(beffaa605e268e44ba35d89ab6ce8c6c) Importer(815301076,1909f56bfc062723c751e8b465ee728b)  -> (artifact id: 'f5e61038bf5ddb0920aa6d9c3218a559') in 0.030381 seconds
Number of updated asset objects reloaded before import = 0
Number of asset objects unloaded after import = 3
========================================================================
Received Import Request.
  Time since last request: 0.000030 seconds.
  path: Assets/Architecture & Environment/Area specfic architecture/Resting Grounds/snail_shaman_plinth_0003_floor.png
  artifactKey: Guid(9352fa05d25b1dc4685dede953850910) Importer(815301076,1909f56bfc062723c751e8b465ee728b)
Start importing Assets/Architecture & Environment/Area specfic architecture/Resting Grounds/snail_shaman_plinth_0003_floor.png using Guid(9352fa05d25b1dc4685dede953850910) Importer(815301076,1909f56bfc062723c751e8b465ee728b)  -> (artifact id: '891004b7c8041233ab4828b57473e0a7') in 0.028294 seconds
Number of updated asset objects reloaded before import = 0
Number of asset objects unloaded after import = 3
========================================================================
Received Import Request.
  Time since last request: 0.000025 seconds.
  path: Assets/Resources/Environments/Area specfic architecture/City of Tears/ruins_floor_layered_0003_01.png
  artifactKey: Guid(a79bedac95af11641813b172c75dfa2a) Importer(815301076,1909f56bfc062723c751e8b465ee728b)
Start importing Assets/Resources/Environments/Area specfic architecture/City of Tears/ruins_floor_layered_0003_01.png using Guid(a79bedac95af11641813b172c75dfa2a) Importer(815301076,1909f56bfc062723c751e8b465ee728b)  -> (artifact id: '1d9f8be450c8868d97153cca928cf665') in 0.031242 seconds
Number of updated asset objects reloaded before import = 0
Number of asset objects unloaded after import = 3
========================================================================
Received Import Request.
  Time since last request: 0.000021 seconds.
  path: Assets/Resources/Environments/Area specfic architecture/City of Tears/ruins_ruins_floor_layered_0002_02.png
  artifactKey: Guid(347471f6f610e794082d03bb0d379cf7) Importer(815301076,1909f56bfc062723c751e8b465ee728b)
Start importing Assets/Resources/Environments/Area specfic architecture/City of Tears/ruins_ruins_floor_layered_0002_02.png using Guid(347471f6f610e794082d03bb0d379cf7) Importer(815301076,1909f56bfc062723c751e8b465ee728b)  -> (artifact id: '61cac795b3a3b556022aec8ff11d6bda') in 0.016147 seconds
Number of updated asset objects reloaded before import = 0
Number of asset objects unloaded after import = 3
========================================================================
Received Import Request.
  Time since last request: 0.000020 seconds.
  path: Assets/Resources/Environments/Area specfic architecture/Crystal Peak/mines_metal_thin_floors_0004_a #32832.png
  artifactKey: Guid(717e08b2cef0ee848b2a745177f1a722) Importer(815301076,1909f56bfc062723c751e8b465ee728b)
Start importing Assets/Resources/Environments/Area specfic architecture/Crystal Peak/mines_metal_thin_floors_0004_a #32832.png using Guid(717e08b2cef0ee848b2a745177f1a722) Importer(815301076,1909f56bfc062723c751e8b465ee728b)  -> (artifact id: 'f2283c74f0053fe0901fe10f2771046a') in 0.029104 seconds
Number of updated asset objects reloaded before import = 0
Number of asset objects unloaded after import = 3
========================================================================
Received Import Request.
  Time since last request: 0.000633 seconds.
  path: Assets/Architecture & Environment/Area specfic architecture/Greenpath/slug_floor.png
  artifactKey: Guid(f010c119ccff06d48a6415fbdc4ea60b) Importer(815301076,1909f56bfc062723c751e8b465ee728b)
Start importing Assets/Architecture & Environment/Area specfic architecture/Greenpath/slug_floor.png using Guid(f010c119ccff06d48a6415fbdc4ea60b) Importer(815301076,1909f56bfc062723c751e8b465ee728b)  -> (artifact id: '4c810b868ae02f277cc866c6a1850457') in 0.025638 seconds
Number of updated asset objects reloaded before import = 0
Number of asset objects unloaded after import = 3
========================================================================
Received Import Request.
  Time since last request: 0.000032 seconds.
  path: Assets/Resources/Environments/Area specfic architecture/City of Tears/ruin quake floor.png
  artifactKey: Guid(c140874853757be4ebc1b400e5848638) Importer(815301076,1909f56bfc062723c751e8b465ee728b)
Start importing Assets/Resources/Environments/Area specfic architecture/City of Tears/ruin quake floor.png using Guid(c140874853757be4ebc1b400e5848638) Importer(815301076,1909f56bfc062723c751e8b465ee728b)  -> (artifact id: '3b186b3f24b11bce23848947faa942fa') in 0.029972 seconds
Number of updated asset objects reloaded before import = 0
Number of asset objects unloaded after import = 3
========================================================================
Received Import Request.
  Time since last request: 0.000042 seconds.
  path: Assets/Architecture & Environment/Area specfic architecture/Crystal Peak/mines_metal_thin_floors_0001_a #3014.png
  artifactKey: Guid(da1617535286744448b72dbc8ac17525) Importer(815301076,1909f56bfc062723c751e8b465ee728b)
Start importing Assets/Architecture & Environment/Area specfic architecture/Crystal Peak/mines_metal_thin_floors_0001_a #3014.png using Guid(da1617535286744448b72dbc8ac17525) Importer(815301076,1909f56bfc062723c751e8b465ee728b)  -> (artifact id: '0c6164e0cf931e3bcb0857ea2061496e') in 0.025672 seconds
Number of updated asset objects reloaded before import = 0
Number of asset objects unloaded after import = 3
========================================================================
Received Import Request.
  Time since last request: 0.000024 seconds.
  path: Assets/Architecture & Environment/Area specfic architecture/Resting Grounds/rg_mansion_floor_2.png
  artifactKey: Guid(9ef347dd792ec454399f45e53f93c3ee) Importer(815301076,1909f56bfc062723c751e8b465ee728b)
Start importing Assets/Architecture & Environment/Area specfic architecture/Resting Grounds/rg_mansion_floor_2.png using Guid(9ef347dd792ec454399f45e53f93c3ee) Importer(815301076,1909f56bfc062723c751e8b465ee728b)  -> (artifact id: 'ed0eb88834e1f477e2818ada25e16032') in 0.013934 seconds
Number of updated asset objects reloaded before import = 0
Number of asset objects unloaded after import = 3
========================================================================
Received Import Request.
  Time since last request: 0.000054 seconds.
  path: Assets/Architecture & Environment/Area specfic architecture/Fungal Wastes/Mantis Village/SpriteAtlasTexture-Mantis_Floor-2048x1024-fmt12.png
  artifactKey: Guid(a40397f13196c9d4995f3e3ac5fe0656) Importer(815301076,1909f56bfc062723c751e8b465ee728b)
Start importing Assets/Architecture & Environment/Area specfic architecture/Fungal Wastes/Mantis Village/SpriteAtlasTexture-Mantis_Floor-2048x1024-fmt12.png using Guid(a40397f13196c9d4995f3e3ac5fe0656) Importer(815301076,1909f56bfc062723c751e8b465ee728b)  -> (artifact id: 'f2c124e8bbd654efe88990aeff0dc87a') in 0.037856 seconds
Number of updated asset objects reloaded before import = 0
Number of asset objects unloaded after import = 3
========================================================================
Received Import Request.
  Time since last request: 0.000051 seconds.
  path: Assets/Architecture & Environment/Area specfic architecture/Deepnest/Distant Village/s_town_crumble_floor.png
  artifactKey: Guid(fa3fa8dc47599e3409ecc4b338888ad0) Importer(815301076,1909f56bfc062723c751e8b465ee728b)
Start importing Assets/Architecture & Environment/Area specfic architecture/Deepnest/Distant Village/s_town_crumble_floor.png using Guid(fa3fa8dc47599e3409ecc4b338888ad0) Importer(815301076,1909f56bfc062723c751e8b465ee728b)  -> (artifact id: '223e6c5258e18ac01d43c98af362bd5d') in 0.026542 seconds
Number of updated asset objects reloaded before import = 0
Number of asset objects unloaded after import = 3
========================================================================
Received Import Request.
  Time since last request: 0.000024 seconds.
  path: Assets/Architecture & Environment/Area specfic architecture/King_s Pass/SpriteAtlasTexture-Tut_floor-2048x512-fmt12.png
  artifactKey: Guid(540277e60d3bc1241b182344e1e198ed) Importer(815301076,1909f56bfc062723c751e8b465ee728b)
Start importing Assets/Architecture & Environment/Area specfic architecture/King_s Pass/SpriteAtlasTexture-Tut_floor-2048x512-fmt12.png using Guid(540277e60d3bc1241b182344e1e198ed) Importer(815301076,1909f56bfc062723c751e8b465ee728b)  -> (artifact id: '015a02720d465df8579a9e51d246f694') in 0.016397 seconds
Number of updated asset objects reloaded before import = 0
Number of asset objects unloaded after import = 3
========================================================================
Received Import Request.
  Time since last request: 0.000041 seconds.
  path: Assets/Resources/Environments/Area specfic architecture/Greenpath/nailmaster_hut_01_0001_floor.png
  artifactKey: Guid(653ef3f727a3f9344bb37264ea0e03fc) Importer(815301076,1909f56bfc062723c751e8b465ee728b)
Start importing Assets/Resources/Environments/Area specfic architecture/Greenpath/nailmaster_hut_01_0001_floor.png using Guid(653ef3f727a3f9344bb37264ea0e03fc) Importer(815301076,1909f56bfc062723c751e8b465ee728b)  -> (artifact id: '28060100bc38cde4bb28e0dec3a8bdfd') in 0.025962 seconds
Number of updated asset objects reloaded before import = 0
Number of asset objects unloaded after import = 3
========================================================================
Received Import Request.
  Time since last request: 0.000068 seconds.
  path: Assets/Architecture & Environment/Area specfic architecture/Deepnest/Distant Village/Spider_interior_set_0009_web_floor_01.png
  artifactKey: Guid(b2e5848f0a2c9f841b59e3db2c32a0a7) Importer(815301076,1909f56bfc062723c751e8b465ee728b)
Start importing Assets/Architecture & Environment/Area specfic architecture/Deepnest/Distant Village/Spider_interior_set_0009_web_floor_01.png using Guid(b2e5848f0a2c9f841b59e3db2c32a0a7) Importer(815301076,1909f56bfc062723c751e8b465ee728b)  -> (artifact id: 'fd2271cc549442044ebcf029432bc61c') in 0.025330 seconds
Number of updated asset objects reloaded before import = 0
Number of asset objects unloaded after import = 3
========================================================================
Received Import Request.
  Time since last request: 0.000027 seconds.
  path: Assets/Architecture & Environment/Area specfic architecture/Crystal Peak/mines_metal_thin_floors_0002_a #32824.png
  artifactKey: Guid(d8c177c6ec6c61a4dbda6c9a785f5be4) Importer(815301076,1909f56bfc062723c751e8b465ee728b)
Start importing Assets/Architecture & Environment/Area specfic architecture/Crystal Peak/mines_metal_thin_floors_0002_a #32824.png using Guid(d8c177c6ec6c61a4dbda6c9a785f5be4) Importer(815301076,1909f56bfc062723c751e8b465ee728b)  -> (artifact id: '9e584dd01c51321d88b10f6633d24ab4') in 0.023551 seconds
Number of updated asset objects reloaded before import = 0
Number of asset objects unloaded after import = 3
========================================================================
Received Import Request.
  Time since last request: 0.000023 seconds.
  path: Assets/Architecture & Environment/Area specfic architecture/City of Tears/ruins_floor_layered_0000_04.png
  artifactKey: Guid(736b33f786c91d7498e56ee86b1faa20) Importer(815301076,1909f56bfc062723c751e8b465ee728b)
Start importing Assets/Architecture & Environment/Area specfic architecture/City of Tears/ruins_floor_layered_0000_04.png using Guid(736b33f786c91d7498e56ee86b1faa20) Importer(815301076,1909f56bfc062723c751e8b465ee728b)  -> (artifact id: 'a3319cb7d14910d8d89b658ee3c1887a') in 0.014723 seconds
Number of updated asset objects reloaded before import = 0
Number of asset objects unloaded after import = 3
========================================================================
Received Import Request.
  Time since last request: 0.000027 seconds.
  path: Assets/Resources/Environments/rock__break_floor.png
  artifactKey: Guid(949ee9872b65afa4faca1c65e197f6e7) Importer(815301076,1909f56bfc062723c751e8b465ee728b)
Start importing Assets/Resources/Environments/rock__break_floor.png using Guid(949ee9872b65afa4faca1c65e197f6e7) Importer(815301076,1909f56bfc062723c751e8b465ee728b)  -> (artifact id: 'f8f80dc143404335a7f684cf68c343ec') in 0.026357 seconds
Number of updated asset objects reloaded before import = 0
Number of asset objects unloaded after import = 3
========================================================================
Received Import Request.
  Time since last request: 0.000026 seconds.
  path: Assets/Resources/Environments/Area specfic architecture/Resting Grounds/snail_shaman_plinth_0003_floor.png
  artifactKey: Guid(760d33fcfde82b341b44890505db4072) Importer(815301076,1909f56bfc062723c751e8b465ee728b)
Start importing Assets/Resources/Environments/Area specfic architecture/Resting Grounds/snail_shaman_plinth_0003_floor.png using Guid(760d33fcfde82b341b44890505db4072) Importer(815301076,1909f56bfc062723c751e8b465ee728b)  -> (artifact id: 'e7de3cbfa4814b8ae2512ce3c0ab9f4f') in 0.014165 seconds
Number of updated asset objects reloaded before import = 0
Number of asset objects unloaded after import = 3
========================================================================
Received Import Request.
  Time since last request: 0.000023 seconds.
  path: Assets/Architecture & Environment/Area specfic architecture/Fungal Wastes/shroom_charm_plinth_0001_floor.png
  artifactKey: Guid(dc1ce0bff8afb7a4da4103f37c20ddd2) Importer(815301076,1909f56bfc062723c751e8b465ee728b)
Start importing Assets/Architecture & Environment/Area specfic architecture/Fungal Wastes/shroom_charm_plinth_0001_floor.png using Guid(dc1ce0bff8afb7a4da4103f37c20ddd2) Importer(815301076,1909f56bfc062723c751e8b465ee728b)  -> (artifact id: '83f15b058d868529e63a40262a431e19') in 0.014521 seconds
Number of updated asset objects reloaded before import = 0
Number of asset objects unloaded after import = 3
========================================================================
Received Import Request.
  Time since last request: 2.807570 seconds.
  path: Assets/Architecture & Environment/Area specfic architecture/Forgotten Crossroads/Temple of the Black Egg/temple_ext_floor_01.png
  artifactKey: Guid(f9e7de5bcebf445408729ee2ad9bfa57) Importer(815301076,1909f56bfc062723c751e8b465ee728b)
Start importing Assets/Architecture & Environment/Area specfic architecture/Forgotten Crossroads/Temple of the Black Egg/temple_ext_floor_01.png using Guid(f9e7de5bcebf445408729ee2ad9bfa57) Importer(815301076,1909f56bfc062723c751e8b465ee728b)  -> (artifact id: '4958c0efe35e5cb31ab34aa4319555af') in 0.025167 seconds
Number of updated asset objects reloaded before import = 0
Number of asset objects unloaded after import = 3
========================================================================
Received Import Request.
  Time since last request: 0.000030 seconds.
  path: Assets/Architecture & Environment/Area specfic architecture/City of Tears/top_floor_stuff_0007_a.png
  artifactKey: Guid(2cec917af9c41894ebdd0c6dbc941701) Importer(815301076,1909f56bfc062723c751e8b465ee728b)
Start importing Assets/Architecture & Environment/Area specfic architecture/City of Tears/top_floor_stuff_0007_a.png using Guid(2cec917af9c41894ebdd0c6dbc941701) Importer(815301076,1909f56bfc062723c751e8b465ee728b)  -> (artifact id: 'fd2ec4af7ce2d5ad5df176f76ac11683') in 0.028680 seconds
Number of updated asset objects reloaded before import = 0
Number of asset objects unloaded after import = 3
========================================================================
Received Import Request.
  Time since last request: 0.000030 seconds.
  path: Assets/Resources/Environments/Area specfic architecture/City of Tears/top_floor_stuff_0005_a.png
  artifactKey: Guid(9031d4f06d1cba843ad4f4563c247426) Importer(815301076,1909f56bfc062723c751e8b465ee728b)
Start importing Assets/Resources/Environments/Area specfic architecture/City of Tears/top_floor_stuff_0005_a.png using Guid(9031d4f06d1cba843ad4f4563c247426) Importer(815301076,1909f56bfc062723c751e8b465ee728b)  -> (artifact id: '4116aae9b55744f651c51bce6e54b323') in 0.036568 seconds
Number of updated asset objects reloaded before import = 0
Number of asset objects unloaded after import = 3
========================================================================
Received Import Request.
  Time since last request: 0.000029 seconds.
  path: Assets/Architecture & Environment/Area specfic architecture/City of Tears/top_floor_stuff_0005_a.png
  artifactKey: Guid(ab597d4ccd520a640b4c37708f613c63) Importer(815301076,1909f56bfc062723c751e8b465ee728b)
Start importing Assets/Architecture & Environment/Area specfic architecture/City of Tears/top_floor_stuff_0005_a.png using Guid(ab597d4ccd520a640b4c37708f613c63) Importer(815301076,1909f56bfc062723c751e8b465ee728b)  -> (artifact id: '82eed5e242d81db1b06cf8d6d85e31ee') in 0.017223 seconds
Number of updated asset objects reloaded before import = 0
Number of asset objects unloaded after import = 3
========================================================================
Received Import Request.
  Time since last request: 0.000025 seconds.
  path: Assets/Architecture & Environment/Area specfic architecture/Dirtmouth/town_floor_01.png
  artifactKey: Guid(3ba660738aeca0a4abf0dfc61ba87d76) Importer(815301076,1909f56bfc062723c751e8b465ee728b)
Start importing Assets/Architecture & Environment/Area specfic architecture/Dirtmouth/town_floor_01.png using Guid(3ba660738aeca0a4abf0dfc61ba87d76) Importer(815301076,1909f56bfc062723c751e8b465ee728b)  -> (artifact id: 'f4c7a2cfc479d87408d6ef437b19bb20') in 0.021358 seconds
Number of updated asset objects reloaded before import = 0
Number of asset objects unloaded after import = 3
========================================================================
Received Import Request.
  Time since last request: 0.000032 seconds.
  path: Assets/Architecture & Environment/Area specfic architecture/City of Tears/top_floor_stuff_0011_a.png
  artifactKey: Guid(9437003f9471d9c4984f51383b946168) Importer(815301076,1909f56bfc062723c751e8b465ee728b)
Start importing Assets/Architecture & Environment/Area specfic architecture/City of Tears/top_floor_stuff_0011_a.png using Guid(9437003f9471d9c4984f51383b946168) Importer(815301076,1909f56bfc062723c751e8b465ee728b)  -> (artifact id: '2cc7af1da5477838d95bc3ba2f758f5f') in 0.031722 seconds
Number of updated asset objects reloaded before import = 0
Number of asset objects unloaded after import = 3
========================================================================
Received Import Request.
  Time since last request: 0.000023 seconds.
  path: Assets/Architecture & Environment/Area specfic architecture/City of Tears/top_floor_stuff_0006_a.png
  artifactKey: Guid(63c30396ea1cc8749a2827b41ff6a1b7) Importer(815301076,1909f56bfc062723c751e8b465ee728b)
Start importing Assets/Architecture & Environment/Area specfic architecture/City of Tears/top_floor_stuff_0006_a.png using Guid(63c30396ea1cc8749a2827b41ff6a1b7) Importer(815301076,1909f56bfc062723c751e8b465ee728b)  -> (artifact id: '707dfb94f2414140c14f318478efc699') in 0.024853 seconds
Number of updated asset objects reloaded before import = 0
Number of asset objects unloaded after import = 3
========================================================================
Received Import Request.
  Time since last request: 0.000025 seconds.
  path: Assets/Resources/Environments/Area specfic architecture/City of Tears/top_floor_stuff_0010_a.png
  artifactKey: Guid(a6e5a54d50821d248b260817f24591ae) Importer(815301076,1909f56bfc062723c751e8b465ee728b)
Start importing Assets/Resources/Environments/Area specfic architecture/City of Tears/top_floor_stuff_0010_a.png using Guid(a6e5a54d50821d248b260817f24591ae) Importer(815301076,1909f56bfc062723c751e8b465ee728b)  -> (artifact id: '80fa9831187514e2518ff2a6a902c0f2') in 0.026755 seconds
Number of updated asset objects reloaded before import = 0
Number of asset objects unloaded after import = 3
========================================================================
Received Import Request.
  Time since last request: 0.000026 seconds.
  path: Assets/Architecture & Environment/Area specfic architecture/City of Tears/top_floor_stuff_0004_a.png
  artifactKey: Guid(bdf1255d8cce3e7458ef09df633db903) Importer(815301076,1909f56bfc062723c751e8b465ee728b)
Start importing Assets/Architecture & Environment/Area specfic architecture/City of Tears/top_floor_stuff_0004_a.png using Guid(bdf1255d8cce3e7458ef09df633db903) Importer(815301076,1909f56bfc062723c751e8b465ee728b)  -> (artifact id: 'b7f294ecb2cddb8ff7f84bc4c4d62413') in 0.024788 seconds
Number of updated asset objects reloaded before import = 0
Number of asset objects unloaded after import = 3
========================================================================
Received Import Request.
  Time since last request: 0.000036 seconds.
  path: Assets/Resources/Environments/Area specfic architecture/City of Tears/top_floor_stuff_0006_a.png
  artifactKey: Guid(a470127f3f8f24e47a35cfa80a900b4b) Importer(815301076,1909f56bfc062723c751e8b465ee728b)
Start importing Assets/Resources/Environments/Area specfic architecture/City of Tears/top_floor_stuff_0006_a.png using Guid(a470127f3f8f24e47a35cfa80a900b4b) Importer(815301076,1909f56bfc062723c751e8b465ee728b)  -> (artifact id: 'd26534b89cb40a82956d90d6cd19344a') in 0.024779 seconds
Number of updated asset objects reloaded before import = 0
Number of asset objects unloaded after import = 3
========================================================================
Received Import Request.
  Time since last request: 0.000024 seconds.
  path: Assets/Architecture & Environment/Area specfic architecture/City of Tears/top_floor_stuff_0010_a.png
  artifactKey: Guid(114686f119afb9c49b5bfef50e8b8307) Importer(815301076,1909f56bfc062723c751e8b465ee728b)
Start importing Assets/Architecture & Environment/Area specfic architecture/City of Tears/top_floor_stuff_0010_a.png using Guid(114686f119afb9c49b5bfef50e8b8307) Importer(815301076,1909f56bfc062723c751e8b465ee728b)  -> (artifact id: 'cc88aaaa9e28659920c6d7fca81a8b44') in 0.014585 seconds
Number of updated asset objects reloaded before import = 0
Number of asset objects unloaded after import = 3
========================================================================
Received Import Request.
  Time since last request: 0.324160 seconds.
  path: Assets/Resources/Environments/Area specfic architecture/Dirtmouth/town_floor_02.png
  artifactKey: Guid(3987c0165f55bac4a9af637313313c93) Importer(815301076,1909f56bfc062723c751e8b465ee728b)
Start importing Assets/Resources/Environments/Area specfic architecture/Dirtmouth/town_floor_02.png using Guid(3987c0165f55bac4a9af637313313c93) Importer(815301076,1909f56bfc062723c751e8b465ee728b)  -> (artifact id: '5a30656ee4afa7d829be7424a800d970') in 0.022925 seconds
Number of updated asset objects reloaded before import = 0
Number of asset objects unloaded after import = 3
========================================================================
Received Import Request.
  Time since last request: 0.000030 seconds.
  path: Assets/Resources/Environments/Area specfic architecture/Dirtmouth/town_floor_03.png
  artifactKey: Guid(02a7cdec316422149a67bddf5b688e8e) Importer(815301076,1909f56bfc062723c751e8b465ee728b)
Start importing Assets/Resources/Environments/Area specfic architecture/Dirtmouth/town_floor_03.png using Guid(02a7cdec316422149a67bddf5b688e8e) Importer(815301076,1909f56bfc062723c751e8b465ee728b)  -> (artifact id: 'e8eafe361fd2bbe6006d47a7710a146e') in 0.022579 seconds
Number of updated asset objects reloaded before import = 0
Number of asset objects unloaded after import = 3
========================================================================
Received Import Request.
  Time since last request: 0.000020 seconds.
  path: Assets/Architecture & Environment/Area specfic architecture/King_s Pass/tut_land_floor_0001_03.png
  artifactKey: Guid(ada14728179ba8c4da5746a1a7786453) Importer(815301076,1909f56bfc062723c751e8b465ee728b)
Start importing Assets/Architecture & Environment/Area specfic architecture/King_s Pass/tut_land_floor_0001_03.png using Guid(ada14728179ba8c4da5746a1a7786453) Importer(815301076,1909f56bfc062723c751e8b465ee728b)  -> (artifact id: '593f014649081c05de40d32aa75723bc') in 0.023560 seconds
Number of updated asset objects reloaded before import = 0
Number of asset objects unloaded after import = 3
========================================================================
Received Import Request.
  Time since last request: 0.000025 seconds.
  path: Assets/Architecture & Environment/Area specfic architecture/Forgotten Crossroads/vil_floor_01.png
  artifactKey: Guid(907bf6ed1e8b4374888f35b33ed70ef5) Importer(815301076,1909f56bfc062723c751e8b465ee728b)
Start importing Assets/Architecture & Environment/Area specfic architecture/Forgotten Crossroads/vil_floor_01.png using Guid(907bf6ed1e8b4374888f35b33ed70ef5) Importer(815301076,1909f56bfc062723c751e8b465ee728b)  -> (artifact id: '6d19b69b63a6aeb9b49913275c7bf4ff') in 0.016035 seconds
Number of updated asset objects reloaded before import = 0
Number of asset objects unloaded after import = 3
========================================================================
Received Import Request.
  Time since last request: 0.000031 seconds.
  path: Assets/Resources/Environments/Area specfic architecture/King_s Pass/tut_land_floor_0003_01.png
  artifactKey: Guid(fb734775714fddb4bab4d17dcd5542aa) Importer(815301076,1909f56bfc062723c751e8b465ee728b)
Start importing Assets/Resources/Environments/Area specfic architecture/King_s Pass/tut_land_floor_0003_01.png using Guid(fb734775714fddb4bab4d17dcd5542aa) Importer(815301076,1909f56bfc062723c751e8b465ee728b)  -> (artifact id: '940dfc55ab48e6868cbf9a0c685be136') in 0.023565 seconds
Number of updated asset objects reloaded before import = 0
Number of asset objects unloaded after import = 3
========================================================================
Received Import Request.
  Time since last request: 0.000023 seconds.
  path: Assets/Resources/Environments/Area specfic architecture/Forgotten Crossroads/Ancestral Mound/wd_floor_01_0001_Layer-0.png
  artifactKey: Guid(cbfc440118e1ba94b8ea1cd31e1fba4d) Importer(815301076,1909f56bfc062723c751e8b465ee728b)
Start importing Assets/Resources/Environments/Area specfic architecture/Forgotten Crossroads/Ancestral Mound/wd_floor_01_0001_Layer-0.png using Guid(cbfc440118e1ba94b8ea1cd31e1fba4d) Importer(815301076,1909f56bfc062723c751e8b465ee728b)  -> (artifact id: '63867fab69135f565230fae8d70c818a') in 0.025055 seconds
Number of updated asset objects reloaded before import = 0
Number of asset objects unloaded after import = 3
========================================================================
Received Import Request.
  Time since last request: 0.000025 seconds.
  path: Assets/Architecture & Environment/Area specfic architecture/Forgotten Crossroads/Ancestral Mound/wd_floor_01_0001_Layer-0.png
  artifactKey: Guid(53f8c044130eb59419c94275abe3688a) Importer(815301076,1909f56bfc062723c751e8b465ee728b)
Start importing Assets/Architecture & Environment/Area specfic architecture/Forgotten Crossroads/Ancestral Mound/wd_floor_01_0001_Layer-0.png using Guid(53f8c044130eb59419c94275abe3688a) Importer(815301076,1909f56bfc062723c751e8b465ee728b)  -> (artifact id: '45aecba2b64420f1c296b33539d1ca94') in 0.023634 seconds
Number of updated asset objects reloaded before import = 0
Number of asset objects unloaded after import = 3
========================================================================
Received Import Request.
  Time since last request: 0.000023 seconds.
  path: Assets/Resources/Environments/Area specfic architecture/King_s Pass/tut_land_floor_0002_02.png
  artifactKey: Guid(0882e2be893793a4c9b606391b66bbba) Importer(815301076,1909f56bfc062723c751e8b465ee728b)
Start importing Assets/Resources/Environments/Area specfic architecture/King_s Pass/tut_land_floor_0002_02.png using Guid(0882e2be893793a4c9b606391b66bbba) Importer(815301076,1909f56bfc062723c751e8b465ee728b)  -> (artifact id: 'e015ca664b069dc86f12387556f14a6b') in 0.023172 seconds
Number of updated asset objects reloaded before import = 0
Number of asset objects unloaded after import = 3
========================================================================
Received Import Request.
  Time since last request: 0.000021 seconds.
  path: Assets/Resources/Environments/tunneL_floor.png
  artifactKey: Guid(7537d1cfd2bca1f47ac03107fcd2dcc9) Importer(815301076,1909f56bfc062723c751e8b465ee728b)
Start importing Assets/Resources/Environments/tunneL_floor.png using Guid(7537d1cfd2bca1f47ac03107fcd2dcc9) Importer(815301076,1909f56bfc062723c751e8b465ee728b)  -> (artifact id: 'cf9ad27fdcb989ca6072b7cb6e667650') in 0.026962 seconds
Number of updated asset objects reloaded before import = 0
Number of asset objects unloaded after import = 3
========================================================================
Received Import Request.
  Time since last request: 0.000030 seconds.
  path: Assets/Resources/Environments/Area specfic architecture/Forgotten Crossroads/Ancestral Mound/wd_floor_01.png
  artifactKey: Guid(2aea9362d0ce7fc40baacb9c944e9473) Importer(815301076,1909f56bfc062723c751e8b465ee728b)
Start importing Assets/Resources/Environments/Area specfic architecture/Forgotten Crossroads/Ancestral Mound/wd_floor_01.png using Guid(2aea9362d0ce7fc40baacb9c944e9473) Importer(815301076,1909f56bfc062723c751e8b465ee728b)  -> (artifact id: '22ef5a0e9614b0ba065891a4c96f0a65') in 0.023029 seconds
Number of updated asset objects reloaded before import = 0
Number of asset objects unloaded after import = 3
========================================================================
Received Import Request.
  Time since last request: 0.000025 seconds.
  path: Assets/Architecture & Environment/Area specfic architecture/King_s Pass/tut_land_floor_0000_04.png
  artifactKey: Guid(d3869246061e25643b77cd77640f5204) Importer(815301076,1909f56bfc062723c751e8b465ee728b)
Start importing Assets/Architecture & Environment/Area specfic architecture/King_s Pass/tut_land_floor_0000_04.png using Guid(d3869246061e25643b77cd77640f5204) Importer(815301076,1909f56bfc062723c751e8b465ee728b)  -> (artifact id: '64f13ba3f577e59e59c6fc5625f6dca7') in 0.014717 seconds
Number of updated asset objects reloaded before import = 0
Number of asset objects unloaded after import = 3
========================================================================
Received Import Request.
  Time since last request: 0.203725 seconds.
  path: Assets/Resources/Environments/Area specfic architecture/Forgotten Crossroads/Ancestral Mound/wd_floor_02.png
  artifactKey: Guid(ea2ce73f475a55e45a48a2397b141a86) Importer(815301076,1909f56bfc062723c751e8b465ee728b)
Start importing Assets/Resources/Environments/Area specfic architecture/Forgotten Crossroads/Ancestral Mound/wd_floor_02.png using Guid(ea2ce73f475a55e45a48a2397b141a86) Importer(815301076,1909f56bfc062723c751e8b465ee728b)  -> (artifact id: 'b33c6d0905eb148be303e025135ab9f3') in 0.029230 seconds
Number of updated asset objects reloaded before import = 0
Number of asset objects unloaded after import = 3
========================================================================
Received Import Request.
  Time since last request: 0.000057 seconds.
  path: Assets/Architecture & Environment/Area specfic architecture/Forgotten Crossroads/Ancestral Mound/wd_floor_02_0002_Layer-2.png
  artifactKey: Guid(971377753d6b1754f9251eda76184cc4) Importer(815301076,1909f56bfc062723c751e8b465ee728b)
Start importing Assets/Architecture & Environment/Area specfic architecture/Forgotten Crossroads/Ancestral Mound/wd_floor_02_0002_Layer-2.png using Guid(971377753d6b1754f9251eda76184cc4) Importer(815301076,1909f56bfc062723c751e8b465ee728b)  -> (artifact id: '97f7b2befd48fef2a99496d5ae129f1e') in 0.026101 seconds
Number of updated asset objects reloaded before import = 0
Number of asset objects unloaded after import = 3
========================================================================
Received Import Request.
  Time since last request: 0.000049 seconds.
  path: Assets/Resources/Environments/Area specfic architecture/Forgotten Crossroads/Ancestral Mound/wd_floor_03_0000_Layer-1.png
  artifactKey: Guid(fcd7f59a34d380b40a1f427c5dddbabc) Importer(815301076,1909f56bfc062723c751e8b465ee728b)
Start importing Assets/Resources/Environments/Area specfic architecture/Forgotten Crossroads/Ancestral Mound/wd_floor_03_0000_Layer-1.png using Guid(fcd7f59a34d380b40a1f427c5dddbabc) Importer(815301076,1909f56bfc062723c751e8b465ee728b)  -> (artifact id: '3f75d57f7972de5c4671985f83ae0a46') in 0.029785 seconds
Number of updated asset objects reloaded before import = 0
Number of asset objects unloaded after import = 3
========================================================================
Received Import Request.
  Time since last request: 0.000060 seconds.
  path: Assets/Resources/Environments/Area specfic architecture/Forgotten Crossroads/Ancestral Mound/wd_floor_02_0000_Layer-0.png
  artifactKey: Guid(669e930ce1db1d146953a075262f531f) Importer(815301076,1909f56bfc062723c751e8b465ee728b)
Start importing Assets/Resources/Environments/Area specfic architecture/Forgotten Crossroads/Ancestral Mound/wd_floor_02_0000_Layer-0.png using Guid(669e930ce1db1d146953a075262f531f) Importer(815301076,1909f56bfc062723c751e8b465ee728b)  -> (artifact id: '54fd7d499d53a827aac96e49fd8a43f8') in 0.032571 seconds
Number of updated asset objects reloaded before import = 0
Number of asset objects unloaded after import = 3
========================================================================
Received Import Request.
  Time since last request: 0.000029 seconds.
  path: Assets/Architecture & Environment/Area specfic architecture/Forgotten Crossroads/Ancestral Mound/wd_floor_02_0001_Layer-1.png
  artifactKey: Guid(5503b095181ad85419c48b803af72b94) Importer(815301076,1909f56bfc062723c751e8b465ee728b)
Start importing Assets/Architecture & Environment/Area specfic architecture/Forgotten Crossroads/Ancestral Mound/wd_floor_02_0001_Layer-1.png using Guid(5503b095181ad85419c48b803af72b94) Importer(815301076,1909f56bfc062723c751e8b465ee728b)  -> (artifact id: '751d2945b90f09b953434f2a8e41d043') in 0.026615 seconds
Number of updated asset objects reloaded before import = 0
Number of asset objects unloaded after import = 3
========================================================================
Received Import Request.
  Time since last request: 0.000026 seconds.
  path: Assets/Resources/Environments/Area specfic architecture/White Palace/White_Palace_workshop_floor_0000_1.png
  artifactKey: Guid(b7c12af30bc34f6458f5530a89ed71d8) Importer(815301076,1909f56bfc062723c751e8b465ee728b)
Start importing Assets/Resources/Environments/Area specfic architecture/White Palace/White_Palace_workshop_floor_0000_1.png using Guid(b7c12af30bc34f6458f5530a89ed71d8) Importer(815301076,1909f56bfc062723c751e8b465ee728b)  -> (artifact id: '99fd200d474fc1985dd158bfc8350421') in 0.033021 seconds
Number of updated asset objects reloaded before import = 0
Number of asset objects unloaded after import = 3
========================================================================
Received Import Request.
  Time since last request: 0.000024 seconds.
  path: Assets/Resources/Environments/Area specfic architecture/Forgotten Crossroads/Ancestral Mound/wd_floor_03_0001_Layer-0.png
  artifactKey: Guid(63b85c74b48a76c47b344d2454f4562b) Importer(815301076,1909f56bfc062723c751e8b465ee728b)
Start importing Assets/Resources/Environments/Area specfic architecture/Forgotten Crossroads/Ancestral Mound/wd_floor_03_0001_Layer-0.png using Guid(63b85c74b48a76c47b344d2454f4562b) Importer(815301076,1909f56bfc062723c751e8b465ee728b)  -> (artifact id: 'b56d6ccf5ebf268f9ca14f8a4657b5b3') in 0.034182 seconds
Number of updated asset objects reloaded before import = 0
Number of asset objects unloaded after import = 3
========================================================================
Received Import Request.
  Time since last request: 0.000039 seconds.
  path: Assets/Architecture & Environment/Area specfic architecture/Forgotten Crossroads/Ancestral Mound/wd_floor_03_0001_Layer-0.png
  artifactKey: Guid(83dbed27e269e134a9b6afe49bacd86f) Importer(815301076,1909f56bfc062723c751e8b465ee728b)
Start importing Assets/Architecture & Environment/Area specfic architecture/Forgotten Crossroads/Ancestral Mound/wd_floor_03_0001_Layer-0.png using Guid(83dbed27e269e134a9b6afe49bacd86f) Importer(815301076,1909f56bfc062723c751e8b465ee728b)  -> (artifact id: 'fc150f881d66284f0e0c2bc5552343c7') in 0.028355 seconds
Number of updated asset objects reloaded before import = 0
Number of asset objects unloaded after import = 3
========================================================================
Received Import Request.
  Time since last request: 0.000033 seconds.
  path: Assets/Architecture & Environment/Area specfic architecture/Forgotten Crossroads/Ancestral Mound/wd_floor_03_0002_Layer-2.png
  artifactKey: Guid(e60d32d6bb4fe604c9f990bf7a2c4f0a) Importer(815301076,1909f56bfc062723c751e8b465ee728b)
Start importing Assets/Architecture & Environment/Area specfic architecture/Forgotten Crossroads/Ancestral Mound/wd_floor_03_0002_Layer-2.png using Guid(e60d32d6bb4fe604c9f990bf7a2c4f0a) Importer(815301076,1909f56bfc062723c751e8b465ee728b)  -> (artifact id: 'a7983424a41d800b36f248cf4255f8ba') in 0.026770 seconds
Number of updated asset objects reloaded before import = 0
Number of asset objects unloaded after import = 3
========================================================================
Received Import Request.
  Time since last request: 0.000024 seconds.
  path: Assets/Architecture & Environment/Area specfic architecture/White Palace/White_Palace_workshop_floor_0000_1.png
  artifactKey: Guid(60e4fe85a340daf4596006065a363a36) Importer(815301076,1909f56bfc062723c751e8b465ee728b)
Start importing Assets/Architecture & Environment/Area specfic architecture/White Palace/White_Palace_workshop_floor_0000_1.png using Guid(60e4fe85a340daf4596006065a363a36) Importer(815301076,1909f56bfc062723c751e8b465ee728b)  -> (artifact id: '8b0bc779e530009371cd2a94943c70a6') in 0.018019 seconds
Number of updated asset objects reloaded before import = 0
Number of asset objects unloaded after import = 3
========================================================================
Received Import Request.
  Time since last request: 1.901185 seconds.
  path: Assets/Architecture & Environment/Area specfic architecture/White Palace/wp_floor_long.png
  artifactKey: Guid(029ca8c3c20f7e9439d79414cd227446) Importer(815301076,1909f56bfc062723c751e8b465ee728b)
Start importing Assets/Architecture & Environment/Area specfic architecture/White Palace/wp_floor_long.png using Guid(029ca8c3c20f7e9439d79414cd227446) Importer(815301076,1909f56bfc062723c751e8b465ee728b)  -> (artifact id: '1e75ed8617462d6592c415f8cedfe985') in 0.024640 seconds
Number of updated asset objects reloaded before import = 0
Number of asset objects unloaded after import = 3
========================================================================
Received Import Request.
  Time since last request: 0.000028 seconds.
  path: Assets/Architecture & Environment/Area specfic architecture/White Palace/wp_quake_floor.png
  artifactKey: Guid(d6ed35c4bdb9daf4391a4aeb919aa892) Importer(815301076,1909f56bfc062723c751e8b465ee728b)
Start importing Assets/Architecture & Environment/Area specfic architecture/White Palace/wp_quake_floor.png using Guid(d6ed35c4bdb9daf4391a4aeb919aa892) Importer(815301076,1909f56bfc062723c751e8b465ee728b)  -> (artifact id: '63e785c528eee1c7a1a30e7ad5b67619') in 0.033207 seconds
Number of updated asset objects reloaded before import = 0
Number of asset objects unloaded after import = 3
Editor requested this worker to shutdown with reason: Scaling down because of idle timeout
TcpMessagingSession - receive error: operation aborted. errorcode: 995, details: The I/O operation has been aborted because of either a thread exit or an application request.
AssetImportWorker is now disconnected from the server
Process exiting
Exiting without the bug reporter. Application will terminate with return code 0