Using pre-set license
Built from '2022.3/staging' branch; Version is '2022.3.27f1 (73effa14754f) revision 7598074'; Using compiler version '192829333'; Build Type 'Release'
OS: 'Windows 11  (10.0.22631) 64bit CoreSingleLanguage' Language: 'en' Physical Memory: 15724 MB
BatchMode: 1, IsHumanControllingUs: 0, StartBugReporterOnCrash: 0, Is64bit: 1, IsPro: 1

COMMAND LINE ARGUMENTS:
C:\Program Files\Unity\Hub\Editor\2022.3.27f1\Editor\Unity.exe
-adb2
-batchMode
-noUpm
-name
AssetImportWorker9
-projectPath
E:/HK
-logFile
Logs/AssetImportWorker9.log
-srvPort
52407
Successfully changed project path to: E:/HK
E:/HK
[UnityMemory] Configuration Parameters - Can be set up in boot.config
    "memorysetup-bucket-allocator-granularity=16"
    "memorysetup-bucket-allocator-bucket-count=8"
    "memorysetup-bucket-allocator-block-size=33554432"
    "memorysetup-bucket-allocator-block-count=8"
    "memorysetup-main-allocator-block-size=16777216"
    "memorysetup-thread-allocator-block-size=16777216"
    "memorysetup-gfx-main-allocator-block-size=16777216"
    "memorysetup-gfx-thread-allocator-block-size=16777216"
    "memorysetup-cache-allocator-block-size=4194304"
    "memorysetup-typetree-allocator-block-size=2097152"
    "memorysetup-profiler-bucket-allocator-granularity=16"
    "memorysetup-profiler-bucket-allocator-bucket-count=8"
    "memorysetup-profiler-bucket-allocator-block-size=33554432"
    "memorysetup-profiler-bucket-allocator-block-count=8"
    "memorysetup-profiler-allocator-block-size=16777216"
    "memorysetup-profiler-editor-allocator-block-size=1048576"
    "memorysetup-temp-allocator-size-main=16777216"
    "memorysetup-job-temp-allocator-block-size=2097152"
    "memorysetup-job-temp-allocator-block-size-background=1048576"
    "memorysetup-job-temp-allocator-reduction-small-platforms=262144"
    "memorysetup-allocator-temp-initial-block-size-main=262144"
    "memorysetup-allocator-temp-initial-block-size-worker=262144"
    "memorysetup-temp-allocator-size-background-worker=32768"
    "memorysetup-temp-allocator-size-job-worker=262144"
    "memorysetup-temp-allocator-size-preload-manager=33554432"
    "memorysetup-temp-allocator-size-nav-mesh-worker=65536"
    "memorysetup-temp-allocator-size-audio-worker=65536"
    "memorysetup-temp-allocator-size-cloud-worker=32768"
    "memorysetup-temp-allocator-size-gi-baking-worker=262144"
    "memorysetup-temp-allocator-size-gfx=262144"
Player connection [2344] Host "[IP] 192.168.1.192 [Port] 0 [Flags] 2 [Guid] 491294973 [EditorId] 491294973 [Version] 1048832 [Id] WindowsEditor(7,LeiFeng) [Debug] 1 [PackageName] WindowsEditor [ProjectName] Editor" joined multi-casting on [225.0.0.222:54997]...

Player connection [2344] Host "[IP] 192.168.1.192 [Port] 0 [Flags] 2 [Guid] 491294973 [EditorId] 491294973 [Version] 1048832 [Id] WindowsEditor(7,LeiFeng) [Debug] 1 [PackageName] WindowsEditor [ProjectName] Editor" joined alternative multi-casting on [225.0.0.222:34997]...

[Physics::Module] Initialized MultithreadedJobDispatcher with 11 workers.
Refreshing native plugins compatible for Editor in 29.15 ms, found 4 plugins.
Preloading 0 native plugins for Editor in 0.00 ms.
Initialize engine version: 2022.3.27f1 (73effa14754f)
[Subsystems] Discovering subsystems at path C:/Program Files/Unity/Hub/Editor/2022.3.27f1/Editor/Data/Resources/UnitySubsystems
[Subsystems] Discovering subsystems at path E:/HK/Assets
GfxDevice: creating device client; threaded=0; jobified=0
Direct3D:
    Version:  Direct3D 11.0 [level 11.1]
    Renderer: NVIDIA GeForce GTX 1650 (ID=0x1f9d)
    Vendor:   NVIDIA
    VRAM:     3937 MB
    Driver:   32.0.15.6590
Initialize mono
Mono path[0] = 'C:/Program Files/Unity/Hub/Editor/2022.3.27f1/Editor/Data/Managed'
Mono path[1] = 'C:/Program Files/Unity/Hub/Editor/2022.3.27f1/Editor/Data/MonoBleedingEdge/lib/mono/unityjit-win32'
Mono config path = 'C:/Program Files/Unity/Hub/Editor/2022.3.27f1/Editor/Data/MonoBleedingEdge/etc'
Using monoOptions --debugger-agent=transport=dt_socket,embedding=1,server=y,suspend=n,address=127.0.0.1:56616
Begin MonoManager ReloadAssembly
Registering precompiled unity dll's ...
Register platform support module: C:/Program Files/Unity/Hub/Editor/2022.3.27f1/Editor/Data/PlaybackEngines/WebGLSupport/UnityEditor.WebGL.Extensions.dll
Register platform support module: C:/Program Files/Unity/Hub/Editor/2022.3.27f1/Editor/Data/PlaybackEngines/WindowsStandaloneSupport/UnityEditor.WindowsStandalone.Extensions.dll
Registered in 0.012221 seconds.
- Loaded All Assemblies, in  0.504 seconds
Native extension for WindowsStandalone target not found
Native extension for WebGL target not found
Mono: successfully reloaded assembly
- Finished resetting the current domain, in  0.415 seconds
Domain Reload Profiling: 916ms
	BeginReloadAssembly (157ms)
		ExecutionOrderSort (0ms)
		DisableScriptedObjects (0ms)
		BackupInstance (0ms)
		ReleaseScriptingObjects (0ms)
		CreateAndSetChildDomain (1ms)
	RebuildCommonClasses (43ms)
	RebuildNativeTypeToScriptingClass (13ms)
	initialDomainReloadingComplete (85ms)
	LoadAllAssembliesAndSetupDomain (202ms)
		LoadAssemblies (153ms)
		RebuildTransferFunctionScriptingTraits (0ms)
		AnalyzeDomain (198ms)
			TypeCache.Refresh (196ms)
				TypeCache.ScanAssembly (181ms)
			ScanForSourceGeneratedMonoScriptInfo (1ms)
			ResolveRequiredComponents (1ms)
	FinalizeReload (416ms)
		ReleaseScriptCaches (0ms)
		RebuildScriptCaches (0ms)
		SetupLoadedEditorAssemblies (344ms)
			LogAssemblyErrors (0ms)
			InitializePlatformSupportModulesInManaged (14ms)
			SetLoadedEditorAssemblies (6ms)
			RefreshPlugins (0ms)
			BeforeProcessingInitializeOnLoad (3ms)
			ProcessInitializeOnLoadAttributes (259ms)
			ProcessInitializeOnLoadMethodAttributes (62ms)
			AfterProcessingInitializeOnLoad (0ms)
			EditorAssembliesLoaded (0ms)
		ExecutionOrderSort2 (0ms)
		AwakeInstancesAfterBackupRestoration (0ms)
========================================================================
Worker process is ready to serve import requests
Begin MonoManager ReloadAssembly
- Loaded All Assemblies, in  1.175 seconds
Refreshing native plugins compatible for Editor in 6.92 ms, found 4 plugins.
Native extension for WindowsStandalone target not found
Native extension for WebGL target not found
Package Manager log level set to [2]
[Package Manager] Server::EnsureServerProcessIsRunning -- launch failed, reason: Unity was launched with the -noUpm command-line argument
[Package Manager] UpmClient::Send -- Unable to send message (not connected to UPM process).
[Package Manager] Cannot connect to Unity Package Manager local server
Mono: successfully reloaded assembly
- Finished resetting the current domain, in  1.199 seconds
Domain Reload Profiling: 2370ms
	BeginReloadAssembly (195ms)
		ExecutionOrderSort (0ms)
		DisableScriptedObjects (8ms)
		BackupInstance (0ms)
		ReleaseScriptingObjects (0ms)
		CreateAndSetChildDomain (28ms)
	RebuildCommonClasses (45ms)
	RebuildNativeTypeToScriptingClass (14ms)
	initialDomainReloadingComplete (59ms)
	LoadAllAssembliesAndSetupDomain (859ms)
		LoadAssemblies (657ms)
		RebuildTransferFunctionScriptingTraits (0ms)
		AnalyzeDomain (315ms)
			TypeCache.Refresh (261ms)
				TypeCache.ScanAssembly (241ms)
			ScanForSourceGeneratedMonoScriptInfo (39ms)
			ResolveRequiredComponents (14ms)
	FinalizeReload (1199ms)
		ReleaseScriptCaches (0ms)
		RebuildScriptCaches (0ms)
		SetupLoadedEditorAssemblies (962ms)
			LogAssemblyErrors (0ms)
			InitializePlatformSupportModulesInManaged (11ms)
			SetLoadedEditorAssemblies (5ms)
			RefreshPlugins (0ms)
			BeforeProcessingInitializeOnLoad (139ms)
			ProcessInitializeOnLoadAttributes (672ms)
			ProcessInitializeOnLoadMethodAttributes (123ms)
			AfterProcessingInitializeOnLoad (11ms)
			EditorAssembliesLoaded (0ms)
		ExecutionOrderSort2 (0ms)
		AwakeInstancesAfterBackupRestoration (10ms)
Launched and connected shader compiler UnityShaderCompiler.exe after 0.08 seconds
Refreshing native plugins compatible for Editor in 10.23 ms, found 4 plugins.
Preloading 0 native plugins for Editor in 0.00 ms.
Unloading 5999 Unused Serialized files (Serialized files now loaded: 0)
Unloading 103 unused Assets / (0.9 MB). Loaded Objects now: 6452.
Memory consumption went from 227.5 MB to 226.5 MB.
Total: 6.184000 ms (FindLiveObjects: 0.530000 ms CreateObjectMapping: 0.409400 ms MarkObjects: 4.355700 ms  DeleteObjects: 0.887400 ms)

AssetImportParameters requested are different than current active one (requested -> active):
  custom:container-demuxer-ogg: 62fdf1f143b41e24485cea50d1cbac27 -> 
  custom:video-codec-MediaFoundation-h265: 746d11721c4dcdbdad8f713fa42b33f4 -> 
  custom:video-decoder-ogg-theora: a1e56fd34408186e4bbccfd4996cb3dc -> 
  custom:framework-win-MediaFoundation: 216162199b28c13a410421893ffa2e32 -> 
  custom:CustomObjectIndexerAttribute: 72b91833f83ae208fae7752999fa3104 -> 
  custom:container-demuxer-webm: 4f35f7cbe854078d1ac9338744f61a02 -> 
  custom:container-muxer-webm: aa71ff27fc2769a1b78a27578f13a17b -> 
  custom:video-decoder-webm-vp8: 9c59270c3fd7afecdb556c50c9e8de78 -> 
  custom:SearchIndexIgnoredProperties: e643bd26f0fe6173181afceb89e7c659 -> 
  custom:AudioImporter_EditorPlatform: d09bf68614088b80899f8185d706f6e7 -> 
  custom:video-encoder-webm-vp8: eb34c28f22e8b96e1ab97ce403110664 -> 
  custom:audio-decoder-ogg-vorbis: bf7c407c2cedff20999df2af8eb42d56 -> 
  custom:audio-encoder-webm-vorbis: bf7c407c2cedff20999df2af8eb42d56 -> 
========================================================================
Received Import Request.
  Time since last request: 42170.976712 seconds.
  path: Assets/UniversalRenderPipelineGlobalSettings.asset
  artifactKey: Guid(6acedc7ab1f93c24391ebf3c6b19f419) Importer(815301076,1909f56bfc062723c751e8b465ee728b)
Start importing Assets/UniversalRenderPipelineGlobalSettings.asset using Guid(6acedc7ab1f93c24391ebf3c6b19f419) Importer(815301076,1909f56bfc062723c751e8b465ee728b)  -> (artifact id: '92f260f88fb6e85c1fe6b4abea6b406a') in 0.021240 seconds
Number of updated asset objects reloaded before import = 0
Number of asset objects unloaded after import = 1
========================================================================
Received Import Request.
  Time since last request: 221.839088 seconds.
  path: Assets/Architecture & Environment/Grass & Vines/01000.png
  artifactKey: Guid(53789ad89274e3342a7f4bc4016f9ce2) Importer(815301076,1909f56bfc062723c751e8b465ee728b)
Start importing Assets/Architecture & Environment/Grass & Vines/01000.png using Guid(53789ad89274e3342a7f4bc4016f9ce2) Importer(815301076,1909f56bfc062723c751e8b465ee728b)  -> (artifact id: 'f1d925c16362cc3c2e5af50ddc16f7b4') in 0.181665 seconds
Number of updated asset objects reloaded before import = 0
Number of asset objects unloaded after import = 3
========================================================================
Received Import Request.
  Time since last request: 0.000042 seconds.
  path: Assets/Architecture & Environment/Area specfic architecture/Forgotten Crossroads/2163-4@2x.png
  artifactKey: Guid(d2d3b6e56069af945a4ae2f2808a3bd5) Importer(815301076,1909f56bfc062723c751e8b465ee728b)
Start importing Assets/Architecture & Environment/Area specfic architecture/Forgotten Crossroads/2163-4@2x.png using Guid(d2d3b6e56069af945a4ae2f2808a3bd5) Importer(815301076,1909f56bfc062723c751e8b465ee728b)  -> (artifact id: 'b7a73054165394bbc20d6f24cfe7b60e') in 0.029418 seconds
Number of updated asset objects reloaded before import = 0
Number of asset objects unloaded after import = 3
========================================================================
Received Import Request.
  Time since last request: 0.000053 seconds.
  path: Assets/Architecture & Environment/Area specfic architecture/Forgotten Crossroads/2163-1@2x.png
  artifactKey: Guid(1014401ea09e70e4ebc962c149756cdd) Importer(815301076,1909f56bfc062723c751e8b465ee728b)
Start importing Assets/Architecture & Environment/Area specfic architecture/Forgotten Crossroads/2163-1@2x.png using Guid(1014401ea09e70e4ebc962c149756cdd) Importer(815301076,1909f56bfc062723c751e8b465ee728b)  -> (artifact id: '9f696ec0845d6e574c5c4793daaf7a36') in 0.024349 seconds
Number of updated asset objects reloaded before import = 0
Number of asset objects unloaded after import = 3
========================================================================
Received Import Request.
  Time since last request: 0.000022 seconds.
  path: Assets/Architecture & Environment/Grass & Vines/01003.png
  artifactKey: Guid(2752f9d3656b2d64c802b143ecccb522) Importer(815301076,1909f56bfc062723c751e8b465ee728b)
Start importing Assets/Architecture & Environment/Grass & Vines/01003.png using Guid(2752f9d3656b2d64c802b143ecccb522) Importer(815301076,1909f56bfc062723c751e8b465ee728b)  -> (artifact id: 'faadacda9273a1f76c24211d15f84a96') in 0.022086 seconds
Number of updated asset objects reloaded before import = 0
Number of asset objects unloaded after import = 3
========================================================================
Received Import Request.
  Time since last request: 0.000028 seconds.
  path: Assets/Resources/Environments/Area specfic architecture/Forgotten Crossroads/1505-0@2x.png
  artifactKey: Guid(da2186fedcd119e428f4a4f4e95c1588) Importer(815301076,1909f56bfc062723c751e8b465ee728b)
Start importing Assets/Resources/Environments/Area specfic architecture/Forgotten Crossroads/1505-0@2x.png using Guid(da2186fedcd119e428f4a4f4e95c1588) Importer(815301076,1909f56bfc062723c751e8b465ee728b)  -> (artifact id: '6575e31aa8d6d83fec60c4b317f22d20') in 0.016880 seconds
Number of updated asset objects reloaded before import = 0
Number of asset objects unloaded after import = 3
========================================================================
Received Import Request.
  Time since last request: 0.000021 seconds.
  path: Assets/Architecture & Environment/Grass & Vines/03008.png
  artifactKey: Guid(26f2a3d45137cd04689db419eec940d2) Importer(815301076,1909f56bfc062723c751e8b465ee728b)
Start importing Assets/Architecture & Environment/Grass & Vines/03008.png using Guid(26f2a3d45137cd04689db419eec940d2) Importer(815301076,1909f56bfc062723c751e8b465ee728b)  -> (artifact id: '7c007b2cedc9a18bc8055126592d9637') in 0.026557 seconds
Number of updated asset objects reloaded before import = 0
Number of asset objects unloaded after import = 3
========================================================================
Received Import Request.
  Time since last request: 0.000035 seconds.
  path: Assets/Architecture & Environment/Area specfic architecture/Forgotten Crossroads/2163-3@2x.png
  artifactKey: Guid(191c3cb850530864f814eb0130b55305) Importer(815301076,1909f56bfc062723c751e8b465ee728b)
Start importing Assets/Architecture & Environment/Area specfic architecture/Forgotten Crossroads/2163-3@2x.png using Guid(191c3cb850530864f814eb0130b55305) Importer(815301076,1909f56bfc062723c751e8b465ee728b)  -> (artifact id: 'ad5cfcb6aaf03247ba8a7ee00bdb0c7c') in 0.028256 seconds
Number of updated asset objects reloaded before import = 0
Number of asset objects unloaded after import = 3
========================================================================
Received Import Request.
  Time since last request: 0.000020 seconds.
  path: Assets/Resources/Environments/Area specfic architecture/Crystal Peak/1833-1@2x.png
  artifactKey: Guid(909ea944243017a41a5d7d6069a5b5ae) Importer(815301076,1909f56bfc062723c751e8b465ee728b)
Start importing Assets/Resources/Environments/Area specfic architecture/Crystal Peak/1833-1@2x.png using Guid(909ea944243017a41a5d7d6069a5b5ae) Importer(815301076,1909f56bfc062723c751e8b465ee728b)  -> (artifact id: '6afc2913dd81ab7d56f7bf02120a603a') in 0.039715 seconds
Number of updated asset objects reloaded before import = 0
Number of asset objects unloaded after import = 3
========================================================================
Received Import Request.
  Time since last request: 0.000108 seconds.
  path: Assets/Architecture & Environment/Grass & Vines/01007.png
  artifactKey: Guid(4c2fb9520b2ccb54ba589759bf859910) Importer(815301076,1909f56bfc062723c751e8b465ee728b)
Start importing Assets/Architecture & Environment/Grass & Vines/01007.png using Guid(4c2fb9520b2ccb54ba589759bf859910) Importer(815301076,1909f56bfc062723c751e8b465ee728b)  -> (artifact id: '65a2a0474bc78faf3b1d11162312da72') in 0.029180 seconds
Number of updated asset objects reloaded before import = 0
Number of asset objects unloaded after import = 3
========================================================================
Received Import Request.
  Time since last request: 0.000023 seconds.
  path: Assets/Architecture & Environment/Grass & Vines/01006.png
  artifactKey: Guid(71e681ce66d068e45a97efa699a0a896) Importer(815301076,1909f56bfc062723c751e8b465ee728b)
Start importing Assets/Architecture & Environment/Grass & Vines/01006.png using Guid(71e681ce66d068e45a97efa699a0a896) Importer(815301076,1909f56bfc062723c751e8b465ee728b)  -> (artifact id: '11dc5f1c5eb7d68d823b816c63f7ca03') in 0.026515 seconds
Number of updated asset objects reloaded before import = 0
Number of asset objects unloaded after import = 3
========================================================================
Received Import Request.
  Time since last request: 0.000027 seconds.
  path: Assets/Resources/Environments/Area specfic architecture/Forgotten Crossroads/2163-4@2x.png
  artifactKey: Guid(4e1c5bd45fd939c47bf342902996a9c4) Importer(815301076,1909f56bfc062723c751e8b465ee728b)
Start importing Assets/Resources/Environments/Area specfic architecture/Forgotten Crossroads/2163-4@2x.png using Guid(4e1c5bd45fd939c47bf342902996a9c4) Importer(815301076,1909f56bfc062723c751e8b465ee728b)  -> (artifact id: '487e6e02254cd5d1aaeb55130af10123') in 0.019649 seconds
Number of updated asset objects reloaded before import = 0
Number of asset objects unloaded after import = 3
========================================================================
Received Import Request.
  Time since last request: 0.000023 seconds.
  path: Assets/Architecture & Environment/Area specfic architecture/Forgotten Crossroads/2953-0@2x.png
  artifactKey: Guid(1806ad217ea22b544b16512588f31e75) Importer(815301076,1909f56bfc062723c751e8b465ee728b)
Start importing Assets/Architecture & Environment/Area specfic architecture/Forgotten Crossroads/2953-0@2x.png using Guid(1806ad217ea22b544b16512588f31e75) Importer(815301076,1909f56bfc062723c751e8b465ee728b)  -> (artifact id: '41f9b0bc43632b0c14e5ca54c0330f1c') in 0.042025 seconds
Number of updated asset objects reloaded before import = 0
Number of asset objects unloaded after import = 3
========================================================================
Received Import Request.
  Time since last request: 0.000025 seconds.
  path: Assets/Resources/Environments/Area specfic architecture/Crystal Peak/1821-1@2x.png
  artifactKey: Guid(a2e6de7c5594f594896fec4a01b5ad0b) Importer(815301076,1909f56bfc062723c751e8b465ee728b)
Start importing Assets/Resources/Environments/Area specfic architecture/Crystal Peak/1821-1@2x.png using Guid(a2e6de7c5594f594896fec4a01b5ad0b) Importer(815301076,1909f56bfc062723c751e8b465ee728b)  -> (artifact id: 'a9977d75c45a6c001a5ee0bbd793980e') in 0.039575 seconds
Number of updated asset objects reloaded before import = 0
Number of asset objects unloaded after import = 3
========================================================================
Received Import Request.
  Time since last request: 0.000032 seconds.
  path: Assets/Architecture & Environment/Grass & Vines/03002.png
  artifactKey: Guid(3168ab16d70acbd42ad5f5b01f61bb1d) Importer(815301076,1909f56bfc062723c751e8b465ee728b)
Start importing Assets/Architecture & Environment/Grass & Vines/03002.png using Guid(3168ab16d70acbd42ad5f5b01f61bb1d) Importer(815301076,1909f56bfc062723c751e8b465ee728b)  -> (artifact id: 'fe446b4fdf5704517ffab6dd5f412b5d') in 0.028099 seconds
Number of updated asset objects reloaded before import = 0
Number of asset objects unloaded after import = 3
========================================================================
Received Import Request.
  Time since last request: 0.000046 seconds.
  path: Assets/Architecture & Environment/Area specfic architecture/Crystal Peak/1833-1@2x.png
  artifactKey: Guid(58751fc8ab3fb5c469023efe9647a3aa) Importer(815301076,1909f56bfc062723c751e8b465ee728b)
Start importing Assets/Architecture & Environment/Area specfic architecture/Crystal Peak/1833-1@2x.png using Guid(58751fc8ab3fb5c469023efe9647a3aa) Importer(815301076,1909f56bfc062723c751e8b465ee728b)  -> (artifact id: '0e9d9284ccc4c6b7c1fc44b2e26f7ca0') in 0.031605 seconds
Number of updated asset objects reloaded before import = 0
Number of asset objects unloaded after import = 3
========================================================================
Received Import Request.
  Time since last request: 0.000025 seconds.
  path: Assets/Architecture & Environment/Area specfic architecture/Crystal Peak/2189-2@2x.png
  artifactKey: Guid(e7649aa2e74d11444a1987eae917bd48) Importer(815301076,1909f56bfc062723c751e8b465ee728b)
Start importing Assets/Architecture & Environment/Area specfic architecture/Crystal Peak/2189-2@2x.png using Guid(e7649aa2e74d11444a1987eae917bd48) Importer(815301076,1909f56bfc062723c751e8b465ee728b)  -> (artifact id: '79a3249caa4a7b34ca10b583ef93bd81') in 0.019695 seconds
Number of updated asset objects reloaded before import = 0
Number of asset objects unloaded after import = 3
========================================================================
Received Import Request.
  Time since last request: 0.000028 seconds.
  path: Assets/Architecture & Environment/Area specfic architecture/Forgotten Crossroads/2163-2@2x.png
  artifactKey: Guid(233db66fe07e942489df0a273bf6a1d7) Importer(815301076,1909f56bfc062723c751e8b465ee728b)
Start importing Assets/Architecture & Environment/Area specfic architecture/Forgotten Crossroads/2163-2@2x.png using Guid(233db66fe07e942489df0a273bf6a1d7) Importer(815301076,1909f56bfc062723c751e8b465ee728b)  -> (artifact id: 'b0a31618a4aa75e7424188c65b290b21') in 0.026829 seconds
Number of updated asset objects reloaded before import = 0
Number of asset objects unloaded after import = 3
========================================================================
Received Import Request.
  Time since last request: 0.000022 seconds.
  path: Assets/Resources/Environments/Area specfic architecture/Forgotten Crossroads/2953-0@2x.png
  artifactKey: Guid(428587b4df8be4d4984c101ccea31511) Importer(815301076,1909f56bfc062723c751e8b465ee728b)
Start importing Assets/Resources/Environments/Area specfic architecture/Forgotten Crossroads/2953-0@2x.png using Guid(428587b4df8be4d4984c101ccea31511) Importer(815301076,1909f56bfc062723c751e8b465ee728b)  -> (artifact id: '1182e796c0dbd40c00bdfde19bc132d4') in 0.027394 seconds
Number of updated asset objects reloaded before import = 0
Number of asset objects unloaded after import = 3
========================================================================
Received Import Request.
  Time since last request: 0.000028 seconds.
  path: Assets/Architecture & Environment/Area specfic architecture/Forgotten Crossroads/2165-4@2x.png
  artifactKey: Guid(38a9dc5a73245f148a52a117163288e6) Importer(815301076,1909f56bfc062723c751e8b465ee728b)
Start importing Assets/Architecture & Environment/Area specfic architecture/Forgotten Crossroads/2165-4@2x.png using Guid(38a9dc5a73245f148a52a117163288e6) Importer(815301076,1909f56bfc062723c751e8b465ee728b)  -> (artifact id: 'fffdd9c01a499009a0ecea3fee8367a4') in 0.029948 seconds
Number of updated asset objects reloaded before import = 0
Number of asset objects unloaded after import = 3
========================================================================
Received Import Request.
  Time since last request: 0.000039 seconds.
  path: Assets/Architecture & Environment/Grass & Vines/02005.png
  artifactKey: Guid(ded2a80d5879b844b87a48a9efbbb75b) Importer(815301076,1909f56bfc062723c751e8b465ee728b)
Start importing Assets/Architecture & Environment/Grass & Vines/02005.png using Guid(ded2a80d5879b844b87a48a9efbbb75b) Importer(815301076,1909f56bfc062723c751e8b465ee728b)  -> (artifact id: 'd65ff2a20d376a7b31523a385b00666a') in 0.044062 seconds
Number of updated asset objects reloaded before import = 0
Number of asset objects unloaded after import = 3
========================================================================
Received Import Request.
  Time since last request: 0.000045 seconds.
  path: Assets/Architecture & Environment/Grass & Vines/01002.png
  artifactKey: Guid(28a975e905224154f89888b357b8a5b3) Importer(815301076,1909f56bfc062723c751e8b465ee728b)
Start importing Assets/Architecture & Environment/Grass & Vines/01002.png using Guid(28a975e905224154f89888b357b8a5b3) Importer(815301076,1909f56bfc062723c751e8b465ee728b)  -> (artifact id: '6f8f7a099377f74671b1ed746ac08146') in 0.032556 seconds
Number of updated asset objects reloaded before import = 0
Number of asset objects unloaded after import = 3
========================================================================
Received Import Request.
  Time since last request: 0.000034 seconds.
  path: Assets/Architecture & Environment/Grass & Vines/01005.png
  artifactKey: Guid(7520cd2ac48fa0e4b9d2df84218c07c0) Importer(815301076,1909f56bfc062723c751e8b465ee728b)
Start importing Assets/Architecture & Environment/Grass & Vines/01005.png using Guid(7520cd2ac48fa0e4b9d2df84218c07c0) Importer(815301076,1909f56bfc062723c751e8b465ee728b)  -> (artifact id: 'a924c6095658b7d4188e11421b0d8446') in 0.038237 seconds
Number of updated asset objects reloaded before import = 0
Number of asset objects unloaded after import = 3
========================================================================
Received Import Request.
  Time since last request: 0.000037 seconds.
  path: Assets/Architecture & Environment/Area specfic architecture/Forgotten Crossroads/2165-3@2x.png
  artifactKey: Guid(e2bab40452a143143b55b988b4da7e63) Importer(815301076,1909f56bfc062723c751e8b465ee728b)
Start importing Assets/Architecture & Environment/Area specfic architecture/Forgotten Crossroads/2165-3@2x.png using Guid(e2bab40452a143143b55b988b4da7e63) Importer(815301076,1909f56bfc062723c751e8b465ee728b)  -> (artifact id: 'ef689576d387aefeec8c7513369bc2f3') in 0.033193 seconds
Number of updated asset objects reloaded before import = 0
Number of asset objects unloaded after import = 3
========================================================================
Received Import Request.
  Time since last request: 0.000041 seconds.
  path: Assets/Architecture & Environment/Grass & Vines/01008.png
  artifactKey: Guid(65c75fd1be78260449aafcde03757e90) Importer(815301076,1909f56bfc062723c751e8b465ee728b)
Start importing Assets/Architecture & Environment/Grass & Vines/01008.png using Guid(65c75fd1be78260449aafcde03757e90) Importer(815301076,1909f56bfc062723c751e8b465ee728b)  -> (artifact id: 'a6c4384f6fd6c859a9001ab61a3ced4d') in 0.033949 seconds
Number of updated asset objects reloaded before import = 0
Number of asset objects unloaded after import = 3
========================================================================
Received Import Request.
  Time since last request: 0.000035 seconds.
  path: Assets/Architecture & Environment/Grass & Vines/03005.png
  artifactKey: Guid(32d41e8e146a5bc47bf2049d3f2a8211) Importer(815301076,1909f56bfc062723c751e8b465ee728b)
Start importing Assets/Architecture & Environment/Grass & Vines/03005.png using Guid(32d41e8e146a5bc47bf2049d3f2a8211) Importer(815301076,1909f56bfc062723c751e8b465ee728b)  -> (artifact id: 'e4ad3e67727c351179b2434756d0a722') in 0.036084 seconds
Number of updated asset objects reloaded before import = 0
Number of asset objects unloaded after import = 3
========================================================================
Received Import Request.
  Time since last request: 0.000037 seconds.
  path: Assets/Resources/Environments/Area specfic architecture/Forgotten Crossroads/2165-3@2x.png
  artifactKey: Guid(7b55c8f37a61fb44baf3a8c6749c9f87) Importer(815301076,1909f56bfc062723c751e8b465ee728b)
Start importing Assets/Resources/Environments/Area specfic architecture/Forgotten Crossroads/2165-3@2x.png using Guid(7b55c8f37a61fb44baf3a8c6749c9f87) Importer(815301076,1909f56bfc062723c751e8b465ee728b)  -> (artifact id: 'daa0ec6becc733d7b55c6cd9b032d416') in 0.033584 seconds
Number of updated asset objects reloaded before import = 0
Number of asset objects unloaded after import = 3
========================================================================
Received Import Request.
  Time since last request: 0.000058 seconds.
  path: Assets/Resources/Environments/Area specfic architecture/Deepnest/Weaver_s Den/_0003_loom_break3.png
  artifactKey: Guid(b27aa8988982de645a7d2b9cdd9574d7) Importer(815301076,1909f56bfc062723c751e8b465ee728b)
Start importing Assets/Resources/Environments/Area specfic architecture/Deepnest/Weaver_s Den/_0003_loom_break3.png using Guid(b27aa8988982de645a7d2b9cdd9574d7) Importer(815301076,1909f56bfc062723c751e8b465ee728b)  -> (artifact id: 'bb853cfe9af02eda08c3a20363807f87') in 0.019179 seconds
Number of updated asset objects reloaded before import = 0
Number of asset objects unloaded after import = 3
========================================================================
Received Import Request.
  Time since last request: 0.000030 seconds.
  path: Assets/Resources/Environments/Area specfic architecture/Deepnest/Weaver_s Den/_0001_loom_break1.png
  artifactKey: Guid(4bc4c5cf15588a245b1a59e5b8a33136) Importer(815301076,1909f56bfc062723c751e8b465ee728b)
Start importing Assets/Resources/Environments/Area specfic architecture/Deepnest/Weaver_s Den/_0001_loom_break1.png using Guid(4bc4c5cf15588a245b1a59e5b8a33136) Importer(815301076,1909f56bfc062723c751e8b465ee728b)  -> (artifact id: 'e0c9691b094affbc38aa6eba69a4f988') in 0.033024 seconds
Number of updated asset objects reloaded before import = 0
Number of asset objects unloaded after import = 3
========================================================================
Received Import Request.
  Time since last request: 0.000039 seconds.
  path: Assets/Resources/Environments/Area specfic architecture/Crystal Peak/2189-0@2x.png
  artifactKey: Guid(165ed57b49bc202448f7e72832325b54) Importer(815301076,1909f56bfc062723c751e8b465ee728b)
Start importing Assets/Resources/Environments/Area specfic architecture/Crystal Peak/2189-0@2x.png using Guid(165ed57b49bc202448f7e72832325b54) Importer(815301076,1909f56bfc062723c751e8b465ee728b)  -> (artifact id: '16b1a6329e35203afd0934be0441585b') in 0.018730 seconds
Number of updated asset objects reloaded before import = 0
Number of asset objects unloaded after import = 3
========================================================================
Received Import Request.
  Time since last request: 0.000025 seconds.
  path: Assets/Architecture & Environment/Area specfic architecture/Crystal Peak/1829-1@2x.png
  artifactKey: Guid(10e58a69b059a504384cf397120055f9) Importer(815301076,1909f56bfc062723c751e8b465ee728b)
Start importing Assets/Architecture & Environment/Area specfic architecture/Crystal Peak/1829-1@2x.png using Guid(10e58a69b059a504384cf397120055f9) Importer(815301076,1909f56bfc062723c751e8b465ee728b)  -> (artifact id: '921d8f29110f66030bd1bef16aa1aa0a') in 0.037950 seconds
Number of updated asset objects reloaded before import = 0
Number of asset objects unloaded after import = 3
========================================================================
Received Import Request.
  Time since last request: 0.000040 seconds.
  path: Assets/Architecture & Environment/Grass & Vines/03003.png
  artifactKey: Guid(a8fa715ef384b9c4b875a9c3807f4327) Importer(815301076,1909f56bfc062723c751e8b465ee728b)
Start importing Assets/Architecture & Environment/Grass & Vines/03003.png using Guid(a8fa715ef384b9c4b875a9c3807f4327) Importer(815301076,1909f56bfc062723c751e8b465ee728b)  -> (artifact id: 'f54cdd9f9bf6932ebbe34cb99be2b007') in 0.030486 seconds
Number of updated asset objects reloaded before import = 0
Number of asset objects unloaded after import = 3
========================================================================
Received Import Request.
  Time since last request: 0.000030 seconds.
  path: Assets/Resources/Environments/Area specfic architecture/Forgotten Crossroads/2163-7@2x.png
  artifactKey: Guid(3ee95733f6ef2014a97c200a71444b52) Importer(815301076,1909f56bfc062723c751e8b465ee728b)
Start importing Assets/Resources/Environments/Area specfic architecture/Forgotten Crossroads/2163-7@2x.png using Guid(3ee95733f6ef2014a97c200a71444b52) Importer(815301076,1909f56bfc062723c751e8b465ee728b)  -> (artifact id: 'd0fa0f6d76c9ddb4a66ddb4c3386c668') in 0.019533 seconds
Number of updated asset objects reloaded before import = 0
Number of asset objects unloaded after import = 3
========================================================================
Received Import Request.
  Time since last request: 0.000029 seconds.
  path: Assets/Architecture & Environment/Area specfic architecture/Forgotten Crossroads/2163-5@2x.png
  artifactKey: Guid(0d9e8c3d28216ca479a9d7d74755c219) Importer(815301076,1909f56bfc062723c751e8b465ee728b)
Start importing Assets/Architecture & Environment/Area specfic architecture/Forgotten Crossroads/2163-5@2x.png using Guid(0d9e8c3d28216ca479a9d7d74755c219) Importer(815301076,1909f56bfc062723c751e8b465ee728b)  -> (artifact id: '2431f89afbb2f0323400211f7be80386') in 0.031782 seconds
Number of updated asset objects reloaded before import = 0
Number of asset objects unloaded after import = 3
Editor requested this worker to shutdown with reason: Scaling down because of idle timeout
TcpMessagingSession - receive error: operation aborted. errorcode: 995, details: The I/O operation has been aborted because of either a thread exit or an application request.
AssetImportWorker is now disconnected from the server
Process exiting
Exiting without the bug reporter. Application will terminate with return code 0