Using pre-set license
Built from '2022.3/staging' branch; Version is '2022.3.27f1 (73effa14754f) revision 7598074'; Using compiler version '192829333'; Build Type 'Release'
OS: 'Windows 11  (10.0.22631) 64bit CoreSingleLanguage' Language: 'en' Physical Memory: 15724 MB
BatchMode: 1, IsHumanControllingUs: 0, StartBugReporterOnCrash: 0, Is64bit: 1, IsPro: 1

COMMAND LINE ARGUMENTS:
C:\Program Files\Unity\Hub\Editor\2022.3.27f1\Editor\Unity.exe
-adb2
-batchMode
-noUpm
-name
AssetImportWorker12
-projectPath
E:/HK
-logFile
Logs/AssetImportWorker12.log
-srvPort
52407
Successfully changed project path to: E:/HK
E:/HK
[UnityMemory] Configuration Parameters - Can be set up in boot.config
    "memorysetup-bucket-allocator-granularity=16"
    "memorysetup-bucket-allocator-bucket-count=8"
    "memorysetup-bucket-allocator-block-size=33554432"
    "memorysetup-bucket-allocator-block-count=8"
    "memorysetup-main-allocator-block-size=16777216"
    "memorysetup-thread-allocator-block-size=16777216"
    "memorysetup-gfx-main-allocator-block-size=16777216"
    "memorysetup-gfx-thread-allocator-block-size=16777216"
    "memorysetup-cache-allocator-block-size=4194304"
    "memorysetup-typetree-allocator-block-size=2097152"
    "memorysetup-profiler-bucket-allocator-granularity=16"
    "memorysetup-profiler-bucket-allocator-bucket-count=8"
    "memorysetup-profiler-bucket-allocator-block-size=33554432"
    "memorysetup-profiler-bucket-allocator-block-count=8"
    "memorysetup-profiler-allocator-block-size=16777216"
    "memorysetup-profiler-editor-allocator-block-size=1048576"
    "memorysetup-temp-allocator-size-main=16777216"
    "memorysetup-job-temp-allocator-block-size=2097152"
    "memorysetup-job-temp-allocator-block-size-background=1048576"
    "memorysetup-job-temp-allocator-reduction-small-platforms=262144"
    "memorysetup-allocator-temp-initial-block-size-main=262144"
    "memorysetup-allocator-temp-initial-block-size-worker=262144"
    "memorysetup-temp-allocator-size-background-worker=32768"
    "memorysetup-temp-allocator-size-job-worker=262144"
    "memorysetup-temp-allocator-size-preload-manager=33554432"
    "memorysetup-temp-allocator-size-nav-mesh-worker=65536"
    "memorysetup-temp-allocator-size-audio-worker=65536"
    "memorysetup-temp-allocator-size-cloud-worker=32768"
    "memorysetup-temp-allocator-size-gi-baking-worker=262144"
    "memorysetup-temp-allocator-size-gfx=262144"
Player connection [8792] Host "[IP] 192.168.1.192 [Port] 0 [Flags] 2 [Guid] 1723346561 [EditorId] 1723346561 [Version] 1048832 [Id] WindowsEditor(7,LeiFeng) [Debug] 1 [PackageName] WindowsEditor [ProjectName] Editor" joined multi-casting on [225.0.0.222:54997]...

Player connection [8792] Host "[IP] 192.168.1.192 [Port] 0 [Flags] 2 [Guid] 1723346561 [EditorId] 1723346561 [Version] 1048832 [Id] WindowsEditor(7,LeiFeng) [Debug] 1 [PackageName] WindowsEditor [ProjectName] Editor" joined alternative multi-casting on [225.0.0.222:34997]...

[Physics::Module] Initialized MultithreadedJobDispatcher with 11 workers.
Refreshing native plugins compatible for Editor in 24.10 ms, found 4 plugins.
Preloading 0 native plugins for Editor in 0.00 ms.
Initialize engine version: 2022.3.27f1 (73effa14754f)
[Subsystems] Discovering subsystems at path C:/Program Files/Unity/Hub/Editor/2022.3.27f1/Editor/Data/Resources/UnitySubsystems
[Subsystems] Discovering subsystems at path E:/HK/Assets
GfxDevice: creating device client; threaded=0; jobified=0
Direct3D:
    Version:  Direct3D 11.0 [level 11.1]
    Renderer: NVIDIA GeForce GTX 1650 (ID=0x1f9d)
    Vendor:   NVIDIA
    VRAM:     3937 MB
    Driver:   32.0.15.6590
Initialize mono
Mono path[0] = 'C:/Program Files/Unity/Hub/Editor/2022.3.27f1/Editor/Data/Managed'
Mono path[1] = 'C:/Program Files/Unity/Hub/Editor/2022.3.27f1/Editor/Data/MonoBleedingEdge/lib/mono/unityjit-win32'
Mono config path = 'C:/Program Files/Unity/Hub/Editor/2022.3.27f1/Editor/Data/MonoBleedingEdge/etc'
Using monoOptions --debugger-agent=transport=dt_socket,embedding=1,server=y,suspend=n,address=127.0.0.1:56124
Begin MonoManager ReloadAssembly
Registering precompiled unity dll's ...
Register platform support module: C:/Program Files/Unity/Hub/Editor/2022.3.27f1/Editor/Data/PlaybackEngines/WebGLSupport/UnityEditor.WebGL.Extensions.dll
Register platform support module: C:/Program Files/Unity/Hub/Editor/2022.3.27f1/Editor/Data/PlaybackEngines/WindowsStandaloneSupport/UnityEditor.WindowsStandalone.Extensions.dll
Registered in 0.012780 seconds.
- Loaded All Assemblies, in  0.494 seconds
Native extension for WindowsStandalone target not found
Native extension for WebGL target not found
Mono: successfully reloaded assembly
- Finished resetting the current domain, in  0.408 seconds
Domain Reload Profiling: 900ms
	BeginReloadAssembly (153ms)
		ExecutionOrderSort (0ms)
		DisableScriptedObjects (0ms)
		BackupInstance (0ms)
		ReleaseScriptingObjects (0ms)
		CreateAndSetChildDomain (1ms)
	RebuildCommonClasses (50ms)
	RebuildNativeTypeToScriptingClass (14ms)
	initialDomainReloadingComplete (86ms)
	LoadAllAssembliesAndSetupDomain (189ms)
		LoadAssemblies (149ms)
		RebuildTransferFunctionScriptingTraits (0ms)
		AnalyzeDomain (185ms)
			TypeCache.Refresh (183ms)
				TypeCache.ScanAssembly (165ms)
			ScanForSourceGeneratedMonoScriptInfo (1ms)
			ResolveRequiredComponents (1ms)
	FinalizeReload (409ms)
		ReleaseScriptCaches (0ms)
		RebuildScriptCaches (0ms)
		SetupLoadedEditorAssemblies (329ms)
			LogAssemblyErrors (0ms)
			InitializePlatformSupportModulesInManaged (15ms)
			SetLoadedEditorAssemblies (8ms)
			RefreshPlugins (0ms)
			BeforeProcessingInitializeOnLoad (3ms)
			ProcessInitializeOnLoadAttributes (230ms)
			ProcessInitializeOnLoadMethodAttributes (74ms)
			AfterProcessingInitializeOnLoad (0ms)
			EditorAssembliesLoaded (0ms)
		ExecutionOrderSort2 (0ms)
		AwakeInstancesAfterBackupRestoration (0ms)
========================================================================
Worker process is ready to serve import requests
Begin MonoManager ReloadAssembly
- Loaded All Assemblies, in  1.035 seconds
Refreshing native plugins compatible for Editor in 7.15 ms, found 4 plugins.
Native extension for WindowsStandalone target not found
Native extension for WebGL target not found
Package Manager log level set to [2]
[Package Manager] Server::EnsureServerProcessIsRunning -- launch failed, reason: Unity was launched with the -noUpm command-line argument
[Package Manager] UpmClient::Send -- Unable to send message (not connected to UPM process).
[Package Manager] Cannot connect to Unity Package Manager local server
Mono: successfully reloaded assembly
- Finished resetting the current domain, in  1.316 seconds
Domain Reload Profiling: 2346ms
	BeginReloadAssembly (235ms)
		ExecutionOrderSort (0ms)
		DisableScriptedObjects (9ms)
		BackupInstance (0ms)
		ReleaseScriptingObjects (0ms)
		CreateAndSetChildDomain (34ms)
	RebuildCommonClasses (54ms)
	RebuildNativeTypeToScriptingClass (15ms)
	initialDomainReloadingComplete (72ms)
	LoadAllAssembliesAndSetupDomain (652ms)
		LoadAssemblies (490ms)
		RebuildTransferFunctionScriptingTraits (0ms)
		AnalyzeDomain (300ms)
			TypeCache.Refresh (245ms)
				TypeCache.ScanAssembly (225ms)
			ScanForSourceGeneratedMonoScriptInfo (38ms)
			ResolveRequiredComponents (15ms)
	FinalizeReload (1316ms)
		ReleaseScriptCaches (0ms)
		RebuildScriptCaches (0ms)
		SetupLoadedEditorAssemblies (1048ms)
			LogAssemblyErrors (0ms)
			InitializePlatformSupportModulesInManaged (12ms)
			SetLoadedEditorAssemblies (7ms)
			RefreshPlugins (0ms)
			BeforeProcessingInitializeOnLoad (137ms)
			ProcessInitializeOnLoadAttributes (776ms)
			ProcessInitializeOnLoadMethodAttributes (106ms)
			AfterProcessingInitializeOnLoad (10ms)
			EditorAssembliesLoaded (0ms)
		ExecutionOrderSort2 (0ms)
		AwakeInstancesAfterBackupRestoration (8ms)
Launched and connected shader compiler UnityShaderCompiler.exe after 0.07 seconds
Refreshing native plugins compatible for Editor in 6.79 ms, found 4 plugins.
Preloading 0 native plugins for Editor in 0.00 ms.
Unloading 5999 Unused Serialized files (Serialized files now loaded: 0)
Unloading 103 unused Assets / (0.9 MB). Loaded Objects now: 6452.
Memory consumption went from 227.4 MB to 226.4 MB.
Total: 6.415200 ms (FindLiveObjects: 0.567400 ms CreateObjectMapping: 0.505800 ms MarkObjects: 4.755500 ms  DeleteObjects: 0.585300 ms)

AssetImportParameters requested are different than current active one (requested -> active):
  custom:container-demuxer-ogg: 62fdf1f143b41e24485cea50d1cbac27 -> 
  custom:video-codec-MediaFoundation-h265: 746d11721c4dcdbdad8f713fa42b33f4 -> 
  custom:video-decoder-ogg-theora: a1e56fd34408186e4bbccfd4996cb3dc -> 
  custom:framework-win-MediaFoundation: 216162199b28c13a410421893ffa2e32 -> 
  custom:CustomObjectIndexerAttribute: 72b91833f83ae208fae7752999fa3104 -> 
  custom:container-demuxer-webm: 4f35f7cbe854078d1ac9338744f61a02 -> 
  custom:container-muxer-webm: aa71ff27fc2769a1b78a27578f13a17b -> 
  custom:video-decoder-webm-vp8: 9c59270c3fd7afecdb556c50c9e8de78 -> 
  custom:SearchIndexIgnoredProperties: e643bd26f0fe6173181afceb89e7c659 -> 
  custom:AudioImporter_EditorPlatform: d09bf68614088b80899f8185d706f6e7 -> 
  custom:video-encoder-webm-vp8: eb34c28f22e8b96e1ab97ce403110664 -> 
  custom:audio-decoder-ogg-vorbis: bf7c407c2cedff20999df2af8eb42d56 -> 
  custom:audio-encoder-webm-vorbis: bf7c407c2cedff20999df2af8eb42d56 -> 
========================================================================
Received Import Request.
  Time since last request: 42623.316124 seconds.
  path: Assets/Resources/Environments/Area specfic architecture/Forgotten Crossroads/cd_mid_wall_detail_02.png
  artifactKey: Guid(d2d2a82ac9cdc4a4ea0875e30d1a807d) Importer(815301076,1909f56bfc062723c751e8b465ee728b)
Start importing Assets/Resources/Environments/Area specfic architecture/Forgotten Crossroads/cd_mid_wall_detail_02.png using Guid(d2d2a82ac9cdc4a4ea0875e30d1a807d) Importer(815301076,1909f56bfc062723c751e8b465ee728b)  -> (artifact id: 'a713d64d79c4955fa15aafcb712c1143') in 0.165349 seconds
Number of updated asset objects reloaded before import = 0
Number of asset objects unloaded after import = 3
========================================================================
Received Import Request.
  Time since last request: 0.000033 seconds.
  path: Assets/Resources/Environments/Area specfic architecture/Forgotten Crossroads/cd_vert_strut_01.png
  artifactKey: Guid(e7dfc0ed92a980e448e1760b2337556a) Importer(815301076,1909f56bfc062723c751e8b465ee728b)
Start importing Assets/Resources/Environments/Area specfic architecture/Forgotten Crossroads/cd_vert_strut_01.png using Guid(e7dfc0ed92a980e448e1760b2337556a) Importer(815301076,1909f56bfc062723c751e8b465ee728b)  -> (artifact id: 'bd9c186cd4cef601b80f3cfea8cba50d') in 0.030648 seconds
Number of updated asset objects reloaded before import = 0
Number of asset objects unloaded after import = 3
========================================================================
Received Import Request.
  Time since last request: 0.000059 seconds.
  path: Assets/Resources/Environments/Area specfic architecture/Forgotten Crossroads/cd_wall_01.png
  artifactKey: Guid(187acab395a520b4cbb33bf8bcafd96a) Importer(815301076,1909f56bfc062723c751e8b465ee728b)
Start importing Assets/Resources/Environments/Area specfic architecture/Forgotten Crossroads/cd_wall_01.png using Guid(187acab395a520b4cbb33bf8bcafd96a) Importer(815301076,1909f56bfc062723c751e8b465ee728b)  -> (artifact id: 'edee6d6eca090255e541833148935492') in 0.033157 seconds
Number of updated asset objects reloaded before import = 0
Number of asset objects unloaded after import = 3
========================================================================
Received Import Request.
  Time since last request: 0.000032 seconds.
  path: Assets/Resources/Environments/Area specfic architecture/Forgotten Crossroads/cd_wall_01_solid.png
  artifactKey: Guid(4b6c85b261da8e14b988ee959c88c51d) Importer(815301076,1909f56bfc062723c751e8b465ee728b)
Start importing Assets/Resources/Environments/Area specfic architecture/Forgotten Crossroads/cd_wall_01_solid.png using Guid(4b6c85b261da8e14b988ee959c88c51d) Importer(815301076,1909f56bfc062723c751e8b465ee728b)  -> (artifact id: 'c9978e222c6af00d468536e1a0b36770') in 0.023909 seconds
Number of updated asset objects reloaded before import = 0
Number of asset objects unloaded after import = 3
========================================================================
Received Import Request.
  Time since last request: 1.545513 seconds.
  path: Assets/Resources/Environments/Area specfic architecture/Forgotten Crossroads/cd_well_brick_l.png
  artifactKey: Guid(a5159fe0a1bf7bb47b9b6697d70ac57b) Importer(815301076,1909f56bfc062723c751e8b465ee728b)
Start importing Assets/Resources/Environments/Area specfic architecture/Forgotten Crossroads/cd_well_brick_l.png using Guid(a5159fe0a1bf7bb47b9b6697d70ac57b) Importer(815301076,1909f56bfc062723c751e8b465ee728b)  -> (artifact id: '635df0790f335a49d7a40272f4b460d8') in 0.027972 seconds
Number of updated asset objects reloaded before import = 0
Number of asset objects unloaded after import = 3
========================================================================
Received Import Request.
  Time since last request: 97.394452 seconds.
  path: Assets/Resources/Environments/Area specfic architecture/Royal Waterways/_0000_waterway_small_arch.png
  artifactKey: Guid(d4985f20097b8be4c9eace205caf8f8d) Importer(815301076,1909f56bfc062723c751e8b465ee728b)
Start importing Assets/Resources/Environments/Area specfic architecture/Royal Waterways/_0000_waterway_small_arch.png using Guid(d4985f20097b8be4c9eace205caf8f8d) Importer(815301076,1909f56bfc062723c751e8b465ee728b)  -> (artifact id: '005ce47eae970a77ae62444c635a2c12') in 0.046945 seconds
Number of updated asset objects reloaded before import = 0
Number of asset objects unloaded after import = 3
========================================================================
Received Import Request.
  Time since last request: 0.000028 seconds.
  path: Assets/Resources/Environments/Area specfic architecture/Forgotten Crossroads/crossraods_arch_mask.png
  artifactKey: Guid(86e8299830ea0734d92acbaedf8113bb) Importer(815301076,1909f56bfc062723c751e8b465ee728b)
Start importing Assets/Resources/Environments/Area specfic architecture/Forgotten Crossroads/crossraods_arch_mask.png using Guid(86e8299830ea0734d92acbaedf8113bb) Importer(815301076,1909f56bfc062723c751e8b465ee728b)  -> (artifact id: '999490ba3aba708c37de33de295a8553') in 0.032737 seconds
Number of updated asset objects reloaded before import = 0
Number of asset objects unloaded after import = 3
========================================================================
Received Import Request.
  Time since last request: 0.000028 seconds.
  path: Assets/Resources/Environments/Area specfic architecture/Queen_s Gardens/fung_small_arch.png
  artifactKey: Guid(912e5e528a5425b4d96ec45900d58ba9) Importer(815301076,1909f56bfc062723c751e8b465ee728b)
Start importing Assets/Resources/Environments/Area specfic architecture/Queen_s Gardens/fung_small_arch.png using Guid(912e5e528a5425b4d96ec45900d58ba9) Importer(815301076,1909f56bfc062723c751e8b465ee728b)  -> (artifact id: '8cd3a922bbad5aa3014772ccf8b2d36c') in 0.030472 seconds
Number of updated asset objects reloaded before import = 0
Number of asset objects unloaded after import = 3
========================================================================
Received Import Request.
  Time since last request: 0.000034 seconds.
  path: Assets/Resources/Environments/Area specfic architecture/Fog Canyon/Teacher_s Archives/SpriteAtlasTexture-Archive (Group 0)-2048x2048-fmt12.png
  artifactKey: Guid(6c226c02c2dcf094fa463a2b1da68bc9) Importer(815301076,1909f56bfc062723c751e8b465ee728b)
Start importing Assets/Resources/Environments/Area specfic architecture/Fog Canyon/Teacher_s Archives/SpriteAtlasTexture-Archive (Group 0)-2048x2048-fmt12.png using Guid(6c226c02c2dcf094fa463a2b1da68bc9) Importer(815301076,1909f56bfc062723c751e8b465ee728b)  -> (artifact id: '4b897848526bef727d9cc109514e952c') in 0.044159 seconds
Number of updated asset objects reloaded before import = 0
Number of asset objects unloaded after import = 3
========================================================================
Received Import Request.
  Time since last request: 0.000032 seconds.
  path: Assets/Resources/Environments/Area specfic architecture/City of Tears/ruins_big_arch.png
  artifactKey: Guid(0433c383776ea734f83a9c2e90b0b02e) Importer(815301076,1909f56bfc062723c751e8b465ee728b)
Start importing Assets/Resources/Environments/Area specfic architecture/City of Tears/ruins_big_arch.png using Guid(0433c383776ea734f83a9c2e90b0b02e) Importer(815301076,1909f56bfc062723c751e8b465ee728b)  -> (artifact id: 'c69cd9b54ffefec9290ad98d94bc9fec') in 0.028900 seconds
Number of updated asset objects reloaded before import = 0
Number of asset objects unloaded after import = 3
========================================================================
Received Import Request.
  Time since last request: 0.000039 seconds.
  path: Assets/Resources/Environments/Area specfic architecture/Fog Canyon/Teacher_s Archives/fung temple window arch small.png
  artifactKey: Guid(0d6935e07489119458f7c058b7d66d59) Importer(815301076,1909f56bfc062723c751e8b465ee728b)
Start importing Assets/Resources/Environments/Area specfic architecture/Fog Canyon/Teacher_s Archives/fung temple window arch small.png using Guid(0d6935e07489119458f7c058b7d66d59) Importer(815301076,1909f56bfc062723c751e8b465ee728b)  -> (artifact id: '79257a84a2350773e2934b20213ea344') in 0.030938 seconds
Number of updated asset objects reloaded before import = 0
Number of asset objects unloaded after import = 3
========================================================================
Received Import Request.
  Time since last request: 0.000027 seconds.
  path: Assets/Resources/Environments/Area specfic architecture/City of Tears/ruind_bridge_roof_arch_01.png
  artifactKey: Guid(1575102aae6b47843bf83f27a4460d6f) Importer(815301076,1909f56bfc062723c751e8b465ee728b)
Start importing Assets/Resources/Environments/Area specfic architecture/City of Tears/ruind_bridge_roof_arch_01.png using Guid(1575102aae6b47843bf83f27a4460d6f) Importer(815301076,1909f56bfc062723c751e8b465ee728b)  -> (artifact id: 'e03ccf7064611624ce0c8bc83a34c9ba') in 0.026744 seconds
Number of updated asset objects reloaded before import = 0
Number of asset objects unloaded after import = 3
========================================================================
Received Import Request.
  Time since last request: 0.000038 seconds.
  path: Assets/Resources/Environments/Area specfic architecture/Royal Waterways/Junk Pit/GG_sarcophagus-pieces_0002_2.png
  artifactKey: Guid(0b4d3bd6c0762334383462c4148b2661) Importer(815301076,1909f56bfc062723c751e8b465ee728b)
Start importing Assets/Resources/Environments/Area specfic architecture/Royal Waterways/Junk Pit/GG_sarcophagus-pieces_0002_2.png using Guid(0b4d3bd6c0762334383462c4148b2661) Importer(815301076,1909f56bfc062723c751e8b465ee728b)  -> (artifact id: '57094a9b45b8abf96a84bfc62b8740c8') in 0.029627 seconds
Number of updated asset objects reloaded before import = 0
Number of asset objects unloaded after import = 3
========================================================================
Received Import Request.
  Time since last request: 0.000032 seconds.
  path: Assets/Resources/Environments/Area specfic architecture/Colosseum/col_dungeon_arch_2.png
  artifactKey: Guid(8332855e7d025634c8bb17cb7a6cae1d) Importer(815301076,1909f56bfc062723c751e8b465ee728b)
Start importing Assets/Resources/Environments/Area specfic architecture/Colosseum/col_dungeon_arch_2.png using Guid(8332855e7d025634c8bb17cb7a6cae1d) Importer(815301076,1909f56bfc062723c751e8b465ee728b)  -> (artifact id: '68e055fa4845e104c8d1fb9dd488608e') in 0.032811 seconds
Number of updated asset objects reloaded before import = 0
Number of asset objects unloaded after import = 3
========================================================================
Received Import Request.
  Time since last request: 0.000177 seconds.
  path: Assets/Resources/Environments/Area specfic architecture/White Palace/_0062_white_arch_02.png
  artifactKey: Guid(4815fe6f4daf7474aa905aac84b29fbe) Importer(815301076,1909f56bfc062723c751e8b465ee728b)
Start importing Assets/Resources/Environments/Area specfic architecture/White Palace/_0062_white_arch_02.png using Guid(4815fe6f4daf7474aa905aac84b29fbe) Importer(815301076,1909f56bfc062723c751e8b465ee728b)  -> (artifact id: 'a18fb89881ad11bca41b3e4c789df6dc') in 0.029370 seconds
Number of updated asset objects reloaded before import = 0
Number of asset objects unloaded after import = 3
========================================================================
Received Import Request.
  Time since last request: 0.000028 seconds.
  path: Assets/Resources/Environments/Area specfic architecture/Deepnest/Weaver_s Den/loom_arch_small.png
  artifactKey: Guid(8b47bdb5b2e04d5458bd4df7a7dcb4ce) Importer(815301076,1909f56bfc062723c751e8b465ee728b)
Start importing Assets/Resources/Environments/Area specfic architecture/Deepnest/Weaver_s Den/loom_arch_small.png using Guid(8b47bdb5b2e04d5458bd4df7a7dcb4ce) Importer(815301076,1909f56bfc062723c751e8b465ee728b)  -> (artifact id: '4b9ccf326b57e92847f5450d4b324f1a') in 0.028385 seconds
Number of updated asset objects reloaded before import = 0
Number of asset objects unloaded after import = 3
========================================================================
Received Import Request.
  Time since last request: 0.000033 seconds.
  path: Assets/Resources/Environments/Area specfic architecture/White Palace/_0061_white_arch_large.png
  artifactKey: Guid(12297cb2657fa2b4b9ee739fbaa75b88) Importer(815301076,1909f56bfc062723c751e8b465ee728b)
Start importing Assets/Resources/Environments/Area specfic architecture/White Palace/_0061_white_arch_large.png using Guid(12297cb2657fa2b4b9ee739fbaa75b88) Importer(815301076,1909f56bfc062723c751e8b465ee728b)  -> (artifact id: 'c8ba2adb71e799d07162cbb82da6b974') in 0.030833 seconds
Number of updated asset objects reloaded before import = 0
Number of asset objects unloaded after import = 3
========================================================================
Received Import Request.
  Time since last request: 0.000041 seconds.
  path: Assets/Resources/Environments/Area specfic architecture/White Palace/white_arch_long_0001_2.png
  artifactKey: Guid(49b043ae0a023634cafef1ab7de4ad8f) Importer(815301076,1909f56bfc062723c751e8b465ee728b)
Start importing Assets/Resources/Environments/Area specfic architecture/White Palace/white_arch_long_0001_2.png using Guid(49b043ae0a023634cafef1ab7de4ad8f) Importer(815301076,1909f56bfc062723c751e8b465ee728b)  -> (artifact id: 'ad4e4f1beec72e7a32c96873e5803ab2') in 0.025430 seconds
Number of updated asset objects reloaded before import = 0
Number of asset objects unloaded after import = 3
========================================================================
Received Import Request.
  Time since last request: 0.000021 seconds.
  path: Assets/Resources/Environments/Area specfic architecture/Royal Waterways/Junk Pit/GG_sarcophagus-pieces_0000_4.png
  artifactKey: Guid(e907a28bc025cdd4d9e447e814abda57) Importer(815301076,1909f56bfc062723c751e8b465ee728b)
Start importing Assets/Resources/Environments/Area specfic architecture/Royal Waterways/Junk Pit/GG_sarcophagus-pieces_0000_4.png using Guid(e907a28bc025cdd4d9e447e814abda57) Importer(815301076,1909f56bfc062723c751e8b465ee728b)  -> (artifact id: 'bff52eb1023932800c3f80717a47382d') in 0.034211 seconds
Number of updated asset objects reloaded before import = 0
Number of asset objects unloaded after import = 3
========================================================================
Received Import Request.
  Time since last request: 0.000025 seconds.
  path: Assets/Resources/Environments/Area specfic architecture/Royal Waterways/Junk Pit/GG_sarcophagus-pieces_0003_1.png
  artifactKey: Guid(b2985923be1d2dc4db985380400f59c3) Importer(815301076,1909f56bfc062723c751e8b465ee728b)
Start importing Assets/Resources/Environments/Area specfic architecture/Royal Waterways/Junk Pit/GG_sarcophagus-pieces_0003_1.png using Guid(b2985923be1d2dc4db985380400f59c3) Importer(815301076,1909f56bfc062723c751e8b465ee728b)  -> (artifact id: 'b4ede1159260864db0f558f44650a3cf') in 0.030758 seconds
Number of updated asset objects reloaded before import = 0
Number of asset objects unloaded after import = 3
========================================================================
Received Import Request.
  Time since last request: 0.000029 seconds.
  path: Assets/Resources/Environments/Area specfic architecture/City of Tears/ruind_arch_04.png
  artifactKey: Guid(47d1bb5e84a41d140a0400db5be7c6ad) Importer(815301076,1909f56bfc062723c751e8b465ee728b)
Start importing Assets/Resources/Environments/Area specfic architecture/City of Tears/ruind_arch_04.png using Guid(47d1bb5e84a41d140a0400db5be7c6ad) Importer(815301076,1909f56bfc062723c751e8b465ee728b)  -> (artifact id: '081b86ff4e234cce0dce15abb64d7108') in 0.030858 seconds
Number of updated asset objects reloaded before import = 0
Number of asset objects unloaded after import = 3
========================================================================
Received Import Request.
  Time since last request: 0.000034 seconds.
  path: Assets/Resources/Environments/Area specfic architecture/City of Tears/Tower of Love/jarcol_floor.png
  artifactKey: Guid(b5a3c3651c4f66542b75aea056018639) Importer(815301076,1909f56bfc062723c751e8b465ee728b)
Start importing Assets/Resources/Environments/Area specfic architecture/City of Tears/Tower of Love/jarcol_floor.png using Guid(b5a3c3651c4f66542b75aea056018639) Importer(815301076,1909f56bfc062723c751e8b465ee728b)  -> (artifact id: 'dbcdf3c70932c21d2abec06b873da759') in 0.028891 seconds
Number of updated asset objects reloaded before import = 0
Number of asset objects unloaded after import = 3
========================================================================
Received Import Request.
  Time since last request: 0.000030 seconds.
  path: Assets/Resources/Environments/Area specfic architecture/City of Tears/ruind_bridge_base_arch_02.png
  artifactKey: Guid(b2e0822916bf6be46a9f86a4ee3700a4) Importer(815301076,1909f56bfc062723c751e8b465ee728b)
Start importing Assets/Resources/Environments/Area specfic architecture/City of Tears/ruind_bridge_base_arch_02.png using Guid(b2e0822916bf6be46a9f86a4ee3700a4) Importer(815301076,1909f56bfc062723c751e8b465ee728b)  -> (artifact id: '31e4cc38f4b3790f44c692b809d6aa0d') in 0.030664 seconds
Number of updated asset objects reloaded before import = 0
Number of asset objects unloaded after import = 3
========================================================================
Received Import Request.
  Time since last request: 0.000031 seconds.
  path: Assets/Resources/Environments/Area specfic architecture/City of Tears/Tower of Love/jarcol_bg_02.png
  artifactKey: Guid(9d1733b01c9f8464fa33f60772ab4e03) Importer(815301076,1909f56bfc062723c751e8b465ee728b)
Start importing Assets/Resources/Environments/Area specfic architecture/City of Tears/Tower of Love/jarcol_bg_02.png using Guid(9d1733b01c9f8464fa33f60772ab4e03) Importer(815301076,1909f56bfc062723c751e8b465ee728b)  -> (artifact id: '1d9c968c7e10e875bc95179264e6a860') in 0.030035 seconds
Number of updated asset objects reloaded before import = 0
Number of asset objects unloaded after import = 3
========================================================================
Received Import Request.
  Time since last request: 0.000037 seconds.
  path: Assets/Resources/Environments/Area specfic architecture/City of Tears/Tower of Love/jar_col_small_arch.png
  artifactKey: Guid(be536da107746344cbb153ec0b701304) Importer(815301076,1909f56bfc062723c751e8b465ee728b)
Start importing Assets/Resources/Environments/Area specfic architecture/City of Tears/Tower of Love/jar_col_small_arch.png using Guid(be536da107746344cbb153ec0b701304) Importer(815301076,1909f56bfc062723c751e8b465ee728b)  -> (artifact id: 'd851655adfa27b755add27c27bba2b06') in 0.032868 seconds
Number of updated asset objects reloaded before import = 0
Number of asset objects unloaded after import = 3
========================================================================
Received Import Request.
  Time since last request: 0.000028 seconds.
  path: Assets/Resources/Environments/Area specfic architecture/Crystal Peak/Hallownest_s Crown/summit__0000_arch2.png
  artifactKey: Guid(3984e34c262048548acc18304d7fddf6) Importer(815301076,1909f56bfc062723c751e8b465ee728b)
Start importing Assets/Resources/Environments/Area specfic architecture/Crystal Peak/Hallownest_s Crown/summit__0000_arch2.png using Guid(3984e34c262048548acc18304d7fddf6) Importer(815301076,1909f56bfc062723c751e8b465ee728b)  -> (artifact id: '075150cf4e38e901d4a13cafc83532d8') in 0.032246 seconds
Number of updated asset objects reloaded before import = 0
Number of asset objects unloaded after import = 3
========================================================================
Received Import Request.
  Time since last request: 137.031861 seconds.
  path: Assets/Prefabs/Character.prefab
  artifactKey: Guid(3cca0e1b5f9d73549869514eb98c28e3) Importer(815301076,1909f56bfc062723c751e8b465ee728b)
Start importing Assets/Prefabs/Character.prefab using Guid(3cca0e1b5f9d73549869514eb98c28e3) Importer(815301076,1909f56bfc062723c751e8b465ee728b)  -> (artifact id: '4786d4c7c35bd7e690347b9d00231fc9') in 0.796353 seconds
Number of updated asset objects reloaded before import = 0
Number of asset objects unloaded after import = 420
========================================================================
Received Import Request.
  Time since last request: 21.857362 seconds.
  path: Assets/Architecture & Environment/Area specfic architecture/Royal Waterways/_0017_waterway_arch_break wall.png
  artifactKey: Guid(971524340b4f81c4692697c7bce70f3f) Importer(815301076,1909f56bfc062723c751e8b465ee728b)
Start importing Assets/Architecture & Environment/Area specfic architecture/Royal Waterways/_0017_waterway_arch_break wall.png using Guid(971524340b4f81c4692697c7bce70f3f) Importer(815301076,1909f56bfc062723c751e8b465ee728b)  -> (artifact id: '6d9bf52351fbff6889354e43f58c65a0') in 0.017605 seconds
Number of updated asset objects reloaded before import = 0
Number of asset objects unloaded after import = 3
========================================================================
Received Import Request.
  Time since last request: 0.000044 seconds.
  path: Assets/Architecture & Environment/Area specfic architecture/City of Tears/Tower of Love/_0107_jar.png
  artifactKey: Guid(c9c942a56694d6346914a12f31c0f542) Importer(815301076,1909f56bfc062723c751e8b465ee728b)
Start importing Assets/Architecture & Environment/Area specfic architecture/City of Tears/Tower of Love/_0107_jar.png using Guid(c9c942a56694d6346914a12f31c0f542) Importer(815301076,1909f56bfc062723c751e8b465ee728b)  -> (artifact id: 'a05808bfbaee7fb581ef1cc6ae4677f7') in 0.029531 seconds
Number of updated asset objects reloaded before import = 0
Number of asset objects unloaded after import = 3
========================================================================
Received Import Request.
  Time since last request: 0.000030 seconds.
  path: Assets/Architecture & Environment/Area specfic architecture/Greenpath/Lake of Unn/ar_0001_acid_rocks.png
  artifactKey: Guid(a4ee23d0643835a47a36d550df40343e) Importer(815301076,1909f56bfc062723c751e8b465ee728b)
Start importing Assets/Architecture & Environment/Area specfic architecture/Greenpath/Lake of Unn/ar_0001_acid_rocks.png using Guid(a4ee23d0643835a47a36d550df40343e) Importer(815301076,1909f56bfc062723c751e8b465ee728b)  -> (artifact id: '363e3a2596fa06f8f9529df67af37113') in 0.027752 seconds
Number of updated asset objects reloaded before import = 0
Number of asset objects unloaded after import = 3
========================================================================
Received Import Request.
  Time since last request: 0.000030 seconds.
  path: Assets/Resources/Environments/Area specfic architecture/City of Tears/Tower of Love/_0116_jar.png
  artifactKey: Guid(a1e5d8c40686d994ead7cc3a1ae77d11) Importer(815301076,1909f56bfc062723c751e8b465ee728b)
Start importing Assets/Resources/Environments/Area specfic architecture/City of Tears/Tower of Love/_0116_jar.png using Guid(a1e5d8c40686d994ead7cc3a1ae77d11) Importer(815301076,1909f56bfc062723c751e8b465ee728b)  -> (artifact id: 'db23614c45ffe1fc1919f5765bf1de89') in 0.032060 seconds
Number of updated asset objects reloaded before import = 0
Number of asset objects unloaded after import = 3
========================================================================
Received Import Request.
  Time since last request: 0.000040 seconds.
  path: Assets/Architecture & Environment/Area specfic architecture/Abyss/abyss_0000_lighthouse_arch_base.png
  artifactKey: Guid(f2fb45260b492e64c8472ed71ff3dfc7) Importer(815301076,1909f56bfc062723c751e8b465ee728b)
Start importing Assets/Architecture & Environment/Area specfic architecture/Abyss/abyss_0000_lighthouse_arch_base.png using Guid(f2fb45260b492e64c8472ed71ff3dfc7) Importer(815301076,1909f56bfc062723c751e8b465ee728b)  -> (artifact id: 'fae9fa23fb4869e6dfdcc665fffdcd24') in 0.032964 seconds
Number of updated asset objects reloaded before import = 0
Number of asset objects unloaded after import = 3
========================================================================
Received Import Request.
  Time since last request: 0.000031 seconds.
  path: Assets/Resources/Environments/Area specfic architecture/City of Tears/Tower of Love/_0108_jar.png
  artifactKey: Guid(2303e365339d01b4d8f4560bc23d7bb8) Importer(815301076,1909f56bfc062723c751e8b465ee728b)
Start importing Assets/Resources/Environments/Area specfic architecture/City of Tears/Tower of Love/_0108_jar.png using Guid(2303e365339d01b4d8f4560bc23d7bb8) Importer(815301076,1909f56bfc062723c751e8b465ee728b)  -> (artifact id: 'dd62157c3630e9230d8c58d742d84e92') in 0.030878 seconds
Number of updated asset objects reloaded before import = 0
Number of asset objects unloaded after import = 3
========================================================================
Received Import Request.
  Time since last request: 0.000028 seconds.
  path: Assets/Architecture & Environment/Area specfic architecture/City of Tears/Tower of Love/_0116_jar.png
  artifactKey: Guid(64a1b6d709fbf9346b87e991cbcb3444) Importer(815301076,1909f56bfc062723c751e8b465ee728b)
Start importing Assets/Architecture & Environment/Area specfic architecture/City of Tears/Tower of Love/_0116_jar.png using Guid(64a1b6d709fbf9346b87e991cbcb3444) Importer(815301076,1909f56bfc062723c751e8b465ee728b)  -> (artifact id: '0bf74e9bae5552fef8269eadb60fe6df') in 0.027083 seconds
Number of updated asset objects reloaded before import = 0
Number of asset objects unloaded after import = 3
========================================================================
Received Import Request.
  Time since last request: 0.000026 seconds.
  path: Assets/Architecture & Environment/Area specfic architecture/Abyss/_0173_Layer-425_dark.png
  artifactKey: Guid(ea0cef77b8f91674f9ca15b2ed445d87) Importer(815301076,1909f56bfc062723c751e8b465ee728b)
Start importing Assets/Architecture & Environment/Area specfic architecture/Abyss/_0173_Layer-425_dark.png using Guid(ea0cef77b8f91674f9ca15b2ed445d87) Importer(815301076,1909f56bfc062723c751e8b465ee728b)  -> (artifact id: '85887e05faecf403528f9d392ca8c55f') in 0.027054 seconds
Number of updated asset objects reloaded before import = 0
Number of asset objects unloaded after import = 3
========================================================================
Received Import Request.
  Time since last request: 0.000033 seconds.
  path: Assets/Architecture & Environment/Area specfic architecture/City of Tears/Tower of Love/_0117_jar.png
  artifactKey: Guid(2d5b8fb532a28984f8042cd339bee5dc) Importer(815301076,1909f56bfc062723c751e8b465ee728b)
Start importing Assets/Architecture & Environment/Area specfic architecture/City of Tears/Tower of Love/_0117_jar.png using Guid(2d5b8fb532a28984f8042cd339bee5dc) Importer(815301076,1909f56bfc062723c751e8b465ee728b)  -> (artifact id: '989d4b5326d5b3bb06bd905786a0365d') in 0.028660 seconds
Number of updated asset objects reloaded before import = 0
Number of asset objects unloaded after import = 3
========================================================================
Received Import Request.
  Time since last request: 0.000034 seconds.
  path: Assets/Resources/Environments/Area specfic architecture/City of Tears/Tower of Love/_0111_jar.png
  artifactKey: Guid(9c6e2fa478309d2429a5e0b3653a8c07) Importer(815301076,1909f56bfc062723c751e8b465ee728b)
Start importing Assets/Resources/Environments/Area specfic architecture/City of Tears/Tower of Love/_0111_jar.png using Guid(9c6e2fa478309d2429a5e0b3653a8c07) Importer(815301076,1909f56bfc062723c751e8b465ee728b)  -> (artifact id: 'c727c1a67da86ea9a46e1c9c1403a9ad') in 0.029296 seconds
Number of updated asset objects reloaded before import = 0
Number of asset objects unloaded after import = 3
========================================================================
Received Import Request.
  Time since last request: 0.000067 seconds.
  path: Assets/Architecture & Environment/big_arch_full.png
  artifactKey: Guid(6e8d3f681fadfba41a52b0075a5dc7ce) Importer(815301076,1909f56bfc062723c751e8b465ee728b)
Start importing Assets/Architecture & Environment/big_arch_full.png using Guid(6e8d3f681fadfba41a52b0075a5dc7ce) Importer(815301076,1909f56bfc062723c751e8b465ee728b)  -> (artifact id: '8f01eca72c84dc5eb0554753c4d7f31d') in 0.027937 seconds
Number of updated asset objects reloaded before import = 0
Number of asset objects unloaded after import = 3
========================================================================
Received Import Request.
  Time since last request: 0.000031 seconds.
  path: Assets/Architecture & Environment/Area specfic architecture/Forgotten Crossroads/cd_archway_01.png
  artifactKey: Guid(4fe92f2aab0ce0340b07055510036e11) Importer(815301076,1909f56bfc062723c751e8b465ee728b)
Start importing Assets/Architecture & Environment/Area specfic architecture/Forgotten Crossroads/cd_archway_01.png using Guid(4fe92f2aab0ce0340b07055510036e11) Importer(815301076,1909f56bfc062723c751e8b465ee728b)  -> (artifact id: '3a9eaf7146e326e3308a19c2d1bdb8df') in 0.027978 seconds
Number of updated asset objects reloaded before import = 0
Number of asset objects unloaded after import = 3
========================================================================
Received Import Request.
  Time since last request: 0.000024 seconds.
  path: Assets/Architecture & Environment/Area specfic architecture/Forgotten Crossroads/cd_archway_04.png
  artifactKey: Guid(4bc4c7d58cc04ae488bc06b3f94c22fa) Importer(815301076,1909f56bfc062723c751e8b465ee728b)
Start importing Assets/Architecture & Environment/Area specfic architecture/Forgotten Crossroads/cd_archway_04.png using Guid(4bc4c7d58cc04ae488bc06b3f94c22fa) Importer(815301076,1909f56bfc062723c751e8b465ee728b)  -> (artifact id: 'e6975303144e2256df6634d5d430f4b6') in 0.026851 seconds
Number of updated asset objects reloaded before import = 0
Number of asset objects unloaded after import = 3
========================================================================
Received Import Request.
  Time since last request: 0.000024 seconds.
  path: Assets/Architecture & Environment/Area specfic architecture/Forgotten Crossroads/cd_archway_04_r.png
  artifactKey: Guid(49e5af7090fcd724c8aad400f235feeb) Importer(815301076,1909f56bfc062723c751e8b465ee728b)
Start importing Assets/Architecture & Environment/Area specfic architecture/Forgotten Crossroads/cd_archway_04_r.png using Guid(49e5af7090fcd724c8aad400f235feeb) Importer(815301076,1909f56bfc062723c751e8b465ee728b)  -> (artifact id: 'ab5a8b3535b78af7fc0f4c268b9f3692') in 0.028141 seconds
Number of updated asset objects reloaded before import = 0
Number of asset objects unloaded after import = 3
========================================================================
Received Import Request.
  Time since last request: 0.000039 seconds.
  path: Assets/Architecture & Environment/Area specfic architecture/Greenpath/Lake of Unn/ar_0002_acid_rocks.png
  artifactKey: Guid(3cf343f2b95c48741a88d7ee3bb83d2e) Importer(815301076,1909f56bfc062723c751e8b465ee728b)
Start importing Assets/Architecture & Environment/Area specfic architecture/Greenpath/Lake of Unn/ar_0002_acid_rocks.png using Guid(3cf343f2b95c48741a88d7ee3bb83d2e) Importer(815301076,1909f56bfc062723c751e8b465ee728b)  -> (artifact id: 'c226c587f9d7a48ac2c9d75cd7d716af') in 0.027652 seconds
Number of updated asset objects reloaded before import = 0
Number of asset objects unloaded after import = 3
========================================================================
Received Import Request.
  Time since last request: 0.000030 seconds.
  path: Assets/Architecture & Environment/Area specfic architecture/City of Tears/Tower of Love/_0110_jar.png
  artifactKey: Guid(d6ff74e18a8e1184bb79993e8211e4fe) Importer(815301076,1909f56bfc062723c751e8b465ee728b)
Start importing Assets/Architecture & Environment/Area specfic architecture/City of Tears/Tower of Love/_0110_jar.png using Guid(d6ff74e18a8e1184bb79993e8211e4fe) Importer(815301076,1909f56bfc062723c751e8b465ee728b)  -> (artifact id: '10c609cacd628f68fac58771aa5580e6') in 0.031948 seconds
Number of updated asset objects reloaded before import = 0
Number of asset objects unloaded after import = 3
========================================================================
Received Import Request.
  Time since last request: 0.000034 seconds.
  path: Assets/Architecture & Environment/Area specfic architecture/City of Tears/Tower of Love/_0113_jar.png
  artifactKey: Guid(f95c07f21adf84b4ea9c98718d714fdd) Importer(815301076,1909f56bfc062723c751e8b465ee728b)
Start importing Assets/Architecture & Environment/Area specfic architecture/City of Tears/Tower of Love/_0113_jar.png using Guid(f95c07f21adf84b4ea9c98718d714fdd) Importer(815301076,1909f56bfc062723c751e8b465ee728b)  -> (artifact id: 'd6a1ac370c65fbd34b52142bfdb405a2') in 0.029960 seconds
Number of updated asset objects reloaded before import = 0
Number of asset objects unloaded after import = 3
========================================================================
Received Import Request.
  Time since last request: 0.000043 seconds.
  path: Assets/Architecture & Environment/Area specfic architecture/Forgotten Crossroads/cd_archbase_01.png
  artifactKey: Guid(56297de66c7a7654792a857785eaa7b6) Importer(815301076,1909f56bfc062723c751e8b465ee728b)
Start importing Assets/Architecture & Environment/Area specfic architecture/Forgotten Crossroads/cd_archbase_01.png using Guid(56297de66c7a7654792a857785eaa7b6) Importer(815301076,1909f56bfc062723c751e8b465ee728b)  -> (artifact id: '20da7e73768d9b704df91c18a21cf8cb') in 0.030150 seconds
Number of updated asset objects reloaded before import = 0
Number of asset objects unloaded after import = 3
========================================================================
Received Import Request.
  Time since last request: 0.000067 seconds.
  path: Assets/Architecture & Environment/Area specfic architecture/Fog Canyon/Teacher_s Archives/fung temple_half arch.png
  artifactKey: Guid(ea4b687c4657c3f498390dd0ff159cf9) Importer(815301076,1909f56bfc062723c751e8b465ee728b)
Start importing Assets/Architecture & Environment/Area specfic architecture/Fog Canyon/Teacher_s Archives/fung temple_half arch.png using Guid(ea4b687c4657c3f498390dd0ff159cf9) Importer(815301076,1909f56bfc062723c751e8b465ee728b)  -> (artifact id: '2bad22e86126113f1feacfe47bcbc796') in 0.027947 seconds
Number of updated asset objects reloaded before import = 0
Number of asset objects unloaded after import = 3
========================================================================
Received Import Request.
  Time since last request: 0.000030 seconds.
  path: Assets/Architecture & Environment/Area specfic architecture/City of Tears/Tower of Love/_0108_jar.png
  artifactKey: Guid(95b5e182ab7427b4190d6dc83de67a34) Importer(815301076,1909f56bfc062723c751e8b465ee728b)
Start importing Assets/Architecture & Environment/Area specfic architecture/City of Tears/Tower of Love/_0108_jar.png using Guid(95b5e182ab7427b4190d6dc83de67a34) Importer(815301076,1909f56bfc062723c751e8b465ee728b)  -> (artifact id: '733102ce9f2a360e7f408b069f041a4b') in 0.027222 seconds
Number of updated asset objects reloaded before import = 0
Number of asset objects unloaded after import = 3
========================================================================
Received Import Request.
  Time since last request: 0.000033 seconds.
  path: Assets/Resources/Environments/Area specfic architecture/City of Tears/Tower of Love/_0113_jar.png
  artifactKey: Guid(8b23bbac4502bff4b8da41a2c4ae78c3) Importer(815301076,1909f56bfc062723c751e8b465ee728b)
Start importing Assets/Resources/Environments/Area specfic architecture/City of Tears/Tower of Love/_0113_jar.png using Guid(8b23bbac4502bff4b8da41a2c4ae78c3) Importer(815301076,1909f56bfc062723c751e8b465ee728b)  -> (artifact id: '800e2a2da0c67c181e1f2064e86cd01c') in 0.024945 seconds
Number of updated asset objects reloaded before import = 0
Number of asset objects unloaded after import = 3
========================================================================
Received Import Request.
  Time since last request: 0.000029 seconds.
  path: Assets/Resources/Environments/Area specfic architecture/City of Tears/Tower of Love/_0107_jar.png
  artifactKey: Guid(b1007cedc648f35408015ff34e8549b3) Importer(815301076,1909f56bfc062723c751e8b465ee728b)
Start importing Assets/Resources/Environments/Area specfic architecture/City of Tears/Tower of Love/_0107_jar.png using Guid(b1007cedc648f35408015ff34e8549b3) Importer(815301076,1909f56bfc062723c751e8b465ee728b)  -> (artifact id: 'd275d8868f1094998ba826e64b8168c2') in 0.025770 seconds
Number of updated asset objects reloaded before import = 0
Number of asset objects unloaded after import = 3
========================================================================
Received Import Request.
  Time since last request: 0.000033 seconds.
  path: Assets/Resources/Environments/Area specfic architecture/Greenpath/Lake of Unn/ar_0005_acid_rocks.png
  artifactKey: Guid(b8a7364bf376fd1478fd39c52e429a45) Importer(815301076,1909f56bfc062723c751e8b465ee728b)
Start importing Assets/Resources/Environments/Area specfic architecture/Greenpath/Lake of Unn/ar_0005_acid_rocks.png using Guid(b8a7364bf376fd1478fd39c52e429a45) Importer(815301076,1909f56bfc062723c751e8b465ee728b)  -> (artifact id: 'a2ab3fe07c3e045a591382bcba222993') in 0.026170 seconds
Number of updated asset objects reloaded before import = 0
Number of asset objects unloaded after import = 3
========================================================================
Received Import Request.
  Time since last request: 0.000031 seconds.
  path: Assets/Resources/Environments/Area specfic architecture/Abyss/_0173_Layer-425_dark.png
  artifactKey: Guid(a418dd663911a57439a87db086fec37e) Importer(815301076,1909f56bfc062723c751e8b465ee728b)
Start importing Assets/Resources/Environments/Area specfic architecture/Abyss/_0173_Layer-425_dark.png using Guid(a418dd663911a57439a87db086fec37e) Importer(815301076,1909f56bfc062723c751e8b465ee728b)  -> (artifact id: '8c6a1bd7880f61d1e9c454719e4eea1e') in 0.018713 seconds
Number of updated asset objects reloaded before import = 0
Number of asset objects unloaded after import = 3
========================================================================
Received Import Request.
  Time since last request: 15.342281 seconds.
  path: Assets/Architecture & Environment/Lore tablets/Teacher_s Archives text
  artifactKey: Guid(bb27d4013bbf8ce42b82e9286202f99f) Importer(815301076,1909f56bfc062723c751e8b465ee728b)
Start importing Assets/Architecture & Environment/Lore tablets/Teacher_s Archives text using Guid(bb27d4013bbf8ce42b82e9286202f99f) Importer(815301076,1909f56bfc062723c751e8b465ee728b)  -> (artifact id: '929cf1eda1807d6977a8f6d1be47b1de') in 0.001161 seconds
Number of updated asset objects reloaded before import = 0
Number of asset objects unloaded after import = 0
========================================================================
Received Import Request.
  Time since last request: 4.564653 seconds.
  path: Assets/Architecture & Environment/fung_separate_arch.png
  artifactKey: Guid(ddfbfeb91d026324189e540898104c4b) Importer(815301076,1909f56bfc062723c751e8b465ee728b)
Start importing Assets/Architecture & Environment/fung_separate_arch.png using Guid(ddfbfeb91d026324189e540898104c4b) Importer(815301076,1909f56bfc062723c751e8b465ee728b)  -> (artifact id: '3f4a3f0637c94b93e3d0e4aa78f6b65f') in 0.026547 seconds
Number of updated asset objects reloaded before import = 0
Number of asset objects unloaded after import = 3
========================================================================
Received Import Request.
  Time since last request: 0.033198 seconds.
  path: Assets/Architecture & Environment/Area specfic architecture/Fog Canyon/Teacher_s Archives/fung_temple_light_arch.png
  artifactKey: Guid(de050d2c51082ef41b70f6e1f7ede215) Importer(815301076,1909f56bfc062723c751e8b465ee728b)
Start importing Assets/Architecture & Environment/Area specfic architecture/Fog Canyon/Teacher_s Archives/fung_temple_light_arch.png using Guid(de050d2c51082ef41b70f6e1f7ede215) Importer(815301076,1909f56bfc062723c751e8b465ee728b)  -> (artifact id: 'a5e05a1cbc50c0612a94263f07662570') in 0.026168 seconds
Number of updated asset objects reloaded before import = 0
Number of asset objects unloaded after import = 3
========================================================================
Received Import Request.
  Time since last request: 0.000070 seconds.
  path: Assets/Architecture & Environment/fungd_arch_back_02 #537124.png
  artifactKey: Guid(283083a441d512442970eb64e72c97d4) Importer(815301076,1909f56bfc062723c751e8b465ee728b)
Start importing Assets/Architecture & Environment/fungd_arch_back_02 #537124.png using Guid(283083a441d512442970eb64e72c97d4) Importer(815301076,1909f56bfc062723c751e8b465ee728b)  -> (artifact id: '4be138baa000457d895a16e449b2c06d') in 0.026750 seconds
Number of updated asset objects reloaded before import = 0
Number of asset objects unloaded after import = 3
========================================================================
Received Import Request.
  Time since last request: 0.522144 seconds.
  path: Assets/Architecture & Environment/Area specfic architecture/City of Tears/Tower of Love/jar_col_small_arch.png
  artifactKey: Guid(434112a5e7aab794c9eaaa5fabd5bd3c) Importer(815301076,1909f56bfc062723c751e8b465ee728b)
Start importing Assets/Architecture & Environment/Area specfic architecture/City of Tears/Tower of Love/jar_col_small_arch.png using Guid(434112a5e7aab794c9eaaa5fabd5bd3c) Importer(815301076,1909f56bfc062723c751e8b465ee728b)  -> (artifact id: '1332d5e88051f4f894a44666a846a10e') in 0.022342 seconds
Number of updated asset objects reloaded before import = 0
Number of asset objects unloaded after import = 3
========================================================================
Received Import Request.
  Time since last request: 1.175998 seconds.
  path: Assets/Architecture & Environment/Area specfic architecture/Howling Cliffs/nail_cliff_arch.png
  artifactKey: Guid(f163ffad63e8c5149be4a40bbf610248) Importer(815301076,1909f56bfc062723c751e8b465ee728b)
Start importing Assets/Architecture & Environment/Area specfic architecture/Howling Cliffs/nail_cliff_arch.png using Guid(f163ffad63e8c5149be4a40bbf610248) Importer(815301076,1909f56bfc062723c751e8b465ee728b)  -> (artifact id: 'a57d7239f7835f0e484676baee312510') in 0.014537 seconds
Number of updated asset objects reloaded before import = 0
Number of asset objects unloaded after import = 3
========================================================================
Received Import Request.
  Time since last request: 0.881671 seconds.
  path: Assets/Architecture & Environment/Area specfic architecture/City of Tears/ruind_arch_04.png
  artifactKey: Guid(782edce573b40c741a54abd70dde3ddb) Importer(815301076,1909f56bfc062723c751e8b465ee728b)
Start importing Assets/Architecture & Environment/Area specfic architecture/City of Tears/ruind_arch_04.png using Guid(782edce573b40c741a54abd70dde3ddb) Importer(815301076,1909f56bfc062723c751e8b465ee728b)  -> (artifact id: '7da4603d52d7f83d925666ae95ad0585') in 0.025890 seconds
Number of updated asset objects reloaded before import = 0
Number of asset objects unloaded after import = 3
========================================================================
Received Import Request.
  Time since last request: 0.362336 seconds.
  path: Assets/Architecture & Environment/Area specfic architecture/City of Tears/ruins_big_arch.png
  artifactKey: Guid(a009c6c8e0873e4409da6a41f64e8724) Importer(815301076,1909f56bfc062723c751e8b465ee728b)
Start importing Assets/Architecture & Environment/Area specfic architecture/City of Tears/ruins_big_arch.png using Guid(a009c6c8e0873e4409da6a41f64e8724) Importer(815301076,1909f56bfc062723c751e8b465ee728b)  -> (artifact id: '298c089b7e129a489bbb9b3237feb694') in 0.045770 seconds
Number of updated asset objects reloaded before import = 0
Number of asset objects unloaded after import = 3
========================================================================
Received Import Request.
  Time since last request: 0.352322 seconds.
  path: Assets/Architecture & Environment/Area specfic architecture/Fog Canyon/Teacher_s Archives/SpriteAtlasTexture-Archive (Group 2)-512x512-fmt10.png
  artifactKey: Guid(a37f6b3a0fed0b149892c37d1817f0f0) Importer(815301076,1909f56bfc062723c751e8b465ee728b)
Start importing Assets/Architecture & Environment/Area specfic architecture/Fog Canyon/Teacher_s Archives/SpriteAtlasTexture-Archive (Group 2)-512x512-fmt10.png using Guid(a37f6b3a0fed0b149892c37d1817f0f0) Importer(815301076,1909f56bfc062723c751e8b465ee728b)  -> (artifact id: '7965c57075be161d71dec58222c3aec8') in 0.021885 seconds
Number of updated asset objects reloaded before import = 0
Number of asset objects unloaded after import = 3
========================================================================
Received Import Request.
  Time since last request: 1.785509 seconds.
  path: Assets/Architecture & Environment/Area specfic architecture/Fog Canyon/Teacher_s Archives/SpriteAtlasTexture-Archive_Tank-1024x1024-fmt12.png
  artifactKey: Guid(b02fc19d0dcc0e946ae40c584d5ad2ee) Importer(815301076,1909f56bfc062723c751e8b465ee728b)
Start importing Assets/Architecture & Environment/Area specfic architecture/Fog Canyon/Teacher_s Archives/SpriteAtlasTexture-Archive_Tank-1024x1024-fmt12.png using Guid(b02fc19d0dcc0e946ae40c584d5ad2ee) Importer(815301076,1909f56bfc062723c751e8b465ee728b)  -> (artifact id: '2898791a2f68c97363dc6665ebfceaa1') in 0.030634 seconds
Number of updated asset objects reloaded before import = 0
Number of asset objects unloaded after import = 3
========================================================================
Received Import Request.
  Time since last request: 0.156269 seconds.
  path: Assets/Architecture & Environment/Area specfic architecture/Crystal Peak/Hallownest_s Crown/summit__0001_arch1.png
  artifactKey: Guid(096a9ca6e29454241973f3a93c357eb0) Importer(815301076,1909f56bfc062723c751e8b465ee728b)
Start importing Assets/Architecture & Environment/Area specfic architecture/Crystal Peak/Hallownest_s Crown/summit__0001_arch1.png using Guid(096a9ca6e29454241973f3a93c357eb0) Importer(815301076,1909f56bfc062723c751e8b465ee728b)  -> (artifact id: '492859396e5fab62ed487699310b2578') in 0.024718 seconds
Number of updated asset objects reloaded before import = 0
Number of asset objects unloaded after import = 3
========================================================================
Received Import Request.
  Time since last request: 2.036471 seconds.
  path: Assets/Architecture & Environment/Area specfic architecture/White Palace/white_arch_long_0001_2.png
  artifactKey: Guid(c25cd531f820a9742815b9af4b06df38) Importer(815301076,1909f56bfc062723c751e8b465ee728b)
Start importing Assets/Architecture & Environment/Area specfic architecture/White Palace/white_arch_long_0001_2.png using Guid(c25cd531f820a9742815b9af4b06df38) Importer(815301076,1909f56bfc062723c751e8b465ee728b)  -> (artifact id: 'e4699b8b0567350372f758f9d1495c00') in 0.023769 seconds
Number of updated asset objects reloaded before import = 0
Number of asset objects unloaded after import = 3
========================================================================
Received Import Request.
  Time since last request: 24.004483 seconds.
  path: Assets/Architecture & Environment/Area specfic architecture/Ancient Basin/abyss_break_wall_palace.png
  artifactKey: Guid(d03a7dac7560e604f9443e17368c7b87) Importer(815301076,1909f56bfc062723c751e8b465ee728b)
Start importing Assets/Architecture & Environment/Area specfic architecture/Ancient Basin/abyss_break_wall_palace.png using Guid(d03a7dac7560e604f9443e17368c7b87) Importer(815301076,1909f56bfc062723c751e8b465ee728b)  -> (artifact id: '717f8e1f6736ce8fcc859c77f71b7980') in 0.025867 seconds
Number of updated asset objects reloaded before import = 0
Number of asset objects unloaded after import = 3
========================================================================
Received Import Request.
  Time since last request: 0.000032 seconds.
  path: Assets/Architecture & Environment/Area specfic architecture/Ancient Basin/abyss_wall_small.png
  artifactKey: Guid(5068d0595409ac1409ae67046991555f) Importer(815301076,1909f56bfc062723c751e8b465ee728b)
Start importing Assets/Architecture & Environment/Area specfic architecture/Ancient Basin/abyss_wall_small.png using Guid(5068d0595409ac1409ae67046991555f) Importer(815301076,1909f56bfc062723c751e8b465ee728b)  -> (artifact id: 'fc72e89b99406e8f52e1ed152c4bf7c6') in 0.035778 seconds
Number of updated asset objects reloaded before import = 0
Number of asset objects unloaded after import = 3
========================================================================
Received Import Request.
  Time since last request: 0.000030 seconds.
  path: Assets/Resources/Environments/Area specfic architecture/Ancient Basin/ancient_wall_pieces_0008_Color-Balance-1-copy-15.png
  artifactKey: Guid(2fc4d640fd5f737478bc70f8ada48105) Importer(815301076,1909f56bfc062723c751e8b465ee728b)
Start importing Assets/Resources/Environments/Area specfic architecture/Ancient Basin/ancient_wall_pieces_0008_Color-Balance-1-copy-15.png using Guid(2fc4d640fd5f737478bc70f8ada48105) Importer(815301076,1909f56bfc062723c751e8b465ee728b)  -> (artifact id: '91ac364cd5000b29daa294da71e02389') in 0.027939 seconds
Number of updated asset objects reloaded before import = 0
Number of asset objects unloaded after import = 3
========================================================================
Received Import Request.
  Time since last request: 0.000032 seconds.
  path: Assets/Resources/Environments/Area specfic architecture/Ancient Basin/ancient_wall_pieces_0007_Color-Balance-1-copy-13.png
  artifactKey: Guid(655e7d6db758f634a84719540889423e) Importer(815301076,1909f56bfc062723c751e8b465ee728b)
Start importing Assets/Resources/Environments/Area specfic architecture/Ancient Basin/ancient_wall_pieces_0007_Color-Balance-1-copy-13.png using Guid(655e7d6db758f634a84719540889423e) Importer(815301076,1909f56bfc062723c751e8b465ee728b)  -> (artifact id: '9ed72ebc3697704b64ef67df2ad11606') in 0.031737 seconds
Number of updated asset objects reloaded before import = 0
Number of asset objects unloaded after import = 3
========================================================================
Received Import Request.
  Time since last request: 0.000022 seconds.
  path: Assets/Architecture & Environment/Area specfic architecture/Ancient Basin/ancient_wall_pieces_0007_Color-Balance-1-copy-13.png
  artifactKey: Guid(8575553eb202683489dc77e9f848c876) Importer(815301076,1909f56bfc062723c751e8b465ee728b)
Start importing Assets/Architecture & Environment/Area specfic architecture/Ancient Basin/ancient_wall_pieces_0007_Color-Balance-1-copy-13.png using Guid(8575553eb202683489dc77e9f848c876) Importer(815301076,1909f56bfc062723c751e8b465ee728b)  -> (artifact id: 'cb9b44c4c7c30c3fa625002664df4d36') in 0.029445 seconds
Number of updated asset objects reloaded before import = 0
Number of asset objects unloaded after import = 3
========================================================================
Received Import Request.
  Time since last request: 0.000039 seconds.
  path: Assets/Resources/Environments/Area specfic architecture/Ancient Basin/ancient_wall_pieces_0005_Color-Balance-1-copy-9.png
  artifactKey: Guid(6026927cb18dc2c449c8115f3dde5387) Importer(815301076,1909f56bfc062723c751e8b465ee728b)
Start importing Assets/Resources/Environments/Area specfic architecture/Ancient Basin/ancient_wall_pieces_0005_Color-Balance-1-copy-9.png using Guid(6026927cb18dc2c449c8115f3dde5387) Importer(815301076,1909f56bfc062723c751e8b465ee728b)  -> (artifact id: '87514b962504eb718e629e9830a8b47b') in 0.027050 seconds
Number of updated asset objects reloaded before import = 0
Number of asset objects unloaded after import = 3
========================================================================
Received Import Request.
  Time since last request: 0.000039 seconds.
  path: Assets/Architecture & Environment/Area specfic architecture/Ancient Basin/ancient_wall_pieces_0006_Color-Balance-1-copy-11.png
  artifactKey: Guid(13e1cc2d27819a148bbdf925c815caf8) Importer(815301076,1909f56bfc062723c751e8b465ee728b)
Start importing Assets/Architecture & Environment/Area specfic architecture/Ancient Basin/ancient_wall_pieces_0006_Color-Balance-1-copy-11.png using Guid(13e1cc2d27819a148bbdf925c815caf8) Importer(815301076,1909f56bfc062723c751e8b465ee728b)  -> (artifact id: '94dd2fff096ded9e586dcee717c16d00') in 0.030074 seconds
Number of updated asset objects reloaded before import = 0
Number of asset objects unloaded after import = 3
========================================================================
Received Import Request.
  Time since last request: 0.000027 seconds.
  path: Assets/Resources/Environments/Area specfic architecture/Ancient Basin/ancient_wall_pieces_0004_Color-Balance-1-copy-7 - Copy.png
  artifactKey: Guid(43c75f166189f1f46a09d0fa0e8b95ce) Importer(815301076,1909f56bfc062723c751e8b465ee728b)
Start importing Assets/Resources/Environments/Area specfic architecture/Ancient Basin/ancient_wall_pieces_0004_Color-Balance-1-copy-7 - Copy.png using Guid(43c75f166189f1f46a09d0fa0e8b95ce) Importer(815301076,1909f56bfc062723c751e8b465ee728b)  -> (artifact id: '748151b8682a53e11646bcb8b6cd578c') in 0.027462 seconds
Number of updated asset objects reloaded before import = 0
Number of asset objects unloaded after import = 3
========================================================================
Received Import Request.
  Time since last request: 1.621206 seconds.
  path: Assets/Resources/Environments/Area specfic architecture/Ancient Basin/ancient_wall_pieces_0010_Color-Balance-1-copy-19.png
  artifactKey: Guid(af45ec683b8535f41a1b459c244398ca) Importer(815301076,1909f56bfc062723c751e8b465ee728b)
Start importing Assets/Resources/Environments/Area specfic architecture/Ancient Basin/ancient_wall_pieces_0010_Color-Balance-1-copy-19.png using Guid(af45ec683b8535f41a1b459c244398ca) Importer(815301076,1909f56bfc062723c751e8b465ee728b)  -> (artifact id: '592b24397520d0ff7ab2f3c8c06df0a6') in 0.027428 seconds
Number of updated asset objects reloaded before import = 0
Number of asset objects unloaded after import = 3
========================================================================
Received Import Request.
  Time since last request: 0.000022 seconds.
  path: Assets/Resources/Environments/Area specfic architecture/Forgotten Crossroads/Temple of the Black Egg/ancient_wall_roof_final_boss.png
  artifactKey: Guid(37cdb8ba3df9875438b6eb5ccd951a72) Importer(815301076,1909f56bfc062723c751e8b465ee728b)
Start importing Assets/Resources/Environments/Area specfic architecture/Forgotten Crossroads/Temple of the Black Egg/ancient_wall_roof_final_boss.png using Guid(37cdb8ba3df9875438b6eb5ccd951a72) Importer(815301076,1909f56bfc062723c751e8b465ee728b)  -> (artifact id: 'aa647df49e14e8f8158bd666d297684a') in 0.023933 seconds
Number of updated asset objects reloaded before import = 0
Number of asset objects unloaded after import = 3
========================================================================
Received Import Request.
  Time since last request: 0.368570 seconds.
  path: Assets/Architecture & Environment/arena_BG_wall_01_0004_Layer-0.png
  artifactKey: Guid(8d5f645b93ec2c24fbdb6aff7643b76e) Importer(815301076,1909f56bfc062723c751e8b465ee728b)
Start importing Assets/Architecture & Environment/arena_BG_wall_01_0004_Layer-0.png using Guid(8d5f645b93ec2c24fbdb6aff7643b76e) Importer(815301076,1909f56bfc062723c751e8b465ee728b)  -> (artifact id: 'a23d0a06881e2df2f433931cb60e7aff') in 0.016497 seconds
Number of updated asset objects reloaded before import = 0
Number of asset objects unloaded after import = 3
========================================================================
Received Import Request.
  Time since last request: 0.000027 seconds.
  path: Assets/Resources/Environments/Area specfic architecture/Greenpath/back_mid_wall_no_eyes_temple.png
  artifactKey: Guid(a4df5e09946423349a0c9c851ae22068) Importer(815301076,1909f56bfc062723c751e8b465ee728b)
Start importing Assets/Resources/Environments/Area specfic architecture/Greenpath/back_mid_wall_no_eyes_temple.png using Guid(a4df5e09946423349a0c9c851ae22068) Importer(815301076,1909f56bfc062723c751e8b465ee728b)  -> (artifact id: '78856fd47f3c83e5d67e4994e8064089') in 0.025800 seconds
Number of updated asset objects reloaded before import = 0
Number of asset objects unloaded after import = 3
========================================================================
Received Import Request.
  Time since last request: 0.336822 seconds.
  path: Assets/Architecture & Environment/Area specfic architecture/Greenpath/back_mid_wall_no_eyes_temple.png
  artifactKey: Guid(de875c314b874ec44a90776778bc8035) Importer(815301076,1909f56bfc062723c751e8b465ee728b)
Start importing Assets/Architecture & Environment/Area specfic architecture/Greenpath/back_mid_wall_no_eyes_temple.png using Guid(de875c314b874ec44a90776778bc8035) Importer(815301076,1909f56bfc062723c751e8b465ee728b)  -> (artifact id: 'b8b4bb5f14b48322cf17d126519d29d5') in 0.023086 seconds
Number of updated asset objects reloaded before import = 0
Number of asset objects unloaded after import = 3
========================================================================
Received Import Request.
  Time since last request: 0.000029 seconds.
  path: Assets/Resources/Environments/Area specfic architecture/Resting Grounds/Shrine of Believers/Believer_shrine_pieces_0010_wall.png
  artifactKey: Guid(1d05a6651ce68d44ab8d5cadb23a17ba) Importer(815301076,1909f56bfc062723c751e8b465ee728b)
Start importing Assets/Resources/Environments/Area specfic architecture/Resting Grounds/Shrine of Believers/Believer_shrine_pieces_0010_wall.png using Guid(1d05a6651ce68d44ab8d5cadb23a17ba) Importer(815301076,1909f56bfc062723c751e8b465ee728b)  -> (artifact id: '062360e00e56894e193631253718de25') in 0.022815 seconds
Number of updated asset objects reloaded before import = 0
Number of asset objects unloaded after import = 3
========================================================================
Received Import Request.
  Time since last request: 1.822131 seconds.
  path: Assets/Resources/Environments/Area specfic architecture/Resting Grounds/Shrine of Believers/Believer_shrine_pieces_0011_wall_03.png
  artifactKey: Guid(07b75f34a9266b145aff221418d4d40f) Importer(815301076,1909f56bfc062723c751e8b465ee728b)
Start importing Assets/Resources/Environments/Area specfic architecture/Resting Grounds/Shrine of Believers/Believer_shrine_pieces_0011_wall_03.png using Guid(07b75f34a9266b145aff221418d4d40f) Importer(815301076,1909f56bfc062723c751e8b465ee728b)  -> (artifact id: '2011759ad157ab2802fae403d388d8f8') in 0.024658 seconds
Number of updated asset objects reloaded before import = 0
Number of asset objects unloaded after import = 3
========================================================================
Received Import Request.
  Time since last request: 0.000034 seconds.
  path: Assets/Resources/Environments/Area specfic architecture/Resting Grounds/Shrine of Believers/Believer_shrine_pieces_0012_wall_02.png
  artifactKey: Guid(894fafd018dd1ab4fb454cb3015aaea5) Importer(815301076,1909f56bfc062723c751e8b465ee728b)
Start importing Assets/Resources/Environments/Area specfic architecture/Resting Grounds/Shrine of Believers/Believer_shrine_pieces_0012_wall_02.png using Guid(894fafd018dd1ab4fb454cb3015aaea5) Importer(815301076,1909f56bfc062723c751e8b465ee728b)  -> (artifact id: '32e0386c2e92fcc998b66bfa1b2a3b54') in 0.025867 seconds
Number of updated asset objects reloaded before import = 0
Number of asset objects unloaded after import = 3
========================================================================
Received Import Request.
  Time since last request: 0.027390 seconds.
  path: Assets/Architecture & Environment/bg_wall.png
  artifactKey: Guid(0816c716a63d8884a8c2bf272a6f0a15) Importer(815301076,1909f56bfc062723c751e8b465ee728b)
Start importing Assets/Architecture & Environment/bg_wall.png using Guid(0816c716a63d8884a8c2bf272a6f0a15) Importer(815301076,1909f56bfc062723c751e8b465ee728b)  -> (artifact id: '1bd1ad4b6e927e74c0f1eb9db58f4f80') in 0.018564 seconds
Number of updated asset objects reloaded before import = 0
Number of asset objects unloaded after import = 3
========================================================================
Received Import Request.
  Time since last request: 0.608160 seconds.
  path: Assets/Architecture & Environment/break_wall_deepnest.png
  artifactKey: Guid(9c7eeae4d0784f346bb37982934d3aad) Importer(815301076,1909f56bfc062723c751e8b465ee728b)
Start importing Assets/Architecture & Environment/break_wall_deepnest.png using Guid(9c7eeae4d0784f346bb37982934d3aad) Importer(815301076,1909f56bfc062723c751e8b465ee728b)  -> (artifact id: '3a1a9d9dd79fc4a8f38076de230446f3') in 0.026270 seconds
Number of updated asset objects reloaded before import = 0
Number of asset objects unloaded after import = 3
========================================================================
Received Import Request.
  Time since last request: 0.103962 seconds.
  path: Assets/Architecture & Environment/break_wall_loom.png
  artifactKey: Guid(266697eca3251484e831b6966dd2a026) Importer(815301076,1909f56bfc062723c751e8b465ee728b)
Start importing Assets/Architecture & Environment/break_wall_loom.png using Guid(266697eca3251484e831b6966dd2a026) Importer(815301076,1909f56bfc062723c751e8b465ee728b)  -> (artifact id: 'ae55d9182c72e32fe142e18e9e5cefe2') in 0.024993 seconds
Number of updated asset objects reloaded before import = 0
Number of asset objects unloaded after import = 3
========================================================================
Received Import Request.
  Time since last request: 0.394171 seconds.
  path: Assets/Architecture & Environment/Area specfic architecture/Forgotten Crossroads/cd_bone_wall_0000_06.png
  artifactKey: Guid(2cacde4b88c8ac040a78965d056b5ee7) Importer(815301076,1909f56bfc062723c751e8b465ee728b)
Start importing Assets/Architecture & Environment/Area specfic architecture/Forgotten Crossroads/cd_bone_wall_0000_06.png using Guid(2cacde4b88c8ac040a78965d056b5ee7) Importer(815301076,1909f56bfc062723c751e8b465ee728b)  -> (artifact id: 'd8d3bb83b5809283388c2c78dfd2a303') in 0.030657 seconds
Number of updated asset objects reloaded before import = 0
Number of asset objects unloaded after import = 3
========================================================================
Received Import Request.
  Time since last request: 0.115968 seconds.
  path: Assets/Architecture & Environment/Area specfic architecture/Forgotten Crossroads/cd_bone_wall_0003_03.png
  artifactKey: Guid(bc25604a43eae0c429bde1ba25ff6b74) Importer(815301076,1909f56bfc062723c751e8b465ee728b)
Start importing Assets/Architecture & Environment/Area specfic architecture/Forgotten Crossroads/cd_bone_wall_0003_03.png using Guid(bc25604a43eae0c429bde1ba25ff6b74) Importer(815301076,1909f56bfc062723c751e8b465ee728b)  -> (artifact id: 'fd3abf51fc63b8a27ee1690f59a4bafe') in 0.023914 seconds
Number of updated asset objects reloaded before import = 0
Number of asset objects unloaded after import = 3
========================================================================
Received Import Request.
  Time since last request: 0.567572 seconds.
  path: Assets/Architecture & Environment/Area specfic architecture/Forgotten Crossroads/cd_bone_wall_0005_01.png
  artifactKey: Guid(9504c0cde7eeab341ac9e23faa92cda1) Importer(815301076,1909f56bfc062723c751e8b465ee728b)
Start importing Assets/Architecture & Environment/Area specfic architecture/Forgotten Crossroads/cd_bone_wall_0005_01.png using Guid(9504c0cde7eeab341ac9e23faa92cda1) Importer(815301076,1909f56bfc062723c751e8b465ee728b)  -> (artifact id: '6cc25b9b5c7a59d4dd8480690ed3e1fd') in 0.023290 seconds
Number of updated asset objects reloaded before import = 0
Number of asset objects unloaded after import = 3
========================================================================
Received Import Request.
  Time since last request: 0.353523 seconds.
  path: Assets/Architecture & Environment/Area specfic architecture/Forgotten Crossroads/cd_mid_wall_detail_02.png
  artifactKey: Guid(30e89d8439af35e4ca4322cfc5ab4553) Importer(815301076,1909f56bfc062723c751e8b465ee728b)
Start importing Assets/Architecture & Environment/Area specfic architecture/Forgotten Crossroads/cd_mid_wall_detail_02.png using Guid(30e89d8439af35e4ca4322cfc5ab4553) Importer(815301076,1909f56bfc062723c751e8b465ee728b)  -> (artifact id: '71e9b3e708d0f19c9fce43cb35e2bf9b') in 0.027617 seconds
Number of updated asset objects reloaded before import = 0
Number of asset objects unloaded after import = 3
========================================================================
Received Import Request.
  Time since last request: 0.140603 seconds.
  path: Assets/Architecture & Environment/Area specfic architecture/Forgotten Crossroads/cd_mid_wall_detail_lamp_l.png
  artifactKey: Guid(9d5c7a98d286c0b4085cf5d220b69a0b) Importer(815301076,1909f56bfc062723c751e8b465ee728b)
Start importing Assets/Architecture & Environment/Area specfic architecture/Forgotten Crossroads/cd_mid_wall_detail_lamp_l.png using Guid(9d5c7a98d286c0b4085cf5d220b69a0b) Importer(815301076,1909f56bfc062723c751e8b465ee728b)  -> (artifact id: 'e03f1dd3628a6b90bea79d75ed6e3662') in 0.024797 seconds
Number of updated asset objects reloaded before import = 0
Number of asset objects unloaded after import = 3
========================================================================
Received Import Request.
  Time since last request: 0.039166 seconds.
  path: Assets/Architecture & Environment/Area specfic architecture/Forgotten Crossroads/cd_wall_01_r.png
  artifactKey: Guid(3917d526506bcd0408c5d4f88d5e91c7) Importer(815301076,1909f56bfc062723c751e8b465ee728b)
Start importing Assets/Architecture & Environment/Area specfic architecture/Forgotten Crossroads/cd_wall_01_r.png using Guid(3917d526506bcd0408c5d4f88d5e91c7) Importer(815301076,1909f56bfc062723c751e8b465ee728b)  -> (artifact id: 'f713ee61ce066319fe67a6c485510ee8') in 0.021101 seconds
Number of updated asset objects reloaded before import = 0
Number of asset objects unloaded after import = 3
========================================================================
Received Import Request.
  Time since last request: 0.343160 seconds.
  path: Assets/Architecture & Environment/Area specfic architecture/Forgotten Crossroads/cd_wall_04.png
  artifactKey: Guid(541485aa192ff384e8edcac2f5ccf201) Importer(815301076,1909f56bfc062723c751e8b465ee728b)
Start importing Assets/Architecture & Environment/Area specfic architecture/Forgotten Crossroads/cd_wall_04.png using Guid(541485aa192ff384e8edcac2f5ccf201) Importer(815301076,1909f56bfc062723c751e8b465ee728b)  -> (artifact id: '5b8db3081c419c42908785372a518ab3') in 0.025888 seconds
Number of updated asset objects reloaded before import = 0
Number of asset objects unloaded after import = 3
========================================================================
Received Import Request.
  Time since last request: 0.000027 seconds.
  path: Assets/Resources/Environments/Area specfic architecture/Howling Cliffs/cliff_mid_wall_main_0000_3.png
  artifactKey: Guid(c532b9e937ecdc44da4c77fdf3947418) Importer(815301076,1909f56bfc062723c751e8b465ee728b)
Start importing Assets/Resources/Environments/Area specfic architecture/Howling Cliffs/cliff_mid_wall_main_0000_3.png using Guid(c532b9e937ecdc44da4c77fdf3947418) Importer(815301076,1909f56bfc062723c751e8b465ee728b)  -> (artifact id: '61934d2596d074f964fa3b9c91f00b06') in 0.030121 seconds
Number of updated asset objects reloaded before import = 0
Number of asset objects unloaded after import = 3
========================================================================
Received Import Request.
  Time since last request: 0.000032 seconds.
  path: Assets/Resources/Environments/Area specfic architecture/Colosseum/col_break_wall.png
  artifactKey: Guid(c42f37f7e80e00a45a3a5ba1b927bc69) Importer(815301076,1909f56bfc062723c751e8b465ee728b)
Start importing Assets/Resources/Environments/Area specfic architecture/Colosseum/col_break_wall.png using Guid(c42f37f7e80e00a45a3a5ba1b927bc69) Importer(815301076,1909f56bfc062723c751e8b465ee728b)  -> (artifact id: '0111a74111b71c7524f3cc538a6eef48') in 0.031283 seconds
Number of updated asset objects reloaded before import = 0
Number of asset objects unloaded after import = 3
========================================================================
Received Import Request.
  Time since last request: 0.000031 seconds.
  path: Assets/Architecture & Environment/Area specfic architecture/Colosseum/colosseum_back_wall_extra.png
  artifactKey: Guid(93b134cac4eff0646899f6f11582cbb4) Importer(815301076,1909f56bfc062723c751e8b465ee728b)
Start importing Assets/Architecture & Environment/Area specfic architecture/Colosseum/colosseum_back_wall_extra.png using Guid(93b134cac4eff0646899f6f11582cbb4) Importer(815301076,1909f56bfc062723c751e8b465ee728b)  -> (artifact id: '4a03bad6e7282f7db51b17f9c2015390') in 0.028540 seconds
Number of updated asset objects reloaded before import = 0
Number of asset objects unloaded after import = 3
========================================================================
Received Import Request.
  Time since last request: 0.000062 seconds.
  path: Assets/Architecture & Environment/cr21_break_wall.png
  artifactKey: Guid(2f0870644b3f39240909079ede0451c9) Importer(815301076,1909f56bfc062723c751e8b465ee728b)
Start importing Assets/Architecture & Environment/cr21_break_wall.png using Guid(2f0870644b3f39240909079ede0451c9) Importer(815301076,1909f56bfc062723c751e8b465ee728b)  -> (artifact id: '2e82e20c93e1928456a373eb251da39b') in 0.030554 seconds
Number of updated asset objects reloaded before import = 0
Number of asset objects unloaded after import = 3
========================================================================
Received Import Request.
  Time since last request: 0.559781 seconds.
  path: Assets/Architecture & Environment/Area specfic architecture/Kingdom_s Edge/deep_east_city_wall.png
  artifactKey: Guid(1f30c908ca1f30044808d8d1dbda32cf) Importer(815301076,1909f56bfc062723c751e8b465ee728b)
Start importing Assets/Architecture & Environment/Area specfic architecture/Kingdom_s Edge/deep_east_city_wall.png using Guid(1f30c908ca1f30044808d8d1dbda32cf) Importer(815301076,1909f56bfc062723c751e8b465ee728b)  -> (artifact id: '73f82e21a29287fbfcf2d92546bb9278') in 0.024550 seconds
Number of updated asset objects reloaded before import = 0
Number of asset objects unloaded after import = 3
========================================================================
Received Import Request.
  Time since last request: 0.000028 seconds.
  path: Assets/Architecture & Environment/east_wall_break_0000_3.png
  artifactKey: Guid(3546464fb045c9045a103996e42fc143) Importer(815301076,1909f56bfc062723c751e8b465ee728b)
Start importing Assets/Architecture & Environment/east_wall_break_0000_3.png using Guid(3546464fb045c9045a103996e42fc143) Importer(815301076,1909f56bfc062723c751e8b465ee728b)  -> (artifact id: '3c967b29aa33fb1a6f744320e1aaf900') in 0.027304 seconds
Number of updated asset objects reloaded before import = 0
Number of asset objects unloaded after import = 3
========================================================================
Received Import Request.
  Time since last request: 0.000077 seconds.
  path: Assets/Architecture & Environment/east_wall_break_0002_1.png
  artifactKey: Guid(6bdca48f831bd734e8c60ad57faf80c7) Importer(815301076,1909f56bfc062723c751e8b465ee728b)
Start importing Assets/Architecture & Environment/east_wall_break_0002_1.png using Guid(6bdca48f831bd734e8c60ad57faf80c7) Importer(815301076,1909f56bfc062723c751e8b465ee728b)  -> (artifact id: '99362f500c7290c2400fff91dc588078') in 0.021582 seconds
Number of updated asset objects reloaded before import = 0
Number of asset objects unloaded after import = 3
========================================================================
Received Import Request.
  Time since last request: 0.273321 seconds.
  path: Assets/Architecture & Environment/Area specfic architecture/Fog Canyon/FC_set__0016_fog_canyon_wall_02.png
  artifactKey: Guid(5db1692664d0a534e9a56865463f00c3) Importer(815301076,1909f56bfc062723c751e8b465ee728b)
Start importing Assets/Architecture & Environment/Area specfic architecture/Fog Canyon/FC_set__0016_fog_canyon_wall_02.png using Guid(5db1692664d0a534e9a56865463f00c3) Importer(815301076,1909f56bfc062723c751e8b465ee728b)  -> (artifact id: '332842a1d2d5748ee05c6eb1f1783a48') in 0.023772 seconds
Number of updated asset objects reloaded before import = 0
Number of asset objects unloaded after import = 3
========================================================================
Received Import Request.
  Time since last request: 0.030230 seconds.
  path: Assets/Architecture & Environment/Area specfic architecture/Fog Canyon/FC_set__0017_fog_canyon_wall_01.png
  artifactKey: Guid(7fc27e26a30f003409ea152c5b9bd7f9) Importer(815301076,1909f56bfc062723c751e8b465ee728b)
Start importing Assets/Architecture & Environment/Area specfic architecture/Fog Canyon/FC_set__0017_fog_canyon_wall_01.png using Guid(7fc27e26a30f003409ea152c5b9bd7f9) Importer(815301076,1909f56bfc062723c751e8b465ee728b)  -> (artifact id: '17f4ec1f3417867cead41aa5947aa051') in 0.025791 seconds
Number of updated asset objects reloaded before import = 0
Number of asset objects unloaded after import = 3
========================================================================
Received Import Request.
  Time since last request: 0.000019 seconds.
  path: Assets/Resources/Environments/Area specfic architecture/Forgotten Crossroads/Temple of the Black Egg/final_boss_room_0031_boss_wall_01.png
  artifactKey: Guid(967d0ab5d5191264da5e90351f5cd9ef) Importer(815301076,1909f56bfc062723c751e8b465ee728b)
Start importing Assets/Resources/Environments/Area specfic architecture/Forgotten Crossroads/Temple of the Black Egg/final_boss_room_0031_boss_wall_01.png using Guid(967d0ab5d5191264da5e90351f5cd9ef) Importer(815301076,1909f56bfc062723c751e8b465ee728b)  -> (artifact id: '805fafc18411ca5d722aac50cf28488e') in 0.035164 seconds
Number of updated asset objects reloaded before import = 0
Number of asset objects unloaded after import = 3
========================================================================
Received Import Request.
  Time since last request: 0.489611 seconds.
  path: Assets/Architecture & Environment/Area specfic architecture/Forgotten Crossroads/Temple of the Black Egg/final_boss_room_0031_boss_wall_02.png
  artifactKey: Guid(3e9165e2be471244fa3ec4a72a0b85af) Importer(815301076,1909f56bfc062723c751e8b465ee728b)
Start importing Assets/Architecture & Environment/Area specfic architecture/Forgotten Crossroads/Temple of the Black Egg/final_boss_room_0031_boss_wall_02.png using Guid(3e9165e2be471244fa3ec4a72a0b85af) Importer(815301076,1909f56bfc062723c751e8b465ee728b)  -> (artifact id: '9cd58954446c49af280a75a4052110f7') in 0.026954 seconds
Number of updated asset objects reloaded before import = 0
Number of asset objects unloaded after import = 3
========================================================================
Received Import Request.
  Time since last request: 0.000025 seconds.
  path: Assets/Resources/Environments/Area specfic architecture/Forgotten Crossroads/FK_break__0001_wall_half_break.png
  artifactKey: Guid(b3c6f06dafc362a4896462e369ad6acc) Importer(815301076,1909f56bfc062723c751e8b465ee728b)
Start importing Assets/Resources/Environments/Area specfic architecture/Forgotten Crossroads/FK_break__0001_wall_half_break.png using Guid(b3c6f06dafc362a4896462e369ad6acc) Importer(815301076,1909f56bfc062723c751e8b465ee728b)  -> (artifact id: '3b8295e479d5adb78b54b4ea3ab9bbec') in 0.030309 seconds
Number of updated asset objects reloaded before import = 0
Number of asset objects unloaded after import = 3
========================================================================
Received Import Request.
  Time since last request: 0.000027 seconds.
  path: Assets/Resources/Environments/Area specfic architecture/Forgotten Crossroads/FK_break__0004_wall_break.png
  artifactKey: Guid(2a59082d442d6a044b4b70dfad5c7ae3) Importer(815301076,1909f56bfc062723c751e8b465ee728b)
Start importing Assets/Resources/Environments/Area specfic architecture/Forgotten Crossroads/FK_break__0004_wall_break.png using Guid(2a59082d442d6a044b4b70dfad5c7ae3) Importer(815301076,1909f56bfc062723c751e8b465ee728b)  -> (artifact id: '440827e7aaa2ace3ea58608efbe50a5d') in 0.029150 seconds
Number of updated asset objects reloaded before import = 0
Number of asset objects unloaded after import = 3
========================================================================
Received Import Request.
  Time since last request: 0.000028 seconds.
  path: Assets/Architecture & Environment/Area specfic architecture/Forgotten Crossroads/FK_break__0005_wall_back.png
  artifactKey: Guid(44ae2cbab3398c04590dd8a0f7418f3b) Importer(815301076,1909f56bfc062723c751e8b465ee728b)
Start importing Assets/Architecture & Environment/Area specfic architecture/Forgotten Crossroads/FK_break__0005_wall_back.png using Guid(44ae2cbab3398c04590dd8a0f7418f3b) Importer(815301076,1909f56bfc062723c751e8b465ee728b)  -> (artifact id: 'ee5bcadec1c462869fafa881edc8713b') in 0.026537 seconds
Number of updated asset objects reloaded before import = 0
Number of asset objects unloaded after import = 3
========================================================================
Received Import Request.
  Time since last request: 0.263693 seconds.
  path: Assets/Resources/Environments/Area specfic architecture/Forgotten Crossroads/FK_break__0006_wall_metal.png
  artifactKey: Guid(d8a8e251c31ee1540ae5eba4ac52db09) Importer(815301076,1909f56bfc062723c751e8b465ee728b)
Start importing Assets/Resources/Environments/Area specfic architecture/Forgotten Crossroads/FK_break__0006_wall_metal.png using Guid(d8a8e251c31ee1540ae5eba4ac52db09) Importer(815301076,1909f56bfc062723c751e8b465ee728b)  -> (artifact id: 'd45f2bb91f0badac5edd2bb13a015741') in 0.024299 seconds
Number of updated asset objects reloaded before import = 0
Number of asset objects unloaded after import = 3
========================================================================
Received Import Request.
  Time since last request: 0.000031 seconds.
  path: Assets/Architecture & Environment/fung_break_wall_02.png
  artifactKey: Guid(633f35c086e79e94ba26122b56b4a9d5) Importer(815301076,1909f56bfc062723c751e8b465ee728b)
Start importing Assets/Architecture & Environment/fung_break_wall_02.png using Guid(633f35c086e79e94ba26122b56b4a9d5) Importer(815301076,1909f56bfc062723c751e8b465ee728b)  -> (artifact id: '863ec93c8b174e622a03d5baa5b5589a') in 0.024215 seconds
Number of updated asset objects reloaded before import = 0
Number of asset objects unloaded after import = 3
========================================================================
Received Import Request.
  Time since last request: 0.322746 seconds.
  path: Assets/Architecture & Environment/Area specfic architecture/Greenpath/fung_pillar_wall_0000_3.png
  artifactKey: Guid(24fc342acd53d3d4aaf296c8e4e63414) Importer(815301076,1909f56bfc062723c751e8b465ee728b)
Start importing Assets/Architecture & Environment/Area specfic architecture/Greenpath/fung_pillar_wall_0000_3.png using Guid(24fc342acd53d3d4aaf296c8e4e63414) Importer(815301076,1909f56bfc062723c751e8b465ee728b)  -> (artifact id: '8a03f6e21c9da69b138279c033d66c6a') in 0.024211 seconds
Number of updated asset objects reloaded before import = 0
Number of asset objects unloaded after import = 3
========================================================================
Received Import Request.
  Time since last request: 0.000029 seconds.
  path: Assets/Architecture & Environment/Area specfic architecture/Greenpath/fung_pillar_wall_0001_2.png
  artifactKey: Guid(66fd23d8c50e49e428a3079a7cf50755) Importer(815301076,1909f56bfc062723c751e8b465ee728b)
Start importing Assets/Architecture & Environment/Area specfic architecture/Greenpath/fung_pillar_wall_0001_2.png using Guid(66fd23d8c50e49e428a3079a7cf50755) Importer(815301076,1909f56bfc062723c751e8b465ee728b)  -> (artifact id: 'f36e61c1938590a5462c8a9b9d61a131') in 0.027971 seconds
Number of updated asset objects reloaded before import = 0
Number of asset objects unloaded after import = 3
========================================================================
Received Import Request.
  Time since last request: 0.306644 seconds.
  path: Assets/Architecture & Environment/Area specfic architecture/Queen_s Gardens/fungd_greenhouse_wall_01.png
  artifactKey: Guid(5a0d38d9b5edfbe4dbf6bc3034aacdda) Importer(815301076,1909f56bfc062723c751e8b465ee728b)
Start importing Assets/Architecture & Environment/Area specfic architecture/Queen_s Gardens/fungd_greenhouse_wall_01.png using Guid(5a0d38d9b5edfbe4dbf6bc3034aacdda) Importer(815301076,1909f56bfc062723c751e8b465ee728b)  -> (artifact id: '26c342f115e515b6be41a7643a123a38') in 0.023335 seconds
Number of updated asset objects reloaded before import = 0
Number of asset objects unloaded after import = 3
========================================================================
Received Import Request.
  Time since last request: 0.000029 seconds.
  path: Assets/Architecture & Environment/Area specfic architecture/Queen_s Gardens/fungd_greenhouse_wall_bottom_01_wide.png
  artifactKey: Guid(6a6665e1299c90947bb7da3ed391ecfa) Importer(815301076,1909f56bfc062723c751e8b465ee728b)
Start importing Assets/Architecture & Environment/Area specfic architecture/Queen_s Gardens/fungd_greenhouse_wall_bottom_01_wide.png using Guid(6a6665e1299c90947bb7da3ed391ecfa) Importer(815301076,1909f56bfc062723c751e8b465ee728b)  -> (artifact id: '4d32ffec762178a9af40552bdd6b7937') in 0.024006 seconds
Number of updated asset objects reloaded before import = 0
Number of asset objects unloaded after import = 3
========================================================================
Received Import Request.
  Time since last request: 0.040444 seconds.
  path: Assets/Resources/Environments/Area specfic architecture/Queen_s Gardens/fungd_greenhouse_wall_top_01.png
  artifactKey: Guid(879766d0910429b46a851e096eef56f0) Importer(815301076,1909f56bfc062723c751e8b465ee728b)
Start importing Assets/Resources/Environments/Area specfic architecture/Queen_s Gardens/fungd_greenhouse_wall_top_01.png using Guid(879766d0910429b46a851e096eef56f0) Importer(815301076,1909f56bfc062723c751e8b465ee728b)  -> (artifact id: '2f7fe1641ef60814b01de2487f0434c3') in 0.025524 seconds
Number of updated asset objects reloaded before import = 0
Number of asset objects unloaded after import = 3
========================================================================
Received Import Request.
  Time since last request: 0.000025 seconds.
  path: Assets/Architecture & Environment/Area specfic architecture/Queen_s Gardens/fungd_wall_01_r.png
  artifactKey: Guid(ba5a30cea3a5f144e8ffc23daf80b105) Importer(815301076,1909f56bfc062723c751e8b465ee728b)
Start importing Assets/Architecture & Environment/Area specfic architecture/Queen_s Gardens/fungd_wall_01_r.png using Guid(ba5a30cea3a5f144e8ffc23daf80b105) Importer(815301076,1909f56bfc062723c751e8b465ee728b)  -> (artifact id: 'fadadd37f405f956dc123105581dfd26') in 0.026632 seconds
Number of updated asset objects reloaded before import = 0
Number of asset objects unloaded after import = 3
========================================================================
Received Import Request.
  Time since last request: 0.034715 seconds.
  path: Assets/Resources/Environments/Area specfic architecture/Queen_s Gardens/fungd_wall_01_r.png
  artifactKey: Guid(0fcf749c2b0ef9949ba6d4b7921c1789) Importer(815301076,1909f56bfc062723c751e8b465ee728b)
Start importing Assets/Resources/Environments/Area specfic architecture/Queen_s Gardens/fungd_wall_01_r.png using Guid(0fcf749c2b0ef9949ba6d4b7921c1789) Importer(815301076,1909f56bfc062723c751e8b465ee728b)  -> (artifact id: '4779373498303fd685ac04ea44246a2f') in 0.023637 seconds
Number of updated asset objects reloaded before import = 0
Number of asset objects unloaded after import = 3
========================================================================
Received Import Request.
  Time since last request: 0.000028 seconds.
  path: Assets/Resources/Environments/Area specfic architecture/Queen_s Gardens/fungd_wall_02_r.png
  artifactKey: Guid(f1f4bf0fb2fa3db4ab1e0f0e23915546) Importer(815301076,1909f56bfc062723c751e8b465ee728b)
Start importing Assets/Resources/Environments/Area specfic architecture/Queen_s Gardens/fungd_wall_02_r.png using Guid(f1f4bf0fb2fa3db4ab1e0f0e23915546) Importer(815301076,1909f56bfc062723c751e8b465ee728b)  -> (artifact id: 'dd1b5609e44e213772a7dbfe20d1f5b9') in 0.029859 seconds
Number of updated asset objects reloaded before import = 0
Number of asset objects unloaded after import = 3
========================================================================
Received Import Request.
  Time since last request: 0.730269 seconds.
  path: Assets/Architecture & Environment/Area specfic architecture/Queen_s Gardens/fungd_wall_02_r.png
  artifactKey: Guid(4d68ed010ea3e3d4780a234a5ee8713f) Importer(815301076,1909f56bfc062723c751e8b465ee728b)
Start importing Assets/Architecture & Environment/Area specfic architecture/Queen_s Gardens/fungd_wall_02_r.png using Guid(4d68ed010ea3e3d4780a234a5ee8713f) Importer(815301076,1909f56bfc062723c751e8b465ee728b)  -> (artifact id: '85fd77c18c9b7b90fa99417587952101') in 0.023972 seconds
Number of updated asset objects reloaded before import = 0
Number of asset objects unloaded after import = 3
========================================================================
Received Import Request.
  Time since last request: 0.000025 seconds.
  path: Assets/Resources/Environments/Area specfic architecture/Queen_s Gardens/fungd_wall_06.png
  artifactKey: Guid(e2e1fd13059f571448e23498e4459e1b) Importer(815301076,1909f56bfc062723c751e8b465ee728b)
Start importing Assets/Resources/Environments/Area specfic architecture/Queen_s Gardens/fungd_wall_06.png using Guid(e2e1fd13059f571448e23498e4459e1b) Importer(815301076,1909f56bfc062723c751e8b465ee728b)  -> (artifact id: '6445b69610b976aba9550944541a8176') in 0.028237 seconds
Number of updated asset objects reloaded before import = 0
Number of asset objects unloaded after import = 3
Editor requested this worker to shutdown with reason: Scaling down because of idle timeout
TcpMessagingSession - receive error: operation aborted. errorcode: 995, details: The I/O operation has been aborted because of either a thread exit or an application request.
AssetImportWorker is now disconnected from the server
Process exiting
Exiting without the bug reporter. Application will terminate with return code 0